Running Hadoop from /mnt/hadoop-2.6.0
Running query: Q3.1  70 1 0 4
15/08/05 23:23:07 WARN util.NativeCodeLoader: Unable to load native-hadoop library for your platform... using builtin-java classes where applicable
15/08/05 23:23:11 INFO client.RMProxy: Connecting to ResourceManager at node-10/10.22.0.10:8032
15/08/05 23:23:13 WARN mapreduce.JobSubmitter: Hadoop command-line option parsing not performed. Implement the Tool interface and execute your application with ToolRunner to remedy this.
15/08/05 23:23:13 INFO input.FileInputFormat: Total input paths to process : 1
15/08/05 23:23:14 INFO input.FileInputFormat: Total input paths to process : 1
15/08/05 23:23:14 INFO input.FileInputFormat: Total input paths to process : 1
15/08/05 23:23:14 INFO input.FileInputFormat: Total input paths to process : 1
15/08/05 23:23:15 INFO mapreduce.JobSubmitter: number of splits:477
15/08/05 23:23:15 INFO mapreduce.JobSubmitter: Submitting tokens for job: job_1438789174539_0058
15/08/05 23:23:16 INFO impl.YarnClientImpl: Submitted application application_1438789174539_0058
15/08/05 23:23:16 INFO mapreduce.Job: The url to track the job: http://node-10:8088/proxy/application_1438789174539_0058/
15/08/05 23:23:16 INFO mapreduce.Job: Running job: job_1438789174539_0058
15/08/05 23:23:44 INFO mapreduce.Job: Job job_1438789174539_0058 running in uber mode : false
15/08/05 23:23:44 INFO mapreduce.Job:  map 0% reduce 0%
15/08/05 23:24:31 INFO mapreduce.Job:  map 1% reduce 0%
15/08/05 23:24:36 INFO mapreduce.Job:  map 2% reduce 0%
15/08/05 23:24:40 INFO mapreduce.Job:  map 3% reduce 0%
15/08/05 23:24:43 INFO mapreduce.Job:  map 4% reduce 0%
15/08/05 23:24:47 INFO mapreduce.Job:  map 5% reduce 0%
15/08/05 23:24:50 INFO mapreduce.Job:  map 6% reduce 0%
15/08/05 23:24:55 INFO mapreduce.Job:  map 7% reduce 0%
15/08/05 23:24:58 INFO mapreduce.Job:  map 8% reduce 0%
15/08/05 23:25:02 INFO mapreduce.Job:  map 9% reduce 0%
15/08/05 23:25:06 INFO mapreduce.Job:  map 10% reduce 0%
15/08/05 23:25:11 INFO mapreduce.Job:  map 11% reduce 0%
15/08/05 23:25:17 INFO mapreduce.Job:  map 12% reduce 0%
15/08/05 23:25:19 INFO mapreduce.Job:  map 13% reduce 0%
15/08/05 23:25:21 INFO mapreduce.Job:  map 14% reduce 0%
15/08/05 23:25:26 INFO mapreduce.Job:  map 15% reduce 0%
15/08/05 23:25:29 INFO mapreduce.Job:  map 16% reduce 0%
15/08/05 23:25:40 INFO mapreduce.Job:  map 17% reduce 0%
15/08/05 23:25:48 INFO mapreduce.Job:  map 18% reduce 0%
15/08/05 23:25:53 INFO mapreduce.Job:  map 19% reduce 0%
15/08/05 23:25:58 INFO mapreduce.Job:  map 20% reduce 0%
15/08/05 23:26:03 INFO mapreduce.Job:  map 21% reduce 0%
15/08/05 23:26:08 INFO mapreduce.Job:  map 22% reduce 0%
15/08/05 23:26:13 INFO mapreduce.Job:  map 23% reduce 0%
15/08/05 23:26:17 INFO mapreduce.Job:  map 24% reduce 0%
15/08/05 23:26:22 INFO mapreduce.Job:  map 25% reduce 0%
15/08/05 23:26:28 INFO mapreduce.Job:  map 26% reduce 0%
15/08/05 23:26:34 INFO mapreduce.Job:  map 27% reduce 0%
15/08/05 23:26:39 INFO mapreduce.Job:  map 28% reduce 0%
15/08/05 23:26:43 INFO mapreduce.Job:  map 29% reduce 0%
15/08/05 23:26:45 INFO mapreduce.Job:  map 30% reduce 0%
15/08/05 23:26:50 INFO mapreduce.Job:  map 31% reduce 0%
15/08/05 23:26:57 INFO mapreduce.Job:  map 32% reduce 0%
15/08/05 23:27:05 INFO mapreduce.Job:  map 33% reduce 0%
15/08/05 23:27:14 INFO mapreduce.Job:  map 34% reduce 0%
15/08/05 23:27:20 INFO mapreduce.Job:  map 35% reduce 0%
15/08/05 23:27:26 INFO mapreduce.Job:  map 36% reduce 0%
15/08/05 23:27:31 INFO mapreduce.Job:  map 37% reduce 0%
15/08/05 23:27:36 INFO mapreduce.Job:  map 38% reduce 0%
15/08/05 23:27:42 INFO mapreduce.Job:  map 39% reduce 0%
15/08/05 23:27:44 INFO mapreduce.Job:  map 39% reduce 1%
15/08/05 23:27:46 INFO mapreduce.Job:  map 40% reduce 1%
15/08/05 23:27:54 INFO mapreduce.Job:  map 41% reduce 1%
15/08/05 23:28:01 INFO mapreduce.Job:  map 42% reduce 1%
15/08/05 23:28:05 INFO mapreduce.Job:  map 43% reduce 1%
15/08/05 23:28:13 INFO mapreduce.Job:  map 44% reduce 1%
15/08/05 23:28:20 INFO mapreduce.Job:  map 45% reduce 1%
15/08/05 23:28:26 INFO mapreduce.Job:  map 46% reduce 1%
15/08/05 23:28:31 INFO mapreduce.Job:  map 47% reduce 1%
15/08/05 23:28:41 INFO mapreduce.Job:  map 48% reduce 1%
15/08/05 23:28:49 INFO mapreduce.Job:  map 49% reduce 1%
15/08/05 23:28:56 INFO mapreduce.Job:  map 50% reduce 1%
15/08/05 23:29:01 INFO mapreduce.Job:  map 51% reduce 1%
15/08/05 23:29:09 INFO mapreduce.Job:  map 52% reduce 1%
15/08/05 23:29:14 INFO mapreduce.Job:  map 53% reduce 1%
15/08/05 23:29:21 INFO mapreduce.Job:  map 54% reduce 1%
15/08/05 23:29:28 INFO mapreduce.Job:  map 55% reduce 1%
15/08/05 23:29:36 INFO mapreduce.Job:  map 56% reduce 1%
15/08/05 23:29:42 INFO mapreduce.Job:  map 57% reduce 1%
15/08/05 23:29:47 INFO mapreduce.Job:  map 58% reduce 1%
15/08/05 23:29:55 INFO mapreduce.Job:  map 59% reduce 1%
15/08/05 23:30:01 INFO mapreduce.Job:  map 60% reduce 1%
15/08/05 23:30:09 INFO mapreduce.Job:  map 61% reduce 1%
15/08/05 23:30:17 INFO mapreduce.Job:  map 62% reduce 1%
15/08/05 23:30:27 INFO mapreduce.Job:  map 63% reduce 1%
15/08/05 23:30:32 INFO mapreduce.Job:  map 64% reduce 1%
15/08/05 23:30:39 INFO mapreduce.Job:  map 65% reduce 1%
15/08/05 23:30:45 INFO mapreduce.Job:  map 66% reduce 1%
15/08/05 23:30:51 INFO mapreduce.Job:  map 67% reduce 1%
15/08/05 23:30:57 INFO mapreduce.Job:  map 68% reduce 1%
15/08/05 23:31:07 INFO mapreduce.Job:  map 69% reduce 1%
15/08/05 23:31:11 INFO mapreduce.Job:  map 69% reduce 2%
15/08/05 23:31:15 INFO mapreduce.Job:  map 70% reduce 2%
15/08/05 23:31:23 INFO mapreduce.Job:  map 71% reduce 2%
15/08/05 23:31:31 INFO mapreduce.Job:  map 72% reduce 2%
15/08/05 23:31:40 INFO mapreduce.Job:  map 73% reduce 2%
15/08/05 23:31:48 INFO mapreduce.Job:  map 74% reduce 2%
15/08/05 23:31:58 INFO mapreduce.Job:  map 75% reduce 2%
15/08/05 23:32:05 INFO mapreduce.Job:  map 76% reduce 2%
15/08/05 23:32:15 INFO mapreduce.Job:  map 77% reduce 2%
15/08/05 23:32:21 INFO mapreduce.Job:  map 78% reduce 2%
15/08/05 23:32:29 INFO mapreduce.Job:  map 79% reduce 2%
15/08/05 23:32:36 INFO mapreduce.Job:  map 80% reduce 2%
15/08/05 23:32:45 INFO mapreduce.Job:  map 81% reduce 2%
15/08/05 23:32:52 INFO mapreduce.Job:  map 82% reduce 2%
15/08/05 23:32:59 INFO mapreduce.Job:  map 83% reduce 2%
15/08/05 23:33:08 INFO mapreduce.Job:  map 84% reduce 2%
15/08/05 23:33:17 INFO mapreduce.Job:  map 85% reduce 2%
15/08/05 23:33:28 INFO mapreduce.Job:  map 86% reduce 2%
15/08/05 23:33:36 INFO mapreduce.Job:  map 87% reduce 2%
15/08/05 23:33:45 INFO mapreduce.Job:  map 88% reduce 2%
15/08/05 23:33:56 INFO mapreduce.Job:  map 89% reduce 2%
15/08/05 23:34:07 INFO mapreduce.Job:  map 90% reduce 2%
15/08/05 23:34:19 INFO mapreduce.Job:  map 91% reduce 2%
15/08/05 23:34:29 INFO mapreduce.Job:  map 92% reduce 2%
15/08/05 23:34:40 INFO mapreduce.Job:  map 93% reduce 2%
15/08/05 23:34:48 INFO mapreduce.Job:  map 94% reduce 2%
15/08/05 23:34:58 INFO mapreduce.Job:  map 95% reduce 2%
15/08/05 23:35:05 INFO mapreduce.Job:  map 96% reduce 2%
15/08/05 23:35:12 INFO mapreduce.Job:  map 97% reduce 2%
15/08/05 23:35:19 INFO mapreduce.Job:  map 98% reduce 2%
15/08/05 23:35:21 INFO mapreduce.Job:  map 98% reduce 3%
15/08/05 23:35:26 INFO mapreduce.Job:  map 99% reduce 3%
15/08/05 23:35:37 INFO mapreduce.Job:  map 100% reduce 3%
15/08/05 23:35:44 INFO mapreduce.Job:  map 100% reduce 4%
15/08/05 23:36:00 INFO mapreduce.Job:  map 100% reduce 5%
15/08/05 23:36:01 INFO mapreduce.Job:  map 100% reduce 6%
15/08/05 23:36:02 INFO mapreduce.Job:  map 100% reduce 7%
15/08/05 23:36:03 INFO mapreduce.Job:  map 100% reduce 8%
15/08/05 23:36:05 INFO mapreduce.Job:  map 100% reduce 9%
15/08/05 23:36:11 INFO mapreduce.Job:  map 100% reduce 10%
15/08/05 23:36:14 INFO mapreduce.Job:  map 100% reduce 11%
15/08/05 23:36:17 INFO mapreduce.Job:  map 100% reduce 12%
15/08/05 23:36:20 INFO mapreduce.Job:  map 100% reduce 13%
15/08/05 23:36:25 INFO mapreduce.Job:  map 100% reduce 14%
15/08/05 23:36:35 INFO mapreduce.Job:  map 100% reduce 15%
15/08/05 23:36:38 INFO mapreduce.Job:  map 100% reduce 16%
15/08/05 23:36:39 INFO mapreduce.Job:  map 100% reduce 17%
15/08/05 23:36:40 INFO mapreduce.Job:  map 100% reduce 18%
15/08/05 23:36:41 INFO mapreduce.Job:  map 100% reduce 19%
15/08/05 23:36:43 INFO mapreduce.Job:  map 100% reduce 20%
15/08/05 23:36:45 INFO mapreduce.Job:  map 100% reduce 21%
15/08/05 23:36:47 INFO mapreduce.Job:  map 100% reduce 22%
15/08/05 23:36:49 INFO mapreduce.Job:  map 100% reduce 23%
15/08/05 23:36:51 INFO mapreduce.Job:  map 100% reduce 24%
15/08/05 23:36:55 INFO mapreduce.Job:  map 100% reduce 25%
15/08/05 23:36:58 INFO mapreduce.Job:  map 100% reduce 26%
15/08/05 23:37:02 INFO mapreduce.Job:  map 100% reduce 27%
15/08/05 23:37:07 INFO mapreduce.Job:  map 100% reduce 28%
15/08/05 23:37:15 INFO mapreduce.Job:  map 100% reduce 29%
15/08/05 23:37:18 INFO mapreduce.Job:  map 100% reduce 30%
15/08/05 23:37:20 INFO mapreduce.Job:  map 100% reduce 31%
15/08/05 23:37:21 INFO mapreduce.Job:  map 100% reduce 32%
15/08/05 23:37:23 INFO mapreduce.Job:  map 100% reduce 33%
15/08/05 23:37:25 INFO mapreduce.Job:  map 100% reduce 34%
15/08/05 23:37:27 INFO mapreduce.Job:  map 100% reduce 35%
15/08/05 23:37:30 INFO mapreduce.Job:  map 100% reduce 36%
15/08/05 23:37:33 INFO mapreduce.Job:  map 100% reduce 37%
15/08/05 23:37:34 INFO mapreduce.Job:  map 100% reduce 38%
15/08/05 23:37:36 INFO mapreduce.Job:  map 100% reduce 39%
15/08/05 23:37:40 INFO mapreduce.Job:  map 100% reduce 40%
15/08/05 23:37:43 INFO mapreduce.Job:  map 100% reduce 41%
15/08/05 23:37:49 INFO mapreduce.Job:  map 100% reduce 42%
15/08/05 23:37:54 INFO mapreduce.Job:  map 100% reduce 43%
15/08/05 23:37:59 INFO mapreduce.Job:  map 100% reduce 44%
15/08/05 23:38:01 INFO mapreduce.Job:  map 100% reduce 45%
15/08/05 23:38:03 INFO mapreduce.Job:  map 100% reduce 46%
15/08/05 23:38:05 INFO mapreduce.Job:  map 100% reduce 47%
15/08/05 23:38:08 INFO mapreduce.Job:  map 100% reduce 48%
15/08/05 23:38:10 INFO mapreduce.Job:  map 100% reduce 49%
15/08/05 23:38:13 INFO mapreduce.Job:  map 100% reduce 50%
15/08/05 23:38:15 INFO mapreduce.Job:  map 100% reduce 51%
15/08/05 23:38:16 INFO mapreduce.Job:  map 100% reduce 52%
15/08/05 23:38:18 INFO mapreduce.Job:  map 100% reduce 53%
15/08/05 23:38:22 INFO mapreduce.Job:  map 100% reduce 54%
15/08/05 23:38:27 INFO mapreduce.Job:  map 100% reduce 55%
15/08/05 23:38:33 INFO mapreduce.Job:  map 100% reduce 56%
15/08/05 23:38:35 INFO mapreduce.Job:  map 100% reduce 57%
15/08/05 23:38:40 INFO mapreduce.Job:  map 100% reduce 58%
15/08/05 23:38:42 INFO mapreduce.Job:  map 100% reduce 59%
15/08/05 23:38:43 INFO mapreduce.Job:  map 100% reduce 60%
15/08/05 23:38:46 INFO mapreduce.Job:  map 100% reduce 61%
15/08/05 23:38:49 INFO mapreduce.Job:  map 100% reduce 62%
15/08/05 23:38:52 INFO mapreduce.Job:  map 100% reduce 63%
15/08/05 23:38:55 INFO mapreduce.Job:  map 100% reduce 64%
15/08/05 23:38:57 INFO mapreduce.Job:  map 100% reduce 65%
15/08/05 23:39:00 INFO mapreduce.Job:  map 100% reduce 66%
15/08/05 23:39:02 INFO mapreduce.Job:  map 100% reduce 67%
15/08/05 23:39:05 INFO mapreduce.Job:  map 100% reduce 68%
15/08/05 23:39:10 INFO mapreduce.Job:  map 100% reduce 69%
15/08/05 23:39:17 INFO mapreduce.Job:  map 100% reduce 70%
15/08/05 23:39:19 INFO mapreduce.Job:  map 100% reduce 71%
15/08/05 23:39:20 INFO mapreduce.Job:  map 100% reduce 72%
15/08/05 23:39:22 INFO mapreduce.Job:  map 100% reduce 73%
15/08/05 23:39:24 INFO mapreduce.Job:  map 100% reduce 74%
15/08/05 23:39:26 INFO mapreduce.Job:  map 100% reduce 75%
15/08/05 23:39:29 INFO mapreduce.Job:  map 100% reduce 76%
15/08/05 23:39:32 INFO mapreduce.Job:  map 100% reduce 77%
15/08/05 23:39:34 INFO mapreduce.Job:  map 100% reduce 78%
15/08/05 23:39:37 INFO mapreduce.Job:  map 100% reduce 79%
15/08/05 23:39:40 INFO mapreduce.Job:  map 100% reduce 80%
15/08/05 23:39:44 INFO mapreduce.Job:  map 100% reduce 81%
15/08/05 23:39:47 INFO mapreduce.Job:  map 100% reduce 82%
15/08/05 23:39:53 INFO mapreduce.Job:  map 100% reduce 83%
15/08/05 23:39:55 INFO mapreduce.Job:  map 100% reduce 84%
15/08/05 23:39:58 INFO mapreduce.Job:  map 100% reduce 85%
15/08/05 23:40:00 INFO mapreduce.Job:  map 100% reduce 86%
15/08/05 23:40:02 INFO mapreduce.Job:  map 100% reduce 87%
15/08/05 23:40:05 INFO mapreduce.Job:  map 100% reduce 88%
15/08/05 23:40:08 INFO mapreduce.Job:  map 100% reduce 89%
15/08/05 23:40:10 INFO mapreduce.Job:  map 100% reduce 90%
15/08/05 23:40:12 INFO mapreduce.Job:  map 100% reduce 91%
15/08/05 23:40:16 INFO mapreduce.Job:  map 100% reduce 92%
15/08/05 23:40:19 INFO mapreduce.Job:  map 100% reduce 93%
15/08/05 23:40:22 INFO mapreduce.Job:  map 100% reduce 94%
15/08/05 23:40:23 INFO mapreduce.Job:  map 100% reduce 95%
15/08/05 23:40:28 INFO mapreduce.Job:  map 100% reduce 96%
15/08/05 23:40:30 INFO mapreduce.Job:  map 100% reduce 97%
15/08/05 23:40:35 INFO mapreduce.Job:  map 100% reduce 98%
15/08/05 23:40:39 INFO mapreduce.Job:  map 100% reduce 99%
15/08/05 23:40:46 INFO mapreduce.Job:  map 100% reduce 100%
15/08/05 23:40:57 INFO mapreduce.Job: Job job_1438789174539_0058 completed successfully
15/08/05 23:40:57 INFO mapreduce.Job: Counters: 51
	File System Counters
		FILE: Number of bytes read=21205204191
		FILE: Number of bytes written=42339241102
		FILE: Number of read operations=0
		FILE: Number of large read operations=0
		FILE: Number of write operations=0
		HDFS: Number of bytes read=63658132005
		HDFS: Number of bytes written=598406528
		HDFS: Number of read operations=2271
		HDFS: Number of large read operations=0
		HDFS: Number of write operations=560
	Job Counters 
		Killed reduce tasks=2
		Launched map tasks=477
		Launched reduce tasks=282
		Data-local map tasks=395
		Rack-local map tasks=82
		Total time spent by all maps in occupied slots (ms)=31064773
		Total time spent by all reduces in occupied slots (ms)=42697546
		Total time spent by all map tasks (ms)=31064773
		Total time spent by all reduce tasks (ms)=21348773
		Total vcore-seconds taken by all map tasks=31064773
		Total vcore-seconds taken by all reduce tasks=21348773
		Total megabyte-seconds taken by all map tasks=47715491328
		Total megabyte-seconds taken by all reduce tasks=65583430656
	Map-Reduce Framework
		Map input records=603240458
		Map output records=605860056
		Map output bytes=19883604890
		Map output materialized bytes=21096126362
		Input split bytes=121625
		Combine input records=0
		Combine output records=0
		Reduce input groups=605853994
		Reduce shuffle bytes=21096126362
		Reduce input records=605860056
		Reduce output records=21948801
		Spilled Records=1214528442
		Shuffled Maps =133560
		Failed Shuffles=0
		Merged Map outputs=133560
		GC time elapsed (ms)=1346632
		CPU time spent (ms)=21864740
		Physical memory (bytes) snapshot=516809138176
		Virtual memory (bytes) snapshot=1749208326144
		Total committed heap usage (bytes)=483154264064
	Shuffle Errors
		BAD_ID=0
		CONNECTION=0
		IO_ERROR=0
		WRONG_LENGTH=0
		WRONG_MAP=0
		WRONG_REDUCE=0
	File Input Format Counters 
		Bytes Read=0
	File Output Format Counters 
		Bytes Written=598406528
15/08/05 23:40:57 INFO client.RMProxy: Connecting to ResourceManager at node-10/10.22.0.10:8032
15/08/05 23:40:57 WARN mapreduce.JobSubmitter: Hadoop command-line option parsing not performed. Implement the Tool interface and execute your application with ToolRunner to remedy this.
15/08/05 23:40:57 INFO input.FileInputFormat: Total input paths to process : 280
15/08/05 23:40:57 INFO mapreduce.JobSubmitter: number of splits:280
15/08/05 23:40:58 INFO mapreduce.JobSubmitter: Submitting tokens for job: job_1438789174539_0059
15/08/05 23:40:58 INFO impl.YarnClientImpl: Submitted application application_1438789174539_0059
15/08/05 23:40:58 INFO mapreduce.Job: The url to track the job: http://node-10:8088/proxy/application_1438789174539_0059/
15/08/05 23:40:58 INFO mapreduce.Job: Running job: job_1438789174539_0059
15/08/05 23:41:21 INFO mapreduce.Job: Job job_1438789174539_0059 running in uber mode : false
15/08/05 23:41:21 INFO mapreduce.Job:  map 0% reduce 0%
15/08/05 23:41:46 INFO mapreduce.Job:  map 1% reduce 0%
15/08/05 23:41:54 INFO mapreduce.Job:  map 2% reduce 0%
15/08/05 23:41:55 INFO mapreduce.Job:  map 3% reduce 0%
15/08/05 23:41:56 INFO mapreduce.Job:  map 4% reduce 0%
15/08/05 23:41:57 INFO mapreduce.Job:  map 7% reduce 0%
15/08/05 23:41:58 INFO mapreduce.Job:  map 10% reduce 0%
15/08/05 23:41:59 INFO mapreduce.Job:  map 15% reduce 0%
15/08/05 23:42:01 INFO mapreduce.Job:  map 18% reduce 0%
15/08/05 23:42:02 INFO mapreduce.Job:  map 22% reduce 0%
15/08/05 23:42:03 INFO mapreduce.Job:  map 23% reduce 0%
15/08/05 23:42:04 INFO mapreduce.Job:  map 25% reduce 0%
15/08/05 23:42:05 INFO mapreduce.Job:  map 27% reduce 0%
15/08/05 23:42:06 INFO mapreduce.Job:  map 28% reduce 0%
15/08/05 23:42:09 INFO mapreduce.Job:  map 29% reduce 0%
15/08/05 23:42:16 INFO mapreduce.Job:  map 30% reduce 0%
15/08/05 23:42:20 INFO mapreduce.Job:  map 31% reduce 0%
15/08/05 23:42:23 INFO mapreduce.Job:  map 32% reduce 0%
15/08/05 23:42:24 INFO mapreduce.Job:  map 33% reduce 0%
15/08/05 23:42:25 INFO mapreduce.Job:  map 35% reduce 11%
15/08/05 23:42:26 INFO mapreduce.Job:  map 36% reduce 11%
15/08/05 23:42:27 INFO mapreduce.Job:  map 37% reduce 11%
15/08/05 23:42:29 INFO mapreduce.Job:  map 38% reduce 12%
15/08/05 23:42:30 INFO mapreduce.Job:  map 42% reduce 12%
15/08/05 23:42:31 INFO mapreduce.Job:  map 44% reduce 12%
15/08/05 23:42:32 INFO mapreduce.Job:  map 46% reduce 12%
15/08/05 23:42:33 INFO mapreduce.Job:  map 48% reduce 12%
15/08/05 23:42:34 INFO mapreduce.Job:  map 49% reduce 12%
15/08/05 23:42:35 INFO mapreduce.Job:  map 52% reduce 15%
15/08/05 23:42:36 INFO mapreduce.Job:  map 53% reduce 15%
15/08/05 23:42:37 INFO mapreduce.Job:  map 54% reduce 18%
15/08/05 23:42:39 INFO mapreduce.Job:  map 55% reduce 18%
15/08/05 23:42:41 INFO mapreduce.Job:  map 57% reduce 18%
15/08/05 23:42:42 INFO mapreduce.Job:  map 58% reduce 18%
15/08/05 23:42:44 INFO mapreduce.Job:  map 58% reduce 19%
15/08/05 23:42:49 INFO mapreduce.Job:  map 59% reduce 19%
15/08/05 23:42:51 INFO mapreduce.Job:  map 59% reduce 20%
15/08/05 23:42:52 INFO mapreduce.Job:  map 60% reduce 20%
15/08/05 23:42:54 INFO mapreduce.Job:  map 62% reduce 20%
15/08/05 23:42:55 INFO mapreduce.Job:  map 63% reduce 20%
15/08/05 23:42:57 INFO mapreduce.Job:  map 65% reduce 21%
15/08/05 23:42:58 INFO mapreduce.Job:  map 67% reduce 21%
15/08/05 23:42:59 INFO mapreduce.Job:  map 70% reduce 21%
15/08/05 23:43:00 INFO mapreduce.Job:  map 71% reduce 23%
15/08/05 23:43:01 INFO mapreduce.Job:  map 73% reduce 23%
15/08/05 23:43:02 INFO mapreduce.Job:  map 74% reduce 23%
15/08/05 23:43:03 INFO mapreduce.Job:  map 76% reduce 24%
15/08/05 23:43:04 INFO mapreduce.Job:  map 77% reduce 24%
15/08/05 23:43:05 INFO mapreduce.Job:  map 78% reduce 24%
15/08/05 23:43:06 INFO mapreduce.Job:  map 79% reduce 26%
15/08/05 23:43:08 INFO mapreduce.Job:  map 80% reduce 26%
15/08/05 23:43:09 INFO mapreduce.Job:  map 81% reduce 26%
15/08/05 23:43:10 INFO mapreduce.Job:  map 82% reduce 26%
15/08/05 23:43:11 INFO mapreduce.Job:  map 83% reduce 26%
15/08/05 23:43:13 INFO mapreduce.Job:  map 85% reduce 27%
15/08/05 23:43:14 INFO mapreduce.Job:  map 86% reduce 27%
15/08/05 23:43:16 INFO mapreduce.Job:  map 87% reduce 29%
15/08/05 23:43:17 INFO mapreduce.Job:  map 89% reduce 29%
15/08/05 23:43:19 INFO mapreduce.Job:  map 90% reduce 30%
15/08/05 23:43:20 INFO mapreduce.Job:  map 91% reduce 30%
15/08/05 23:43:21 INFO mapreduce.Job:  map 93% reduce 30%
15/08/05 23:43:22 INFO mapreduce.Job:  map 95% reduce 31%
15/08/05 23:43:23 INFO mapreduce.Job:  map 96% reduce 31%
15/08/05 23:43:24 INFO mapreduce.Job:  map 97% reduce 31%
15/08/05 23:43:25 INFO mapreduce.Job:  map 98% reduce 32%
15/08/05 23:43:27 INFO mapreduce.Job:  map 99% reduce 32%
15/08/05 23:43:28 INFO mapreduce.Job:  map 99% reduce 33%
15/08/05 23:43:30 INFO mapreduce.Job:  map 100% reduce 33%
15/08/05 23:43:34 INFO mapreduce.Job:  map 100% reduce 37%
15/08/05 23:43:37 INFO mapreduce.Job:  map 100% reduce 41%
15/08/05 23:43:40 INFO mapreduce.Job:  map 100% reduce 45%
15/08/05 23:43:43 INFO mapreduce.Job:  map 100% reduce 49%
15/08/05 23:43:46 INFO mapreduce.Job:  map 100% reduce 54%
15/08/05 23:43:49 INFO mapreduce.Job:  map 100% reduce 57%
15/08/05 23:43:52 INFO mapreduce.Job:  map 100% reduce 61%
15/08/05 23:43:55 INFO mapreduce.Job:  map 100% reduce 65%
15/08/05 23:43:58 INFO mapreduce.Job:  map 100% reduce 68%
15/08/05 23:44:01 INFO mapreduce.Job:  map 100% reduce 71%
15/08/05 23:44:04 INFO mapreduce.Job:  map 100% reduce 74%
15/08/05 23:44:07 INFO mapreduce.Job:  map 100% reduce 78%
15/08/05 23:44:10 INFO mapreduce.Job:  map 100% reduce 81%
15/08/05 23:44:13 INFO mapreduce.Job:  map 100% reduce 84%
15/08/05 23:44:16 INFO mapreduce.Job:  map 100% reduce 88%
15/08/05 23:44:19 INFO mapreduce.Job:  map 100% reduce 91%
15/08/05 23:44:22 INFO mapreduce.Job:  map 100% reduce 94%
15/08/05 23:44:25 INFO mapreduce.Job:  map 100% reduce 97%
15/08/05 23:44:28 INFO mapreduce.Job:  map 100% reduce 100%
15/08/05 23:44:28 INFO mapreduce.Job: Job job_1438789174539_0059 completed successfully
15/08/05 23:44:28 INFO mapreduce.Job: Counters: 51
	File System Counters
		FILE: Number of bytes read=642304136
		FILE: Number of bytes written=1314595289
		FILE: Number of read operations=0
		FILE: Number of large read operations=0
		FILE: Number of write operations=0
		HDFS: Number of bytes read=598438728
		HDFS: Number of bytes written=4860
		HDFS: Number of read operations=843
		HDFS: Number of large read operations=0
		HDFS: Number of write operations=2
	Job Counters 
		Killed map tasks=1
		Launched map tasks=281
		Launched reduce tasks=1
		Data-local map tasks=276
		Rack-local map tasks=5
		Total time spent by all maps in occupied slots (ms)=8013377
		Total time spent by all reduces in occupied slots (ms)=288114
		Total time spent by all map tasks (ms)=8013377
		Total time spent by all reduce tasks (ms)=144057
		Total vcore-seconds taken by all map tasks=8013377
		Total vcore-seconds taken by all reduce tasks=144057
		Total megabyte-seconds taken by all map tasks=12308547072
		Total megabyte-seconds taken by all reduce tasks=442543104
	Map-Reduce Framework
		Map input records=21948801
		Map output records=21948801
		Map output bytes=598406528
		Map output materialized bytes=642305810
		Input split bytes=32200
		Combine input records=0
		Combine output records=0
		Reduce input groups=150
		Reduce shuffle bytes=642305810
		Reduce input records=21948801
		Reduce output records=150
		Spilled Records=43897602
		Shuffled Maps =280
		Failed Shuffles=0
		Merged Map outputs=280
		GC time elapsed (ms)=155423
		CPU time spent (ms)=1041220
		Physical memory (bytes) snapshot=72921878528
		Virtual memory (bytes) snapshot=512689991680
		Total committed heap usage (bytes)=79342600192
	Shuffle Errors
		BAD_ID=0
		CONNECTION=0
		IO_ERROR=0
		WRONG_LENGTH=0
		WRONG_MAP=0
		WRONG_REDUCE=0
	File Input Format Counters 
		Bytes Read=598406528
	File Output Format Counters 
		Bytes Written=4860
15/08/05 23:44:28 INFO client.RMProxy: Connecting to ResourceManager at node-10/10.22.0.10:8032
15/08/05 23:44:28 WARN mapreduce.JobSubmitter: Hadoop command-line option parsing not performed. Implement the Tool interface and execute your application with ToolRunner to remedy this.
15/08/05 23:44:29 INFO input.FileInputFormat: Total input paths to process : 1
15/08/05 23:44:29 INFO mapreduce.JobSubmitter: number of splits:1
15/08/05 23:44:29 INFO mapreduce.JobSubmitter: Submitting tokens for job: job_1438789174539_0060
15/08/05 23:44:29 INFO impl.YarnClientImpl: Submitted application application_1438789174539_0060
15/08/05 23:44:30 INFO mapreduce.Job: The url to track the job: http://node-10:8088/proxy/application_1438789174539_0060/
15/08/05 23:44:30 INFO mapreduce.Job: Running job: job_1438789174539_0060
15/08/05 23:44:52 INFO mapreduce.Job: Job job_1438789174539_0060 running in uber mode : false
15/08/05 23:44:52 INFO mapreduce.Job:  map 0% reduce 0%
15/08/05 23:45:08 INFO mapreduce.Job:  map 100% reduce 0%
15/08/05 23:45:25 INFO mapreduce.Job:  map 100% reduce 100%
15/08/05 23:45:25 INFO mapreduce.Job: Job job_1438789174539_0060 completed successfully
15/08/05 23:45:25 INFO mapreduce.Job: Counters: 49
	File System Counters
		FILE: Number of bytes read=5316
		FILE: Number of bytes written=225381
		FILE: Number of read operations=0
		FILE: Number of large read operations=0
		FILE: Number of write operations=0
		HDFS: Number of bytes read=4975
		HDFS: Number of bytes written=4860
		HDFS: Number of read operations=6
		HDFS: Number of large read operations=0
		HDFS: Number of write operations=2
	Job Counters 
		Launched map tasks=1
		Launched reduce tasks=1
		Rack-local map tasks=1
		Total time spent by all maps in occupied slots (ms)=14291
		Total time spent by all reduces in occupied slots (ms)=28354
		Total time spent by all map tasks (ms)=14291
		Total time spent by all reduce tasks (ms)=14177
		Total vcore-seconds taken by all map tasks=14291
		Total vcore-seconds taken by all reduce tasks=14177
		Total megabyte-seconds taken by all map tasks=21950976
		Total megabyte-seconds taken by all reduce tasks=43551744
	Map-Reduce Framework
		Map input records=150
		Map output records=150
		Map output bytes=5010
		Map output materialized bytes=5316
		Input split bytes=115
		Combine input records=0
		Combine output records=0
		Reduce input groups=1
		Reduce shuffle bytes=5316
		Reduce input records=150
		Reduce output records=150
		Spilled Records=300
		Shuffled Maps =1
		Failed Shuffles=0
		Merged Map outputs=1
		GC time elapsed (ms)=70
		CPU time spent (ms)=2660
		Physical memory (bytes) snapshot=381177856
		Virtual memory (bytes) snapshot=5050535936
		Total committed heap usage (bytes)=374079488
	Shuffle Errors
		BAD_ID=0
		CONNECTION=0
		IO_ERROR=0
		WRONG_LENGTH=0
		WRONG_MAP=0
		WRONG_REDUCE=0
	File Input Format Counters 
		Bytes Read=4860
	File Output Format Counters 
		Bytes Written=4860
Tempo(ms) job1 - junção: 1066084
Tempo(ms) job2 - group by: 211364
Tempo(ms) job3 - order by: 57123
Tempo total(ms): 1334571
Running query: Q3.1  70 1 0 4
15/08/05 23:46:18 WARN util.NativeCodeLoader: Unable to load native-hadoop library for your platform... using builtin-java classes where applicable
15/08/05 23:46:22 INFO client.RMProxy: Connecting to ResourceManager at node-10/10.22.0.10:8032
15/08/05 23:46:23 WARN mapreduce.JobSubmitter: Hadoop command-line option parsing not performed. Implement the Tool interface and execute your application with ToolRunner to remedy this.
15/08/05 23:46:24 INFO input.FileInputFormat: Total input paths to process : 1
15/08/05 23:46:25 INFO input.FileInputFormat: Total input paths to process : 1
15/08/05 23:46:25 INFO input.FileInputFormat: Total input paths to process : 1
15/08/05 23:46:25 INFO input.FileInputFormat: Total input paths to process : 1
15/08/05 23:46:26 INFO mapreduce.JobSubmitter: number of splits:477
15/08/05 23:46:26 INFO mapreduce.JobSubmitter: Submitting tokens for job: job_1438789174539_0061
15/08/05 23:46:27 INFO impl.YarnClientImpl: Submitted application application_1438789174539_0061
15/08/05 23:46:27 INFO mapreduce.Job: The url to track the job: http://node-10:8088/proxy/application_1438789174539_0061/
15/08/05 23:46:27 INFO mapreduce.Job: Running job: job_1438789174539_0061
15/08/05 23:46:54 INFO mapreduce.Job: Job job_1438789174539_0061 running in uber mode : false
15/08/05 23:46:54 INFO mapreduce.Job:  map 0% reduce 0%
15/08/05 23:47:40 INFO mapreduce.Job:  map 1% reduce 0%
15/08/05 23:47:45 INFO mapreduce.Job:  map 2% reduce 0%
15/08/05 23:47:49 INFO mapreduce.Job:  map 3% reduce 0%
15/08/05 23:47:53 INFO mapreduce.Job:  map 4% reduce 0%
15/08/05 23:47:56 INFO mapreduce.Job:  map 5% reduce 0%
15/08/05 23:47:59 INFO mapreduce.Job:  map 6% reduce 0%
15/08/05 23:48:04 INFO mapreduce.Job:  map 7% reduce 0%
15/08/05 23:48:07 INFO mapreduce.Job:  map 8% reduce 0%
15/08/05 23:48:11 INFO mapreduce.Job:  map 9% reduce 0%
15/08/05 23:48:16 INFO mapreduce.Job:  map 10% reduce 0%
15/08/05 23:48:21 INFO mapreduce.Job:  map 11% reduce 0%
15/08/05 23:48:23 INFO mapreduce.Job:  map 12% reduce 0%
15/08/05 23:48:27 INFO mapreduce.Job:  map 13% reduce 0%
15/08/05 23:48:31 INFO mapreduce.Job:  map 14% reduce 0%
15/08/05 23:48:34 INFO mapreduce.Job:  map 15% reduce 0%
15/08/05 23:48:43 INFO mapreduce.Job:  map 16% reduce 0%
15/08/05 23:48:50 INFO mapreduce.Job:  map 17% reduce 0%
15/08/05 23:48:57 INFO mapreduce.Job:  map 18% reduce 0%
15/08/05 23:49:03 INFO mapreduce.Job:  map 19% reduce 0%
15/08/05 23:49:07 INFO mapreduce.Job:  map 20% reduce 0%
15/08/05 23:49:12 INFO mapreduce.Job:  map 21% reduce 0%
15/08/05 23:49:17 INFO mapreduce.Job:  map 22% reduce 0%
15/08/05 23:49:22 INFO mapreduce.Job:  map 23% reduce 0%
15/08/05 23:49:27 INFO mapreduce.Job:  map 24% reduce 0%
15/08/05 23:49:33 INFO mapreduce.Job:  map 25% reduce 0%
15/08/05 23:49:38 INFO mapreduce.Job:  map 26% reduce 0%
15/08/05 23:49:42 INFO mapreduce.Job:  map 27% reduce 0%
15/08/05 23:49:46 INFO mapreduce.Job:  map 28% reduce 0%
15/08/05 23:49:51 INFO mapreduce.Job:  map 29% reduce 0%
15/08/05 23:49:55 INFO mapreduce.Job:  map 30% reduce 0%
15/08/05 23:50:00 INFO mapreduce.Job:  map 31% reduce 0%
15/08/05 23:50:07 INFO mapreduce.Job:  map 32% reduce 0%
15/08/05 23:50:14 INFO mapreduce.Job:  map 33% reduce 0%
15/08/05 23:50:22 INFO mapreduce.Job:  map 34% reduce 0%
15/08/05 23:50:27 INFO mapreduce.Job:  map 35% reduce 0%
15/08/05 23:50:33 INFO mapreduce.Job:  map 36% reduce 0%
15/08/05 23:50:39 INFO mapreduce.Job:  map 37% reduce 0%
15/08/05 23:50:43 INFO mapreduce.Job:  map 38% reduce 0%
15/08/05 23:50:48 INFO mapreduce.Job:  map 38% reduce 1%
15/08/05 23:50:49 INFO mapreduce.Job:  map 39% reduce 1%
15/08/05 23:50:54 INFO mapreduce.Job:  map 40% reduce 1%
15/08/05 23:51:01 INFO mapreduce.Job:  map 41% reduce 1%
15/08/05 23:51:07 INFO mapreduce.Job:  map 42% reduce 1%
15/08/05 23:51:12 INFO mapreduce.Job:  map 43% reduce 1%
15/08/05 23:51:17 INFO mapreduce.Job:  map 44% reduce 1%
15/08/05 23:51:23 INFO mapreduce.Job:  map 45% reduce 1%
15/08/05 23:51:29 INFO mapreduce.Job:  map 46% reduce 1%
15/08/05 23:51:34 INFO mapreduce.Job:  map 47% reduce 1%
15/08/05 23:51:44 INFO mapreduce.Job:  map 48% reduce 1%
15/08/05 23:51:50 INFO mapreduce.Job:  map 49% reduce 1%
15/08/05 23:51:57 INFO mapreduce.Job:  map 50% reduce 1%
15/08/05 23:52:03 INFO mapreduce.Job:  map 51% reduce 1%
15/08/05 23:52:10 INFO mapreduce.Job:  map 52% reduce 1%
15/08/05 23:52:15 INFO mapreduce.Job:  map 53% reduce 1%
15/08/05 23:52:21 INFO mapreduce.Job:  map 54% reduce 1%
15/08/05 23:52:27 INFO mapreduce.Job:  map 55% reduce 1%
15/08/05 23:52:37 INFO mapreduce.Job:  map 56% reduce 1%
15/08/05 23:52:41 INFO mapreduce.Job:  map 57% reduce 1%
15/08/05 23:52:47 INFO mapreduce.Job:  map 58% reduce 1%
15/08/05 23:52:53 INFO mapreduce.Job:  map 59% reduce 1%
15/08/05 23:52:59 INFO mapreduce.Job:  map 60% reduce 1%
15/08/05 23:53:04 INFO mapreduce.Job:  map 61% reduce 1%
15/08/05 23:53:12 INFO mapreduce.Job:  map 62% reduce 1%
15/08/05 23:53:21 INFO mapreduce.Job:  map 63% reduce 1%
15/08/05 23:53:26 INFO mapreduce.Job:  map 64% reduce 1%
15/08/05 23:53:31 INFO mapreduce.Job:  map 65% reduce 1%
15/08/05 23:53:38 INFO mapreduce.Job:  map 66% reduce 1%
15/08/05 23:53:44 INFO mapreduce.Job:  map 67% reduce 1%
15/08/05 23:53:51 INFO mapreduce.Job:  map 68% reduce 1%
15/08/05 23:54:00 INFO mapreduce.Job:  map 69% reduce 1%
15/08/05 23:54:04 INFO mapreduce.Job:  map 69% reduce 2%
15/08/05 23:54:07 INFO mapreduce.Job:  map 70% reduce 2%
15/08/05 23:54:12 INFO mapreduce.Job:  map 71% reduce 2%
15/08/05 23:54:20 INFO mapreduce.Job:  map 72% reduce 2%
15/08/05 23:54:27 INFO mapreduce.Job:  map 73% reduce 2%
15/08/05 23:54:34 INFO mapreduce.Job:  map 74% reduce 2%
15/08/05 23:54:44 INFO mapreduce.Job:  map 75% reduce 2%
15/08/05 23:54:52 INFO mapreduce.Job:  map 76% reduce 2%
15/08/05 23:54:58 INFO mapreduce.Job:  map 77% reduce 2%
15/08/05 23:55:06 INFO mapreduce.Job:  map 78% reduce 2%
15/08/05 23:55:13 INFO mapreduce.Job:  map 79% reduce 2%
15/08/05 23:55:20 INFO mapreduce.Job:  map 80% reduce 2%
15/08/05 23:55:28 INFO mapreduce.Job:  map 81% reduce 2%
15/08/05 23:55:36 INFO mapreduce.Job:  map 82% reduce 2%
15/08/05 23:55:43 INFO mapreduce.Job:  map 83% reduce 2%
15/08/05 23:55:52 INFO mapreduce.Job:  map 84% reduce 2%
15/08/05 23:55:59 INFO mapreduce.Job:  map 85% reduce 2%
15/08/05 23:56:06 INFO mapreduce.Job:  map 86% reduce 2%
15/08/05 23:56:16 INFO mapreduce.Job:  map 87% reduce 2%
15/08/05 23:56:23 INFO mapreduce.Job:  map 88% reduce 2%
15/08/05 23:56:30 INFO mapreduce.Job:  map 89% reduce 2%
15/08/05 23:56:39 INFO mapreduce.Job:  map 90% reduce 2%
15/08/05 23:56:47 INFO mapreduce.Job:  map 91% reduce 2%
15/08/05 23:56:56 INFO mapreduce.Job:  map 92% reduce 2%
15/08/05 23:57:07 INFO mapreduce.Job:  map 93% reduce 2%
15/08/05 23:57:18 INFO mapreduce.Job:  map 94% reduce 2%
15/08/05 23:57:28 INFO mapreduce.Job:  map 95% reduce 2%
15/08/05 23:57:34 INFO mapreduce.Job:  map 96% reduce 2%
15/08/05 23:57:43 INFO mapreduce.Job:  map 97% reduce 2%
15/08/05 23:57:50 INFO mapreduce.Job:  map 98% reduce 2%
15/08/05 23:57:53 INFO mapreduce.Job:  map 98% reduce 3%
15/08/05 23:57:58 INFO mapreduce.Job:  map 99% reduce 3%
15/08/05 23:58:11 INFO mapreduce.Job:  map 99% reduce 4%
15/08/05 23:58:19 INFO mapreduce.Job:  map 100% reduce 4%
15/08/05 23:58:44 INFO mapreduce.Job:  map 100% reduce 5%
15/08/05 23:58:45 INFO mapreduce.Job:  map 100% reduce 6%
15/08/05 23:58:46 INFO mapreduce.Job:  map 100% reduce 7%
15/08/05 23:58:47 INFO mapreduce.Job:  map 100% reduce 8%
15/08/05 23:58:49 INFO mapreduce.Job:  map 100% reduce 9%
15/08/05 23:58:53 INFO mapreduce.Job:  map 100% reduce 10%
15/08/05 23:58:57 INFO mapreduce.Job:  map 100% reduce 11%
15/08/05 23:58:59 INFO mapreduce.Job:  map 100% reduce 12%
15/08/05 23:59:02 INFO mapreduce.Job:  map 100% reduce 13%
15/08/05 23:59:07 INFO mapreduce.Job:  map 100% reduce 14%
15/08/05 23:59:20 INFO mapreduce.Job:  map 100% reduce 15%
15/08/05 23:59:22 INFO mapreduce.Job:  map 100% reduce 16%
15/08/05 23:59:23 INFO mapreduce.Job:  map 100% reduce 17%
15/08/05 23:59:24 INFO mapreduce.Job:  map 100% reduce 18%
15/08/05 23:59:27 INFO mapreduce.Job:  map 100% reduce 20%
15/08/05 23:59:29 INFO mapreduce.Job:  map 100% reduce 21%
15/08/05 23:59:31 INFO mapreduce.Job:  map 100% reduce 22%
15/08/05 23:59:33 INFO mapreduce.Job:  map 100% reduce 23%
15/08/05 23:59:36 INFO mapreduce.Job:  map 100% reduce 24%
15/08/05 23:59:39 INFO mapreduce.Job:  map 100% reduce 25%
15/08/05 23:59:42 INFO mapreduce.Job:  map 100% reduce 26%
15/08/05 23:59:45 INFO mapreduce.Job:  map 100% reduce 27%
15/08/05 23:59:51 INFO mapreduce.Job:  map 100% reduce 28%
15/08/05 23:59:57 INFO mapreduce.Job:  map 100% reduce 29%
15/08/06 00:00:00 INFO mapreduce.Job:  map 100% reduce 30%
15/08/06 00:00:03 INFO mapreduce.Job:  map 100% reduce 31%
15/08/06 00:00:04 INFO mapreduce.Job:  map 100% reduce 32%
15/08/06 00:00:06 INFO mapreduce.Job:  map 100% reduce 33%
15/08/06 00:00:08 INFO mapreduce.Job:  map 100% reduce 34%
15/08/06 00:00:09 INFO mapreduce.Job:  map 100% reduce 35%
15/08/06 00:00:12 INFO mapreduce.Job:  map 100% reduce 36%
15/08/06 00:00:15 INFO mapreduce.Job:  map 100% reduce 37%
15/08/06 00:00:19 INFO mapreduce.Job:  map 100% reduce 38%
15/08/06 00:00:21 INFO mapreduce.Job:  map 100% reduce 39%
15/08/06 00:00:23 INFO mapreduce.Job:  map 100% reduce 40%
15/08/06 00:00:26 INFO mapreduce.Job:  map 100% reduce 41%
15/08/06 00:00:33 INFO mapreduce.Job:  map 100% reduce 42%
15/08/06 00:00:38 INFO mapreduce.Job:  map 100% reduce 43%
15/08/06 00:00:41 INFO mapreduce.Job:  map 100% reduce 44%
15/08/06 00:00:44 INFO mapreduce.Job:  map 100% reduce 45%
15/08/06 00:00:46 INFO mapreduce.Job:  map 100% reduce 46%
15/08/06 00:00:49 INFO mapreduce.Job:  map 100% reduce 47%
15/08/06 00:00:51 INFO mapreduce.Job:  map 100% reduce 48%
15/08/06 00:00:53 INFO mapreduce.Job:  map 100% reduce 49%
15/08/06 00:00:55 INFO mapreduce.Job:  map 100% reduce 50%
15/08/06 00:00:57 INFO mapreduce.Job:  map 100% reduce 51%
15/08/06 00:00:59 INFO mapreduce.Job:  map 100% reduce 52%
15/08/06 00:01:01 INFO mapreduce.Job:  map 100% reduce 53%
15/08/06 00:01:04 INFO mapreduce.Job:  map 100% reduce 54%
15/08/06 00:01:08 INFO mapreduce.Job:  map 100% reduce 55%
15/08/06 00:01:12 INFO mapreduce.Job:  map 100% reduce 56%
15/08/06 00:01:16 INFO mapreduce.Job:  map 100% reduce 57%
15/08/06 00:01:21 INFO mapreduce.Job:  map 100% reduce 58%
15/08/06 00:01:23 INFO mapreduce.Job:  map 100% reduce 59%
15/08/06 00:01:26 INFO mapreduce.Job:  map 100% reduce 60%
15/08/06 00:01:28 INFO mapreduce.Job:  map 100% reduce 61%
15/08/06 00:01:31 INFO mapreduce.Job:  map 100% reduce 62%
15/08/06 00:01:33 INFO mapreduce.Job:  map 100% reduce 63%
15/08/06 00:01:36 INFO mapreduce.Job:  map 100% reduce 64%
15/08/06 00:01:38 INFO mapreduce.Job:  map 100% reduce 65%
15/08/06 00:01:40 INFO mapreduce.Job:  map 100% reduce 66%
15/08/06 00:01:42 INFO mapreduce.Job:  map 100% reduce 67%
15/08/06 00:01:45 INFO mapreduce.Job:  map 100% reduce 68%
15/08/06 00:01:50 INFO mapreduce.Job:  map 100% reduce 69%
15/08/06 00:01:56 INFO mapreduce.Job:  map 100% reduce 70%
15/08/06 00:01:59 INFO mapreduce.Job:  map 100% reduce 71%
15/08/06 00:02:01 INFO mapreduce.Job:  map 100% reduce 72%
15/08/06 00:02:04 INFO mapreduce.Job:  map 100% reduce 73%
15/08/06 00:02:06 INFO mapreduce.Job:  map 100% reduce 74%
15/08/06 00:02:09 INFO mapreduce.Job:  map 100% reduce 75%
15/08/06 00:02:12 INFO mapreduce.Job:  map 100% reduce 76%
15/08/06 00:02:14 INFO mapreduce.Job:  map 100% reduce 77%
15/08/06 00:02:17 INFO mapreduce.Job:  map 100% reduce 78%
15/08/06 00:02:19 INFO mapreduce.Job:  map 100% reduce 79%
15/08/06 00:02:21 INFO mapreduce.Job:  map 100% reduce 80%
15/08/06 00:02:23 INFO mapreduce.Job:  map 100% reduce 81%
15/08/06 00:02:26 INFO mapreduce.Job:  map 100% reduce 82%
15/08/06 00:02:30 INFO mapreduce.Job:  map 100% reduce 83%
15/08/06 00:02:34 INFO mapreduce.Job:  map 100% reduce 84%
15/08/06 00:02:40 INFO mapreduce.Job:  map 100% reduce 85%
15/08/06 00:02:42 INFO mapreduce.Job:  map 100% reduce 86%
15/08/06 00:02:45 INFO mapreduce.Job:  map 100% reduce 87%
15/08/06 00:02:48 INFO mapreduce.Job:  map 100% reduce 88%
15/08/06 00:02:50 INFO mapreduce.Job:  map 100% reduce 89%
15/08/06 00:02:52 INFO mapreduce.Job:  map 100% reduce 90%
15/08/06 00:02:55 INFO mapreduce.Job:  map 100% reduce 91%
15/08/06 00:02:57 INFO mapreduce.Job:  map 100% reduce 92%
15/08/06 00:03:01 INFO mapreduce.Job:  map 100% reduce 93%
15/08/06 00:03:03 INFO mapreduce.Job:  map 100% reduce 94%
15/08/06 00:03:05 INFO mapreduce.Job:  map 100% reduce 95%
15/08/06 00:03:06 INFO mapreduce.Job:  map 100% reduce 96%
15/08/06 00:03:09 INFO mapreduce.Job:  map 100% reduce 97%
15/08/06 00:03:15 INFO mapreduce.Job:  map 100% reduce 98%
15/08/06 00:03:21 INFO mapreduce.Job:  map 100% reduce 99%
15/08/06 00:03:25 INFO mapreduce.Job:  map 100% reduce 100%
15/08/06 00:03:42 INFO mapreduce.Job: Job job_1438789174539_0061 completed successfully
15/08/06 00:03:43 INFO mapreduce.Job: Counters: 52
	File System Counters
		FILE: Number of bytes read=21205204191
		FILE: Number of bytes written=42339241102
		FILE: Number of read operations=0
		FILE: Number of large read operations=0
		FILE: Number of write operations=0
		HDFS: Number of bytes read=63658132005
		HDFS: Number of bytes written=598406528
		HDFS: Number of read operations=2271
		HDFS: Number of large read operations=0
		HDFS: Number of write operations=560
	Job Counters 
		Killed map tasks=1
		Killed reduce tasks=2
		Launched map tasks=478
		Launched reduce tasks=282
		Data-local map tasks=427
		Rack-local map tasks=51
		Total time spent by all maps in occupied slots (ms)=30025526
		Total time spent by all reduces in occupied slots (ms)=41961860
		Total time spent by all map tasks (ms)=30025526
		Total time spent by all reduce tasks (ms)=20980930
		Total vcore-seconds taken by all map tasks=30025526
		Total vcore-seconds taken by all reduce tasks=20980930
		Total megabyte-seconds taken by all map tasks=46119207936
		Total megabyte-seconds taken by all reduce tasks=64453416960
	Map-Reduce Framework
		Map input records=603240458
		Map output records=605860056
		Map output bytes=19883604890
		Map output materialized bytes=21096126362
		Input split bytes=121625
		Combine input records=0
		Combine output records=0
		Reduce input groups=605853994
		Reduce shuffle bytes=21096126362
		Reduce input records=605860056
		Reduce output records=21948801
		Spilled Records=1214528442
		Shuffled Maps =133560
		Failed Shuffles=0
		Merged Map outputs=133560
		GC time elapsed (ms)=1246139
		CPU time spent (ms)=21843350
		Physical memory (bytes) snapshot=511741247488
		Virtual memory (bytes) snapshot=1748831920128
		Total committed heap usage (bytes)=470395650048
	Shuffle Errors
		BAD_ID=0
		CONNECTION=0
		IO_ERROR=0
		WRONG_LENGTH=0
		WRONG_MAP=0
		WRONG_REDUCE=0
	File Input Format Counters 
		Bytes Read=0
	File Output Format Counters 
		Bytes Written=598406528
15/08/06 00:03:43 INFO client.RMProxy: Connecting to ResourceManager at node-10/10.22.0.10:8032
15/08/06 00:03:43 WARN mapreduce.JobSubmitter: Hadoop command-line option parsing not performed. Implement the Tool interface and execute your application with ToolRunner to remedy this.
15/08/06 00:03:43 INFO input.FileInputFormat: Total input paths to process : 280
15/08/06 00:03:43 INFO mapreduce.JobSubmitter: number of splits:280
15/08/06 00:03:43 INFO mapreduce.JobSubmitter: Submitting tokens for job: job_1438789174539_0062
15/08/06 00:03:43 INFO impl.YarnClientImpl: Submitted application application_1438789174539_0062
15/08/06 00:03:43 INFO mapreduce.Job: The url to track the job: http://node-10:8088/proxy/application_1438789174539_0062/
15/08/06 00:03:43 INFO mapreduce.Job: Running job: job_1438789174539_0062
15/08/06 00:04:06 INFO mapreduce.Job: Job job_1438789174539_0062 running in uber mode : false
15/08/06 00:04:06 INFO mapreduce.Job:  map 0% reduce 0%
15/08/06 00:04:31 INFO mapreduce.Job:  map 1% reduce 0%
15/08/06 00:04:38 INFO mapreduce.Job:  map 2% reduce 0%
15/08/06 00:04:40 INFO mapreduce.Job:  map 4% reduce 0%
15/08/06 00:04:41 INFO mapreduce.Job:  map 5% reduce 0%
15/08/06 00:04:42 INFO mapreduce.Job:  map 6% reduce 0%
15/08/06 00:04:43 INFO mapreduce.Job:  map 9% reduce 0%
15/08/06 00:04:44 INFO mapreduce.Job:  map 10% reduce 0%
15/08/06 00:04:46 INFO mapreduce.Job:  map 15% reduce 0%
15/08/06 00:04:47 INFO mapreduce.Job:  map 21% reduce 0%
15/08/06 00:04:48 INFO mapreduce.Job:  map 24% reduce 0%
15/08/06 00:04:49 INFO mapreduce.Job:  map 27% reduce 0%
15/08/06 00:04:51 INFO mapreduce.Job:  map 28% reduce 0%
15/08/06 00:04:52 INFO mapreduce.Job:  map 29% reduce 0%
15/08/06 00:05:01 INFO mapreduce.Job:  map 30% reduce 0%
15/08/06 00:05:03 INFO mapreduce.Job:  map 31% reduce 0%
15/08/06 00:05:04 INFO mapreduce.Job:  map 32% reduce 0%
15/08/06 00:05:06 INFO mapreduce.Job:  map 32% reduce 10%
15/08/06 00:05:07 INFO mapreduce.Job:  map 33% reduce 10%
15/08/06 00:05:08 INFO mapreduce.Job:  map 34% reduce 10%
15/08/06 00:05:09 INFO mapreduce.Job:  map 34% reduce 11%
15/08/06 00:05:10 INFO mapreduce.Job:  map 35% reduce 11%
15/08/06 00:05:12 INFO mapreduce.Job:  map 35% reduce 12%
15/08/06 00:05:13 INFO mapreduce.Job:  map 36% reduce 12%
15/08/06 00:05:15 INFO mapreduce.Job:  map 37% reduce 12%
15/08/06 00:05:16 INFO mapreduce.Job:  map 39% reduce 12%
15/08/06 00:05:17 INFO mapreduce.Job:  map 40% reduce 12%
15/08/06 00:05:18 INFO mapreduce.Job:  map 44% reduce 13%
15/08/06 00:05:19 INFO mapreduce.Job:  map 47% reduce 13%
15/08/06 00:05:21 INFO mapreduce.Job:  map 49% reduce 15%
15/08/06 00:05:22 INFO mapreduce.Job:  map 52% reduce 15%
15/08/06 00:05:23 INFO mapreduce.Job:  map 53% reduce 15%
15/08/06 00:05:24 INFO mapreduce.Job:  map 54% reduce 17%
15/08/06 00:05:25 INFO mapreduce.Job:  map 55% reduce 17%
15/08/06 00:05:26 INFO mapreduce.Job:  map 57% reduce 17%
15/08/06 00:05:27 INFO mapreduce.Job:  map 58% reduce 18%
15/08/06 00:05:31 INFO mapreduce.Job:  map 58% reduce 19%
15/08/06 00:05:32 INFO mapreduce.Job:  map 59% reduce 19%
15/08/06 00:05:34 INFO mapreduce.Job:  map 60% reduce 20%
15/08/06 00:05:35 INFO mapreduce.Job:  map 61% reduce 20%
15/08/06 00:05:37 INFO mapreduce.Job:  map 62% reduce 20%
15/08/06 00:05:39 INFO mapreduce.Job:  map 63% reduce 20%
15/08/06 00:05:40 INFO mapreduce.Job:  map 63% reduce 21%
15/08/06 00:05:41 INFO mapreduce.Job:  map 64% reduce 21%
15/08/06 00:05:43 INFO mapreduce.Job:  map 65% reduce 21%
15/08/06 00:05:44 INFO mapreduce.Job:  map 66% reduce 21%
15/08/06 00:05:45 INFO mapreduce.Job:  map 68% reduce 21%
15/08/06 00:05:46 INFO mapreduce.Job:  map 70% reduce 22%
15/08/06 00:05:48 INFO mapreduce.Job:  map 72% reduce 22%
15/08/06 00:05:49 INFO mapreduce.Job:  map 73% reduce 23%
15/08/06 00:05:50 INFO mapreduce.Job:  map 76% reduce 23%
15/08/06 00:05:51 INFO mapreduce.Job:  map 77% reduce 23%
15/08/06 00:05:52 INFO mapreduce.Job:  map 78% reduce 25%
15/08/06 00:05:53 INFO mapreduce.Job:  map 79% reduce 25%
15/08/06 00:05:54 INFO mapreduce.Job:  map 80% reduce 25%
15/08/06 00:05:55 INFO mapreduce.Job:  map 82% reduce 27%
15/08/06 00:05:56 INFO mapreduce.Job:  map 83% reduce 27%
15/08/06 00:05:57 INFO mapreduce.Job:  map 84% reduce 27%
15/08/06 00:05:58 INFO mapreduce.Job:  map 85% reduce 28%
15/08/06 00:05:59 INFO mapreduce.Job:  map 86% reduce 28%
15/08/06 00:06:00 INFO mapreduce.Job:  map 88% reduce 28%
15/08/06 00:06:01 INFO mapreduce.Job:  map 88% reduce 29%
15/08/06 00:06:03 INFO mapreduce.Job:  map 89% reduce 29%
15/08/06 00:06:04 INFO mapreduce.Job:  map 91% reduce 30%
15/08/06 00:06:05 INFO mapreduce.Job:  map 92% reduce 30%
15/08/06 00:06:06 INFO mapreduce.Job:  map 93% reduce 30%
15/08/06 00:06:07 INFO mapreduce.Job:  map 94% reduce 31%
15/08/06 00:06:08 INFO mapreduce.Job:  map 96% reduce 31%
15/08/06 00:06:09 INFO mapreduce.Job:  map 97% reduce 31%
15/08/06 00:06:10 INFO mapreduce.Job:  map 98% reduce 32%
15/08/06 00:06:11 INFO mapreduce.Job:  map 99% reduce 32%
15/08/06 00:06:12 INFO mapreduce.Job:  map 100% reduce 32%
15/08/06 00:06:13 INFO mapreduce.Job:  map 100% reduce 33%
15/08/06 00:06:16 INFO mapreduce.Job:  map 100% reduce 35%
15/08/06 00:06:19 INFO mapreduce.Job:  map 100% reduce 40%
15/08/06 00:06:22 INFO mapreduce.Job:  map 100% reduce 43%
15/08/06 00:06:25 INFO mapreduce.Job:  map 100% reduce 46%
15/08/06 00:06:28 INFO mapreduce.Job:  map 100% reduce 50%
15/08/06 00:06:31 INFO mapreduce.Job:  map 100% reduce 54%
15/08/06 00:06:34 INFO mapreduce.Job:  map 100% reduce 58%
15/08/06 00:06:37 INFO mapreduce.Job:  map 100% reduce 63%
15/08/06 00:06:41 INFO mapreduce.Job:  map 100% reduce 65%
15/08/06 00:06:44 INFO mapreduce.Job:  map 100% reduce 67%
15/08/06 00:06:47 INFO mapreduce.Job:  map 100% reduce 70%
15/08/06 00:06:50 INFO mapreduce.Job:  map 100% reduce 73%
15/08/06 00:06:53 INFO mapreduce.Job:  map 100% reduce 77%
15/08/06 00:06:56 INFO mapreduce.Job:  map 100% reduce 80%
15/08/06 00:06:59 INFO mapreduce.Job:  map 100% reduce 83%
15/08/06 00:07:02 INFO mapreduce.Job:  map 100% reduce 87%
15/08/06 00:07:04 INFO mapreduce.Job:  map 100% reduce 90%
15/08/06 00:07:08 INFO mapreduce.Job:  map 100% reduce 93%
15/08/06 00:07:11 INFO mapreduce.Job:  map 100% reduce 96%
15/08/06 00:07:13 INFO mapreduce.Job:  map 100% reduce 99%
15/08/06 00:07:15 INFO mapreduce.Job:  map 100% reduce 100%
15/08/06 00:07:15 INFO mapreduce.Job: Job job_1438789174539_0062 completed successfully
15/08/06 00:07:15 INFO mapreduce.Job: Counters: 51
	File System Counters
		FILE: Number of bytes read=642304136
		FILE: Number of bytes written=1314595289
		FILE: Number of read operations=0
		FILE: Number of large read operations=0
		FILE: Number of write operations=0
		HDFS: Number of bytes read=598438728
		HDFS: Number of bytes written=4860
		HDFS: Number of read operations=843
		HDFS: Number of large read operations=0
		HDFS: Number of write operations=2
	Job Counters 
		Killed map tasks=1
		Launched map tasks=281
		Launched reduce tasks=1
		Data-local map tasks=275
		Rack-local map tasks=6
		Total time spent by all maps in occupied slots (ms)=7962763
		Total time spent by all reduces in occupied slots (ms)=299384
		Total time spent by all map tasks (ms)=7962763
		Total time spent by all reduce tasks (ms)=149692
		Total vcore-seconds taken by all map tasks=7962763
		Total vcore-seconds taken by all reduce tasks=149692
		Total megabyte-seconds taken by all map tasks=12230803968
		Total megabyte-seconds taken by all reduce tasks=459853824
	Map-Reduce Framework
		Map input records=21948801
		Map output records=21948801
		Map output bytes=598406528
		Map output materialized bytes=642305810
		Input split bytes=32200
		Combine input records=0
		Combine output records=0
		Reduce input groups=150
		Reduce shuffle bytes=642305810
		Reduce input records=21948801
		Reduce output records=150
		Spilled Records=43897602
		Shuffled Maps =280
		Failed Shuffles=0
		Merged Map outputs=280
		GC time elapsed (ms)=149451
		CPU time spent (ms)=1046110
		Physical memory (bytes) snapshot=73088606208
		Virtual memory (bytes) snapshot=512737013760
		Total committed heap usage (bytes)=79263498240
	Shuffle Errors
		BAD_ID=0
		CONNECTION=0
		IO_ERROR=0
		WRONG_LENGTH=0
		WRONG_MAP=0
		WRONG_REDUCE=0
	File Input Format Counters 
		Bytes Read=598406528
	File Output Format Counters 
		Bytes Written=4860
15/08/06 00:07:15 INFO client.RMProxy: Connecting to ResourceManager at node-10/10.22.0.10:8032
15/08/06 00:07:15 WARN mapreduce.JobSubmitter: Hadoop command-line option parsing not performed. Implement the Tool interface and execute your application with ToolRunner to remedy this.
15/08/06 00:07:15 INFO input.FileInputFormat: Total input paths to process : 1
15/08/06 00:07:15 INFO mapreduce.JobSubmitter: number of splits:1
15/08/06 00:07:15 INFO mapreduce.JobSubmitter: Submitting tokens for job: job_1438789174539_0063
15/08/06 00:07:15 INFO impl.YarnClientImpl: Submitted application application_1438789174539_0063
15/08/06 00:07:15 INFO mapreduce.Job: The url to track the job: http://node-10:8088/proxy/application_1438789174539_0063/
15/08/06 00:07:15 INFO mapreduce.Job: Running job: job_1438789174539_0063
15/08/06 00:07:35 INFO mapreduce.Job: Job job_1438789174539_0063 running in uber mode : false
15/08/06 00:07:35 INFO mapreduce.Job:  map 0% reduce 0%
15/08/06 00:07:50 INFO mapreduce.Job:  map 100% reduce 0%
15/08/06 00:08:06 INFO mapreduce.Job:  map 100% reduce 100%
15/08/06 00:08:06 INFO mapreduce.Job: Job job_1438789174539_0063 completed successfully
15/08/06 00:08:06 INFO mapreduce.Job: Counters: 49
	File System Counters
		FILE: Number of bytes read=5316
		FILE: Number of bytes written=225381
		FILE: Number of read operations=0
		FILE: Number of large read operations=0
		FILE: Number of write operations=0
		HDFS: Number of bytes read=4975
		HDFS: Number of bytes written=4860
		HDFS: Number of read operations=6
		HDFS: Number of large read operations=0
		HDFS: Number of write operations=2
	Job Counters 
		Launched map tasks=1
		Launched reduce tasks=1
		Rack-local map tasks=1
		Total time spent by all maps in occupied slots (ms)=13710
		Total time spent by all reduces in occupied slots (ms)=26874
		Total time spent by all map tasks (ms)=13710
		Total time spent by all reduce tasks (ms)=13437
		Total vcore-seconds taken by all map tasks=13710
		Total vcore-seconds taken by all reduce tasks=13437
		Total megabyte-seconds taken by all map tasks=21058560
		Total megabyte-seconds taken by all reduce tasks=41278464
	Map-Reduce Framework
		Map input records=150
		Map output records=150
		Map output bytes=5010
		Map output materialized bytes=5316
		Input split bytes=115
		Combine input records=0
		Combine output records=0
		Reduce input groups=1
		Reduce shuffle bytes=5316
		Reduce input records=150
		Reduce output records=150
		Spilled Records=300
		Shuffled Maps =1
		Failed Shuffles=0
		Merged Map outputs=1
		GC time elapsed (ms)=51
		CPU time spent (ms)=2410
		Physical memory (bytes) snapshot=399089664
		Virtual memory (bytes) snapshot=5061496832
		Total committed heap usage (bytes)=405209088
	Shuffle Errors
		BAD_ID=0
		CONNECTION=0
		IO_ERROR=0
		WRONG_LENGTH=0
		WRONG_MAP=0
		WRONG_REDUCE=0
	File Input Format Counters 
		Bytes Read=4860
	File Output Format Counters 
		Bytes Written=4860
Tempo(ms) job1 - junção: 1041123
Tempo(ms) job2 - group by: 212202
Tempo(ms) job3 - order by: 51214
Tempo total(ms): 1304539
Running query: Q3.1  70 1 0 4
15/08/06 00:08:59 WARN util.NativeCodeLoader: Unable to load native-hadoop library for your platform... using builtin-java classes where applicable
15/08/06 00:09:04 INFO client.RMProxy: Connecting to ResourceManager at node-10/10.22.0.10:8032
15/08/06 00:09:06 WARN mapreduce.JobSubmitter: Hadoop command-line option parsing not performed. Implement the Tool interface and execute your application with ToolRunner to remedy this.
15/08/06 00:09:07 INFO input.FileInputFormat: Total input paths to process : 1
15/08/06 00:09:07 INFO input.FileInputFormat: Total input paths to process : 1
15/08/06 00:09:07 INFO input.FileInputFormat: Total input paths to process : 1
15/08/06 00:09:07 INFO input.FileInputFormat: Total input paths to process : 1
15/08/06 00:09:08 INFO mapreduce.JobSubmitter: number of splits:477
15/08/06 00:09:08 INFO mapreduce.JobSubmitter: Submitting tokens for job: job_1438789174539_0064
15/08/06 00:09:09 INFO impl.YarnClientImpl: Submitted application application_1438789174539_0064
15/08/06 00:09:09 INFO mapreduce.Job: The url to track the job: http://node-10:8088/proxy/application_1438789174539_0064/
15/08/06 00:09:09 INFO mapreduce.Job: Running job: job_1438789174539_0064
15/08/06 00:09:38 INFO mapreduce.Job: Job job_1438789174539_0064 running in uber mode : false
15/08/06 00:09:38 INFO mapreduce.Job:  map 0% reduce 0%
15/08/06 00:10:25 INFO mapreduce.Job:  map 1% reduce 0%
15/08/06 00:10:29 INFO mapreduce.Job:  map 2% reduce 0%
15/08/06 00:10:33 INFO mapreduce.Job:  map 3% reduce 0%
15/08/06 00:10:36 INFO mapreduce.Job:  map 4% reduce 0%
15/08/06 00:10:40 INFO mapreduce.Job:  map 5% reduce 0%
15/08/06 00:10:43 INFO mapreduce.Job:  map 6% reduce 0%
15/08/06 00:10:48 INFO mapreduce.Job:  map 7% reduce 0%
15/08/06 00:10:52 INFO mapreduce.Job:  map 8% reduce 0%
15/08/06 00:10:55 INFO mapreduce.Job:  map 9% reduce 0%
15/08/06 00:10:58 INFO mapreduce.Job:  map 10% reduce 0%
15/08/06 00:11:02 INFO mapreduce.Job:  map 11% reduce 0%
15/08/06 00:11:08 INFO mapreduce.Job:  map 12% reduce 0%
15/08/06 00:11:15 INFO mapreduce.Job:  map 13% reduce 0%
15/08/06 00:11:16 INFO mapreduce.Job:  map 14% reduce 0%
15/08/06 00:11:18 INFO mapreduce.Job:  map 15% reduce 0%
15/08/06 00:11:22 INFO mapreduce.Job:  map 16% reduce 0%
15/08/06 00:11:34 INFO mapreduce.Job:  map 17% reduce 0%
15/08/06 00:11:41 INFO mapreduce.Job:  map 18% reduce 0%
15/08/06 00:11:48 INFO mapreduce.Job:  map 19% reduce 0%
15/08/06 00:11:55 INFO mapreduce.Job:  map 20% reduce 0%
15/08/06 00:12:00 INFO mapreduce.Job:  map 21% reduce 0%
15/08/06 00:12:05 INFO mapreduce.Job:  map 22% reduce 0%
15/08/06 00:12:08 INFO mapreduce.Job:  map 23% reduce 0%
15/08/06 00:12:14 INFO mapreduce.Job:  map 24% reduce 0%
15/08/06 00:12:18 INFO mapreduce.Job:  map 25% reduce 0%
15/08/06 00:12:23 INFO mapreduce.Job:  map 26% reduce 0%
15/08/06 00:12:29 INFO mapreduce.Job:  map 27% reduce 0%
15/08/06 00:12:34 INFO mapreduce.Job:  map 28% reduce 0%
15/08/06 00:12:37 INFO mapreduce.Job:  map 29% reduce 0%
15/08/06 00:12:41 INFO mapreduce.Job:  map 30% reduce 0%
15/08/06 00:12:46 INFO mapreduce.Job:  map 31% reduce 0%
15/08/06 00:12:56 INFO mapreduce.Job:  map 32% reduce 0%
15/08/06 00:13:04 INFO mapreduce.Job:  map 33% reduce 0%
15/08/06 00:13:13 INFO mapreduce.Job:  map 34% reduce 0%
15/08/06 00:13:15 INFO mapreduce.Job:  map 35% reduce 0%
15/08/06 00:13:21 INFO mapreduce.Job:  map 36% reduce 0%
15/08/06 00:13:27 INFO mapreduce.Job:  map 37% reduce 0%
15/08/06 00:13:32 INFO mapreduce.Job:  map 38% reduce 0%
15/08/06 00:13:39 INFO mapreduce.Job:  map 39% reduce 0%
15/08/06 00:13:42 INFO mapreduce.Job:  map 39% reduce 1%
15/08/06 00:13:46 INFO mapreduce.Job:  map 40% reduce 1%
15/08/06 00:13:50 INFO mapreduce.Job:  map 41% reduce 1%
15/08/06 00:13:57 INFO mapreduce.Job:  map 42% reduce 1%
15/08/06 00:14:04 INFO mapreduce.Job:  map 43% reduce 1%
15/08/06 00:14:10 INFO mapreduce.Job:  map 44% reduce 1%
15/08/06 00:14:16 INFO mapreduce.Job:  map 45% reduce 1%
15/08/06 00:14:22 INFO mapreduce.Job:  map 46% reduce 1%
15/08/06 00:14:28 INFO mapreduce.Job:  map 47% reduce 1%
15/08/06 00:14:36 INFO mapreduce.Job:  map 48% reduce 1%
15/08/06 00:14:43 INFO mapreduce.Job:  map 49% reduce 1%
15/08/06 00:14:50 INFO mapreduce.Job:  map 50% reduce 1%
15/08/06 00:14:55 INFO mapreduce.Job:  map 51% reduce 1%
15/08/06 00:15:00 INFO mapreduce.Job:  map 52% reduce 1%
15/08/06 00:15:07 INFO mapreduce.Job:  map 53% reduce 1%
15/08/06 00:15:14 INFO mapreduce.Job:  map 54% reduce 1%
15/08/06 00:15:23 INFO mapreduce.Job:  map 55% reduce 1%
15/08/06 00:15:30 INFO mapreduce.Job:  map 56% reduce 1%
15/08/06 00:15:36 INFO mapreduce.Job:  map 57% reduce 1%
15/08/06 00:15:41 INFO mapreduce.Job:  map 58% reduce 1%
15/08/06 00:15:45 INFO mapreduce.Job:  map 59% reduce 1%
15/08/06 00:15:53 INFO mapreduce.Job:  map 60% reduce 1%
15/08/06 00:16:00 INFO mapreduce.Job:  map 61% reduce 1%
15/08/06 00:16:08 INFO mapreduce.Job:  map 62% reduce 1%
15/08/06 00:16:14 INFO mapreduce.Job:  map 63% reduce 1%
15/08/06 00:16:19 INFO mapreduce.Job:  map 64% reduce 1%
15/08/06 00:16:24 INFO mapreduce.Job:  map 65% reduce 1%
15/08/06 00:16:30 INFO mapreduce.Job:  map 66% reduce 1%
15/08/06 00:16:38 INFO mapreduce.Job:  map 67% reduce 1%
15/08/06 00:16:47 INFO mapreduce.Job:  map 68% reduce 1%
15/08/06 00:16:51 INFO mapreduce.Job:  map 68% reduce 2%
15/08/06 00:16:56 INFO mapreduce.Job:  map 69% reduce 2%
15/08/06 00:17:03 INFO mapreduce.Job:  map 70% reduce 2%
15/08/06 00:17:08 INFO mapreduce.Job:  map 71% reduce 2%
15/08/06 00:17:13 INFO mapreduce.Job:  map 72% reduce 2%
15/08/06 00:17:21 INFO mapreduce.Job:  map 73% reduce 2%
15/08/06 00:17:30 INFO mapreduce.Job:  map 74% reduce 2%
15/08/06 00:17:39 INFO mapreduce.Job:  map 75% reduce 2%
15/08/06 00:17:47 INFO mapreduce.Job:  map 76% reduce 2%
15/08/06 00:17:55 INFO mapreduce.Job:  map 77% reduce 2%
15/08/06 00:18:00 INFO mapreduce.Job:  map 78% reduce 2%
15/08/06 00:18:09 INFO mapreduce.Job:  map 79% reduce 2%
15/08/06 00:18:19 INFO mapreduce.Job:  map 80% reduce 2%
15/08/06 00:18:27 INFO mapreduce.Job:  map 81% reduce 2%
15/08/06 00:18:36 INFO mapreduce.Job:  map 82% reduce 2%
15/08/06 00:18:45 INFO mapreduce.Job:  map 83% reduce 2%
15/08/06 00:18:53 INFO mapreduce.Job:  map 84% reduce 2%
15/08/06 00:19:01 INFO mapreduce.Job:  map 85% reduce 2%
15/08/06 00:19:09 INFO mapreduce.Job:  map 86% reduce 2%
15/08/06 00:19:19 INFO mapreduce.Job:  map 87% reduce 2%
15/08/06 00:19:26 INFO mapreduce.Job:  map 88% reduce 2%
15/08/06 00:19:34 INFO mapreduce.Job:  map 89% reduce 2%
15/08/06 00:19:43 INFO mapreduce.Job:  map 90% reduce 2%
15/08/06 00:19:56 INFO mapreduce.Job:  map 91% reduce 2%
15/08/06 00:20:03 INFO mapreduce.Job:  map 92% reduce 2%
15/08/06 00:20:14 INFO mapreduce.Job:  map 93% reduce 2%
15/08/06 00:20:22 INFO mapreduce.Job:  map 94% reduce 2%
15/08/06 00:20:30 INFO mapreduce.Job:  map 95% reduce 2%
15/08/06 00:20:38 INFO mapreduce.Job:  map 96% reduce 2%
15/08/06 00:20:43 INFO mapreduce.Job:  map 97% reduce 2%
15/08/06 00:20:49 INFO mapreduce.Job:  map 98% reduce 2%
15/08/06 00:20:57 INFO mapreduce.Job:  map 99% reduce 2%
15/08/06 00:21:00 INFO mapreduce.Job:  map 99% reduce 3%
15/08/06 00:21:10 INFO mapreduce.Job:  map 100% reduce 3%
15/08/06 00:21:14 INFO mapreduce.Job:  map 100% reduce 4%
15/08/06 00:21:30 INFO mapreduce.Job:  map 100% reduce 5%
15/08/06 00:21:31 INFO mapreduce.Job:  map 100% reduce 6%
15/08/06 00:21:33 INFO mapreduce.Job:  map 100% reduce 8%
15/08/06 00:21:36 INFO mapreduce.Job:  map 100% reduce 9%
15/08/06 00:21:41 INFO mapreduce.Job:  map 100% reduce 10%
15/08/06 00:21:45 INFO mapreduce.Job:  map 100% reduce 11%
15/08/06 00:21:47 INFO mapreduce.Job:  map 100% reduce 12%
15/08/06 00:21:49 INFO mapreduce.Job:  map 100% reduce 13%
15/08/06 00:21:54 INFO mapreduce.Job:  map 100% reduce 14%
15/08/06 00:22:07 INFO mapreduce.Job:  map 100% reduce 16%
15/08/06 00:22:12 INFO mapreduce.Job:  map 100% reduce 19%
15/08/06 00:22:15 INFO mapreduce.Job:  map 100% reduce 21%
15/08/06 00:22:17 INFO mapreduce.Job:  map 100% reduce 22%
15/08/06 00:22:19 INFO mapreduce.Job:  map 100% reduce 23%
15/08/06 00:22:23 INFO mapreduce.Job:  map 100% reduce 24%
15/08/06 00:22:25 INFO mapreduce.Job:  map 100% reduce 25%
15/08/06 00:22:29 INFO mapreduce.Job:  map 100% reduce 26%
15/08/06 00:22:31 INFO mapreduce.Job:  map 100% reduce 27%
15/08/06 00:22:39 INFO mapreduce.Job:  map 100% reduce 28%
15/08/06 00:22:45 INFO mapreduce.Job:  map 100% reduce 29%
15/08/06 00:22:47 INFO mapreduce.Job:  map 100% reduce 30%
15/08/06 00:22:49 INFO mapreduce.Job:  map 100% reduce 31%
15/08/06 00:22:52 INFO mapreduce.Job:  map 100% reduce 32%
15/08/06 00:22:54 INFO mapreduce.Job:  map 100% reduce 33%
15/08/06 00:22:55 INFO mapreduce.Job:  map 100% reduce 34%
15/08/06 00:22:56 INFO mapreduce.Job:  map 100% reduce 35%
15/08/06 00:22:58 INFO mapreduce.Job:  map 100% reduce 36%
15/08/06 00:23:00 INFO mapreduce.Job:  map 100% reduce 37%
15/08/06 00:23:03 INFO mapreduce.Job:  map 100% reduce 38%
15/08/06 00:23:06 INFO mapreduce.Job:  map 100% reduce 39%
15/08/06 00:23:09 INFO mapreduce.Job:  map 100% reduce 40%
15/08/06 00:23:12 INFO mapreduce.Job:  map 100% reduce 41%
15/08/06 00:23:19 INFO mapreduce.Job:  map 100% reduce 42%
15/08/06 00:23:24 INFO mapreduce.Job:  map 100% reduce 43%
15/08/06 00:23:28 INFO mapreduce.Job:  map 100% reduce 44%
15/08/06 00:23:31 INFO mapreduce.Job:  map 100% reduce 45%
15/08/06 00:23:34 INFO mapreduce.Job:  map 100% reduce 46%
15/08/06 00:23:35 INFO mapreduce.Job:  map 100% reduce 47%
15/08/06 00:23:37 INFO mapreduce.Job:  map 100% reduce 48%
15/08/06 00:23:39 INFO mapreduce.Job:  map 100% reduce 49%
15/08/06 00:23:42 INFO mapreduce.Job:  map 100% reduce 50%
15/08/06 00:23:44 INFO mapreduce.Job:  map 100% reduce 51%
15/08/06 00:23:46 INFO mapreduce.Job:  map 100% reduce 52%
15/08/06 00:23:48 INFO mapreduce.Job:  map 100% reduce 53%
15/08/06 00:23:52 INFO mapreduce.Job:  map 100% reduce 54%
15/08/06 00:23:56 INFO mapreduce.Job:  map 100% reduce 55%
15/08/06 00:24:00 INFO mapreduce.Job:  map 100% reduce 56%
15/08/06 00:24:04 INFO mapreduce.Job:  map 100% reduce 57%
15/08/06 00:24:09 INFO mapreduce.Job:  map 100% reduce 58%
15/08/06 00:24:12 INFO mapreduce.Job:  map 100% reduce 59%
15/08/06 00:24:14 INFO mapreduce.Job:  map 100% reduce 60%
15/08/06 00:24:17 INFO mapreduce.Job:  map 100% reduce 61%
15/08/06 00:24:18 INFO mapreduce.Job:  map 100% reduce 62%
15/08/06 00:24:20 INFO mapreduce.Job:  map 100% reduce 63%
15/08/06 00:24:22 INFO mapreduce.Job:  map 100% reduce 64%
15/08/06 00:24:25 INFO mapreduce.Job:  map 100% reduce 65%
15/08/06 00:24:28 INFO mapreduce.Job:  map 100% reduce 66%
15/08/06 00:24:30 INFO mapreduce.Job:  map 100% reduce 67%
15/08/06 00:24:33 INFO mapreduce.Job:  map 100% reduce 68%
15/08/06 00:24:37 INFO mapreduce.Job:  map 100% reduce 69%
15/08/06 00:24:43 INFO mapreduce.Job:  map 100% reduce 70%
15/08/06 00:24:46 INFO mapreduce.Job:  map 100% reduce 71%
15/08/06 00:24:50 INFO mapreduce.Job:  map 100% reduce 72%
15/08/06 00:24:53 INFO mapreduce.Job:  map 100% reduce 73%
15/08/06 00:24:56 INFO mapreduce.Job:  map 100% reduce 74%
15/08/06 00:24:58 INFO mapreduce.Job:  map 100% reduce 75%
15/08/06 00:25:00 INFO mapreduce.Job:  map 100% reduce 76%
15/08/06 00:25:02 INFO mapreduce.Job:  map 100% reduce 77%
15/08/06 00:25:04 INFO mapreduce.Job:  map 100% reduce 78%
15/08/06 00:25:07 INFO mapreduce.Job:  map 100% reduce 79%
15/08/06 00:25:09 INFO mapreduce.Job:  map 100% reduce 80%
15/08/06 00:25:11 INFO mapreduce.Job:  map 100% reduce 81%
15/08/06 00:25:14 INFO mapreduce.Job:  map 100% reduce 82%
15/08/06 00:25:20 INFO mapreduce.Job:  map 100% reduce 83%
15/08/06 00:25:23 INFO mapreduce.Job:  map 100% reduce 84%
15/08/06 00:25:28 INFO mapreduce.Job:  map 100% reduce 85%
15/08/06 00:25:30 INFO mapreduce.Job:  map 100% reduce 86%
15/08/06 00:25:33 INFO mapreduce.Job:  map 100% reduce 87%
15/08/06 00:25:35 INFO mapreduce.Job:  map 100% reduce 88%
15/08/06 00:25:37 INFO mapreduce.Job:  map 100% reduce 89%
15/08/06 00:25:40 INFO mapreduce.Job:  map 100% reduce 90%
15/08/06 00:25:43 INFO mapreduce.Job:  map 100% reduce 91%
15/08/06 00:25:45 INFO mapreduce.Job:  map 100% reduce 92%
15/08/06 00:25:47 INFO mapreduce.Job:  map 100% reduce 93%
15/08/06 00:25:50 INFO mapreduce.Job:  map 100% reduce 94%
15/08/06 00:25:52 INFO mapreduce.Job:  map 100% reduce 95%
15/08/06 00:25:55 INFO mapreduce.Job:  map 100% reduce 96%
15/08/06 00:25:58 INFO mapreduce.Job:  map 100% reduce 97%
15/08/06 00:26:03 INFO mapreduce.Job:  map 100% reduce 98%
15/08/06 00:26:08 INFO mapreduce.Job:  map 100% reduce 99%
15/08/06 00:26:15 INFO mapreduce.Job:  map 100% reduce 100%
15/08/06 00:26:30 INFO mapreduce.Job: Job job_1438789174539_0064 completed successfully
15/08/06 00:26:30 INFO mapreduce.Job: Counters: 51
	File System Counters
		FILE: Number of bytes read=21205204191
		FILE: Number of bytes written=42339241102
		FILE: Number of read operations=0
		FILE: Number of large read operations=0
		FILE: Number of write operations=0
		HDFS: Number of bytes read=63658132005
		HDFS: Number of bytes written=598406528
		HDFS: Number of read operations=2271
		HDFS: Number of large read operations=0
		HDFS: Number of write operations=560
	Job Counters 
		Killed reduce tasks=2
		Launched map tasks=477
		Launched reduce tasks=282
		Data-local map tasks=413
		Rack-local map tasks=64
		Total time spent by all maps in occupied slots (ms)=30873950
		Total time spent by all reduces in occupied slots (ms)=41496636
		Total time spent by all map tasks (ms)=30873950
		Total time spent by all reduce tasks (ms)=20748318
		Total vcore-seconds taken by all map tasks=30873950
		Total vcore-seconds taken by all reduce tasks=20748318
		Total megabyte-seconds taken by all map tasks=47422387200
		Total megabyte-seconds taken by all reduce tasks=63738832896
	Map-Reduce Framework
		Map input records=603240458
		Map output records=605860056
		Map output bytes=19883604890
		Map output materialized bytes=21096126362
		Input split bytes=121625
		Combine input records=0
		Combine output records=0
		Reduce input groups=605853994
		Reduce shuffle bytes=21096126362
		Reduce input records=605860056
		Reduce output records=21948801
		Spilled Records=1214528442
		Shuffled Maps =133560
		Failed Shuffles=0
		Merged Map outputs=133560
		GC time elapsed (ms)=1344510
		CPU time spent (ms)=21884170
		Physical memory (bytes) snapshot=515149475840
		Virtual memory (bytes) snapshot=1749112074240
		Total committed heap usage (bytes)=482459975680
	Shuffle Errors
		BAD_ID=0
		CONNECTION=0
		IO_ERROR=0
		WRONG_LENGTH=0
		WRONG_MAP=0
		WRONG_REDUCE=0
	File Input Format Counters 
		Bytes Read=0
	File Output Format Counters 
		Bytes Written=598406528
15/08/06 00:26:30 INFO client.RMProxy: Connecting to ResourceManager at node-10/10.22.0.10:8032
15/08/06 00:26:30 WARN mapreduce.JobSubmitter: Hadoop command-line option parsing not performed. Implement the Tool interface and execute your application with ToolRunner to remedy this.
15/08/06 00:26:30 INFO input.FileInputFormat: Total input paths to process : 280
15/08/06 00:26:31 INFO mapreduce.JobSubmitter: number of splits:280
15/08/06 00:26:31 INFO mapreduce.JobSubmitter: Submitting tokens for job: job_1438789174539_0065
15/08/06 00:26:31 INFO impl.YarnClientImpl: Submitted application application_1438789174539_0065
15/08/06 00:26:31 INFO mapreduce.Job: The url to track the job: http://node-10:8088/proxy/application_1438789174539_0065/
15/08/06 00:26:31 INFO mapreduce.Job: Running job: job_1438789174539_0065
15/08/06 00:26:52 INFO mapreduce.Job: Job job_1438789174539_0065 running in uber mode : false
15/08/06 00:26:52 INFO mapreduce.Job:  map 0% reduce 0%
15/08/06 00:27:17 INFO mapreduce.Job:  map 1% reduce 0%
15/08/06 00:27:24 INFO mapreduce.Job:  map 3% reduce 0%
15/08/06 00:27:26 INFO mapreduce.Job:  map 4% reduce 0%
15/08/06 00:27:27 INFO mapreduce.Job:  map 6% reduce 0%
15/08/06 00:27:28 INFO mapreduce.Job:  map 8% reduce 0%
15/08/06 00:27:30 INFO mapreduce.Job:  map 12% reduce 0%
15/08/06 00:27:31 INFO mapreduce.Job:  map 15% reduce 0%
15/08/06 00:27:32 INFO mapreduce.Job:  map 16% reduce 0%
15/08/06 00:27:33 INFO mapreduce.Job:  map 22% reduce 0%
15/08/06 00:27:34 INFO mapreduce.Job:  map 26% reduce 0%
15/08/06 00:27:35 INFO mapreduce.Job:  map 27% reduce 0%
15/08/06 00:27:36 INFO mapreduce.Job:  map 28% reduce 0%
15/08/06 00:27:39 INFO mapreduce.Job:  map 29% reduce 0%
15/08/06 00:27:47 INFO mapreduce.Job:  map 30% reduce 0%
15/08/06 00:27:51 INFO mapreduce.Job:  map 31% reduce 0%
15/08/06 00:27:54 INFO mapreduce.Job:  map 32% reduce 10%
15/08/06 00:27:55 INFO mapreduce.Job:  map 33% reduce 10%
15/08/06 00:27:57 INFO mapreduce.Job:  map 34% reduce 11%
15/08/06 00:27:58 INFO mapreduce.Job:  map 36% reduce 11%
15/08/06 00:27:59 INFO mapreduce.Job:  map 37% reduce 11%
15/08/06 00:28:00 INFO mapreduce.Job:  map 40% reduce 12%
15/08/06 00:28:01 INFO mapreduce.Job:  map 43% reduce 12%
15/08/06 00:28:02 INFO mapreduce.Job:  map 45% reduce 12%
15/08/06 00:28:03 INFO mapreduce.Job:  map 48% reduce 15%
15/08/06 00:28:04 INFO mapreduce.Job:  map 50% reduce 15%
15/08/06 00:28:05 INFO mapreduce.Job:  map 51% reduce 15%
15/08/06 00:28:06 INFO mapreduce.Job:  map 54% reduce 17%
15/08/06 00:28:07 INFO mapreduce.Job:  map 55% reduce 17%
15/08/06 00:28:08 INFO mapreduce.Job:  map 56% reduce 17%
15/08/06 00:28:09 INFO mapreduce.Job:  map 56% reduce 18%
15/08/06 00:28:11 INFO mapreduce.Job:  map 57% reduce 18%
15/08/06 00:28:12 INFO mapreduce.Job:  map 57% reduce 19%
15/08/06 00:28:17 INFO mapreduce.Job:  map 58% reduce 19%
15/08/06 00:28:18 INFO mapreduce.Job:  map 59% reduce 19%
15/08/06 00:28:21 INFO mapreduce.Job:  map 59% reduce 20%
15/08/06 00:28:22 INFO mapreduce.Job:  map 60% reduce 20%
15/08/06 00:28:23 INFO mapreduce.Job:  map 61% reduce 20%
15/08/06 00:28:25 INFO mapreduce.Job:  map 63% reduce 20%
15/08/06 00:28:27 INFO mapreduce.Job:  map 64% reduce 20%
15/08/06 00:28:28 INFO mapreduce.Job:  map 65% reduce 21%
15/08/06 00:28:29 INFO mapreduce.Job:  map 66% reduce 21%
15/08/06 00:28:30 INFO mapreduce.Job:  map 68% reduce 21%
15/08/06 00:28:31 INFO mapreduce.Job:  map 70% reduce 23%
15/08/06 00:28:32 INFO mapreduce.Job:  map 72% reduce 23%
15/08/06 00:28:33 INFO mapreduce.Job:  map 75% reduce 23%
15/08/06 00:28:34 INFO mapreduce.Job:  map 77% reduce 23%
15/08/06 00:28:35 INFO mapreduce.Job:  map 78% reduce 25%
15/08/06 00:28:36 INFO mapreduce.Job:  map 79% reduce 25%
15/08/06 00:28:37 INFO mapreduce.Job:  map 80% reduce 25%
15/08/06 00:28:38 INFO mapreduce.Job:  map 81% reduce 26%
15/08/06 00:28:39 INFO mapreduce.Job:  map 82% reduce 26%
15/08/06 00:28:40 INFO mapreduce.Job:  map 83% reduce 26%
15/08/06 00:28:41 INFO mapreduce.Job:  map 83% reduce 27%
15/08/06 00:28:42 INFO mapreduce.Job:  map 84% reduce 27%
15/08/06 00:28:44 INFO mapreduce.Job:  map 85% reduce 28%
15/08/06 00:28:45 INFO mapreduce.Job:  map 86% reduce 28%
15/08/06 00:28:46 INFO mapreduce.Job:  map 88% reduce 28%
15/08/06 00:28:47 INFO mapreduce.Job:  map 90% reduce 29%
15/08/06 00:28:48 INFO mapreduce.Job:  map 91% reduce 29%
15/08/06 00:28:49 INFO mapreduce.Job:  map 93% reduce 29%
15/08/06 00:28:50 INFO mapreduce.Job:  map 94% reduce 30%
15/08/06 00:28:51 INFO mapreduce.Job:  map 95% reduce 30%
15/08/06 00:28:52 INFO mapreduce.Job:  map 97% reduce 30%
15/08/06 00:28:53 INFO mapreduce.Job:  map 98% reduce 32%
15/08/06 00:28:54 INFO mapreduce.Job:  map 99% reduce 32%
15/08/06 00:28:56 INFO mapreduce.Job:  map 99% reduce 33%
15/08/06 00:28:58 INFO mapreduce.Job:  map 100% reduce 33%
15/08/06 00:29:02 INFO mapreduce.Job:  map 100% reduce 37%
15/08/06 00:29:05 INFO mapreduce.Job:  map 100% reduce 42%
15/08/06 00:29:08 INFO mapreduce.Job:  map 100% reduce 46%
15/08/06 00:29:11 INFO mapreduce.Job:  map 100% reduce 51%
15/08/06 00:29:14 INFO mapreduce.Job:  map 100% reduce 56%
15/08/06 00:29:17 INFO mapreduce.Job:  map 100% reduce 59%
15/08/06 00:29:20 INFO mapreduce.Job:  map 100% reduce 64%
15/08/06 00:29:23 INFO mapreduce.Job:  map 100% reduce 67%
15/08/06 00:29:26 INFO mapreduce.Job:  map 100% reduce 70%
15/08/06 00:29:29 INFO mapreduce.Job:  map 100% reduce 73%
15/08/06 00:29:32 INFO mapreduce.Job:  map 100% reduce 76%
15/08/06 00:29:35 INFO mapreduce.Job:  map 100% reduce 79%
15/08/06 00:29:38 INFO mapreduce.Job:  map 100% reduce 83%
15/08/06 00:29:41 INFO mapreduce.Job:  map 100% reduce 86%
15/08/06 00:29:44 INFO mapreduce.Job:  map 100% reduce 89%
15/08/06 00:29:48 INFO mapreduce.Job:  map 100% reduce 92%
15/08/06 00:29:51 INFO mapreduce.Job:  map 100% reduce 95%
15/08/06 00:29:54 INFO mapreduce.Job:  map 100% reduce 99%
15/08/06 00:29:56 INFO mapreduce.Job:  map 100% reduce 100%
15/08/06 00:29:56 INFO mapreduce.Job: Job job_1438789174539_0065 completed successfully
15/08/06 00:29:56 INFO mapreduce.Job: Counters: 51
	File System Counters
		FILE: Number of bytes read=642304136
		FILE: Number of bytes written=1314595289
		FILE: Number of read operations=0
		FILE: Number of large read operations=0
		FILE: Number of write operations=0
		HDFS: Number of bytes read=598438728
		HDFS: Number of bytes written=4860
		HDFS: Number of read operations=843
		HDFS: Number of large read operations=0
		HDFS: Number of write operations=2
	Job Counters 
		Killed map tasks=1
		Launched map tasks=281
		Launched reduce tasks=1
		Data-local map tasks=274
		Rack-local map tasks=7
		Total time spent by all maps in occupied slots (ms)=7902620
		Total time spent by all reduces in occupied slots (ms)=285134
		Total time spent by all map tasks (ms)=7902620
		Total time spent by all reduce tasks (ms)=142567
		Total vcore-seconds taken by all map tasks=7902620
		Total vcore-seconds taken by all reduce tasks=142567
		Total megabyte-seconds taken by all map tasks=12138424320
		Total megabyte-seconds taken by all reduce tasks=437965824
	Map-Reduce Framework
		Map input records=21948801
		Map output records=21948801
		Map output bytes=598406528
		Map output materialized bytes=642305810
		Input split bytes=32200
		Combine input records=0
		Combine output records=0
		Reduce input groups=150
		Reduce shuffle bytes=642305810
		Reduce input records=21948801
		Reduce output records=150
		Spilled Records=43897602
		Shuffled Maps =280
		Failed Shuffles=0
		Merged Map outputs=280
		GC time elapsed (ms)=143068
		CPU time spent (ms)=1040920
		Physical memory (bytes) snapshot=72761495552
		Virtual memory (bytes) snapshot=512583225344
		Total committed heap usage (bytes)=79225487360
	Shuffle Errors
		BAD_ID=0
		CONNECTION=0
		IO_ERROR=0
		WRONG_LENGTH=0
		WRONG_MAP=0
		WRONG_REDUCE=0
	File Input Format Counters 
		Bytes Read=598406528
	File Output Format Counters 
		Bytes Written=4860
15/08/06 00:29:56 INFO client.RMProxy: Connecting to ResourceManager at node-10/10.22.0.10:8032
15/08/06 00:29:56 WARN mapreduce.JobSubmitter: Hadoop command-line option parsing not performed. Implement the Tool interface and execute your application with ToolRunner to remedy this.
15/08/06 00:29:56 INFO input.FileInputFormat: Total input paths to process : 1
15/08/06 00:29:56 INFO mapreduce.JobSubmitter: number of splits:1
15/08/06 00:29:56 INFO mapreduce.JobSubmitter: Submitting tokens for job: job_1438789174539_0066
15/08/06 00:29:56 INFO impl.YarnClientImpl: Submitted application application_1438789174539_0066
15/08/06 00:29:56 INFO mapreduce.Job: The url to track the job: http://node-10:8088/proxy/application_1438789174539_0066/
15/08/06 00:29:56 INFO mapreduce.Job: Running job: job_1438789174539_0066
15/08/06 00:30:17 INFO mapreduce.Job: Job job_1438789174539_0066 running in uber mode : false
15/08/06 00:30:17 INFO mapreduce.Job:  map 0% reduce 0%
15/08/06 00:30:34 INFO mapreduce.Job:  map 100% reduce 0%
15/08/06 00:30:50 INFO mapreduce.Job:  map 100% reduce 100%
15/08/06 00:30:50 INFO mapreduce.Job: Job job_1438789174539_0066 completed successfully
15/08/06 00:30:50 INFO mapreduce.Job: Counters: 49
	File System Counters
		FILE: Number of bytes read=5316
		FILE: Number of bytes written=225381
		FILE: Number of read operations=0
		FILE: Number of large read operations=0
		FILE: Number of write operations=0
		HDFS: Number of bytes read=4975
		HDFS: Number of bytes written=4860
		HDFS: Number of read operations=6
		HDFS: Number of large read operations=0
		HDFS: Number of write operations=2
	Job Counters 
		Launched map tasks=1
		Launched reduce tasks=1
		Data-local map tasks=1
		Total time spent by all maps in occupied slots (ms)=13534
		Total time spent by all reduces in occupied slots (ms)=28926
		Total time spent by all map tasks (ms)=13534
		Total time spent by all reduce tasks (ms)=14463
		Total vcore-seconds taken by all map tasks=13534
		Total vcore-seconds taken by all reduce tasks=14463
		Total megabyte-seconds taken by all map tasks=20788224
		Total megabyte-seconds taken by all reduce tasks=44430336
	Map-Reduce Framework
		Map input records=150
		Map output records=150
		Map output bytes=5010
		Map output materialized bytes=5316
		Input split bytes=115
		Combine input records=0
		Combine output records=0
		Reduce input groups=1
		Reduce shuffle bytes=5316
		Reduce input records=150
		Reduce output records=150
		Spilled Records=300
		Shuffled Maps =1
		Failed Shuffles=0
		Merged Map outputs=1
		GC time elapsed (ms)=82
		CPU time spent (ms)=2550
		Physical memory (bytes) snapshot=398041088
		Virtual memory (bytes) snapshot=4974804992
		Total committed heap usage (bytes)=405209088
	Shuffle Errors
		BAD_ID=0
		CONNECTION=0
		IO_ERROR=0
		WRONG_LENGTH=0
		WRONG_MAP=0
		WRONG_REDUCE=0
	File Input Format Counters 
		Bytes Read=4860
	File Output Format Counters 
		Bytes Written=4860
Tempo(ms) job1 - junção: 1046125
Tempo(ms) job2 - group by: 205676
Tempo(ms) job3 - order by: 54211
Tempo total(ms): 1306012
