Running Hadoop from /mnt/hadoop-2.6.0
Running query: Q3.1  72 1 0 5
15/08/06 00:31:44 WARN util.NativeCodeLoader: Unable to load native-hadoop library for your platform... using builtin-java classes where applicable
15/08/06 00:31:49 INFO client.RMProxy: Connecting to ResourceManager at node-10/10.22.0.10:8032
15/08/06 00:31:50 WARN mapreduce.JobSubmitter: Hadoop command-line option parsing not performed. Implement the Tool interface and execute your application with ToolRunner to remedy this.
15/08/06 00:31:51 INFO input.FileInputFormat: Total input paths to process : 1
15/08/06 00:31:52 INFO input.FileInputFormat: Total input paths to process : 1
15/08/06 00:31:52 INFO input.FileInputFormat: Total input paths to process : 1
15/08/06 00:31:52 INFO input.FileInputFormat: Total input paths to process : 1
15/08/06 00:31:53 INFO mapreduce.JobSubmitter: number of splits:477
15/08/06 00:31:54 INFO mapreduce.JobSubmitter: Submitting tokens for job: job_1438789174539_0067
15/08/06 00:31:55 INFO impl.YarnClientImpl: Submitted application application_1438789174539_0067
15/08/06 00:31:55 INFO mapreduce.Job: The url to track the job: http://node-10:8088/proxy/application_1438789174539_0067/
15/08/06 00:31:55 INFO mapreduce.Job: Running job: job_1438789174539_0067
15/08/06 00:32:23 INFO mapreduce.Job: Job job_1438789174539_0067 running in uber mode : false
15/08/06 00:32:23 INFO mapreduce.Job:  map 0% reduce 0%
15/08/06 00:33:09 INFO mapreduce.Job:  map 1% reduce 0%
15/08/06 00:33:14 INFO mapreduce.Job:  map 2% reduce 0%
15/08/06 00:33:18 INFO mapreduce.Job:  map 3% reduce 0%
15/08/06 00:33:21 INFO mapreduce.Job:  map 4% reduce 0%
15/08/06 00:33:25 INFO mapreduce.Job:  map 5% reduce 0%
15/08/06 00:33:28 INFO mapreduce.Job:  map 6% reduce 0%
15/08/06 00:33:32 INFO mapreduce.Job:  map 7% reduce 0%
15/08/06 00:33:35 INFO mapreduce.Job:  map 8% reduce 0%
15/08/06 00:33:39 INFO mapreduce.Job:  map 9% reduce 0%
15/08/06 00:33:43 INFO mapreduce.Job:  map 10% reduce 0%
15/08/06 00:33:47 INFO mapreduce.Job:  map 11% reduce 0%
15/08/06 00:33:52 INFO mapreduce.Job:  map 12% reduce 0%
15/08/06 00:33:55 INFO mapreduce.Job:  map 13% reduce 0%
15/08/06 00:33:59 INFO mapreduce.Job:  map 14% reduce 0%
15/08/06 00:34:01 INFO mapreduce.Job:  map 15% reduce 0%
15/08/06 00:34:09 INFO mapreduce.Job:  map 16% reduce 0%
15/08/06 00:34:16 INFO mapreduce.Job:  map 17% reduce 0%
15/08/06 00:34:26 INFO mapreduce.Job:  map 18% reduce 0%
15/08/06 00:34:32 INFO mapreduce.Job:  map 19% reduce 0%
15/08/06 00:34:37 INFO mapreduce.Job:  map 20% reduce 0%
15/08/06 00:34:42 INFO mapreduce.Job:  map 21% reduce 0%
15/08/06 00:34:46 INFO mapreduce.Job:  map 22% reduce 0%
15/08/06 00:34:51 INFO mapreduce.Job:  map 23% reduce 0%
15/08/06 00:34:54 INFO mapreduce.Job:  map 24% reduce 0%
15/08/06 00:35:01 INFO mapreduce.Job:  map 25% reduce 0%
15/08/06 00:35:07 INFO mapreduce.Job:  map 26% reduce 0%
15/08/06 00:35:12 INFO mapreduce.Job:  map 27% reduce 0%
15/08/06 00:35:16 INFO mapreduce.Job:  map 28% reduce 0%
15/08/06 00:35:19 INFO mapreduce.Job:  map 29% reduce 0%
15/08/06 00:35:25 INFO mapreduce.Job:  map 30% reduce 0%
15/08/06 00:35:27 INFO mapreduce.Job:  map 31% reduce 0%
15/08/06 00:35:34 INFO mapreduce.Job:  map 32% reduce 0%
15/08/06 00:35:42 INFO mapreduce.Job:  map 33% reduce 0%
15/08/06 00:35:49 INFO mapreduce.Job:  map 34% reduce 0%
15/08/06 00:35:57 INFO mapreduce.Job:  map 35% reduce 0%
15/08/06 00:36:03 INFO mapreduce.Job:  map 36% reduce 0%
15/08/06 00:36:08 INFO mapreduce.Job:  map 37% reduce 0%
15/08/06 00:36:13 INFO mapreduce.Job:  map 38% reduce 0%
15/08/06 00:36:19 INFO mapreduce.Job:  map 39% reduce 0%
15/08/06 00:36:24 INFO mapreduce.Job:  map 40% reduce 0%
15/08/06 00:36:30 INFO mapreduce.Job:  map 41% reduce 0%
15/08/06 00:36:37 INFO mapreduce.Job:  map 42% reduce 0%
15/08/06 00:36:41 INFO mapreduce.Job:  map 43% reduce 0%
15/08/06 00:36:46 INFO mapreduce.Job:  map 44% reduce 0%
15/08/06 00:36:53 INFO mapreduce.Job:  map 45% reduce 0%
15/08/06 00:36:55 INFO mapreduce.Job:  map 45% reduce 1%
15/08/06 00:37:00 INFO mapreduce.Job:  map 46% reduce 1%
15/08/06 00:37:08 INFO mapreduce.Job:  map 47% reduce 1%
15/08/06 00:37:17 INFO mapreduce.Job:  map 48% reduce 1%
15/08/06 00:37:23 INFO mapreduce.Job:  map 49% reduce 1%
15/08/06 00:37:28 INFO mapreduce.Job:  map 50% reduce 1%
15/08/06 00:37:35 INFO mapreduce.Job:  map 51% reduce 1%
15/08/06 00:37:42 INFO mapreduce.Job:  map 52% reduce 1%
15/08/06 00:37:47 INFO mapreduce.Job:  map 53% reduce 1%
15/08/06 00:37:52 INFO mapreduce.Job:  map 54% reduce 1%
15/08/06 00:38:01 INFO mapreduce.Job:  map 55% reduce 1%
15/08/06 00:38:07 INFO mapreduce.Job:  map 56% reduce 1%
15/08/06 00:38:12 INFO mapreduce.Job:  map 57% reduce 1%
15/08/06 00:38:22 INFO mapreduce.Job:  map 58% reduce 1%
15/08/06 00:38:30 INFO mapreduce.Job:  map 59% reduce 1%
15/08/06 00:38:36 INFO mapreduce.Job:  map 60% reduce 1%
15/08/06 00:38:45 INFO mapreduce.Job:  map 61% reduce 1%
15/08/06 00:38:52 INFO mapreduce.Job:  map 62% reduce 1%
15/08/06 00:38:58 INFO mapreduce.Job:  map 63% reduce 1%
15/08/06 00:39:05 INFO mapreduce.Job:  map 64% reduce 1%
15/08/06 00:39:12 INFO mapreduce.Job:  map 65% reduce 1%
15/08/06 00:39:19 INFO mapreduce.Job:  map 66% reduce 1%
15/08/06 00:39:27 INFO mapreduce.Job:  map 67% reduce 1%
15/08/06 00:39:34 INFO mapreduce.Job:  map 68% reduce 1%
15/08/06 00:39:40 INFO mapreduce.Job:  map 69% reduce 1%
15/08/06 00:39:48 INFO mapreduce.Job:  map 70% reduce 1%
15/08/06 00:39:57 INFO mapreduce.Job:  map 71% reduce 1%
15/08/06 00:40:06 INFO mapreduce.Job:  map 72% reduce 1%
15/08/06 00:40:16 INFO mapreduce.Job:  map 73% reduce 1%
15/08/06 00:40:25 INFO mapreduce.Job:  map 74% reduce 1%
15/08/06 00:40:33 INFO mapreduce.Job:  map 75% reduce 1%
15/08/06 00:40:41 INFO mapreduce.Job:  map 76% reduce 1%
15/08/06 00:40:48 INFO mapreduce.Job:  map 77% reduce 1%
15/08/06 00:40:57 INFO mapreduce.Job:  map 78% reduce 1%
15/08/06 00:41:08 INFO mapreduce.Job:  map 79% reduce 1%
15/08/06 00:41:21 INFO mapreduce.Job:  map 80% reduce 1%
15/08/06 00:41:29 INFO mapreduce.Job:  map 81% reduce 1%
15/08/06 00:41:37 INFO mapreduce.Job:  map 82% reduce 1%
15/08/06 00:41:47 INFO mapreduce.Job:  map 83% reduce 1%
15/08/06 00:41:57 INFO mapreduce.Job:  map 84% reduce 1%
15/08/06 00:42:07 INFO mapreduce.Job:  map 85% reduce 1%
15/08/06 00:42:15 INFO mapreduce.Job:  map 86% reduce 1%
15/08/06 00:42:26 INFO mapreduce.Job:  map 87% reduce 1%
15/08/06 00:42:30 INFO mapreduce.Job:  map 87% reduce 2%
15/08/06 00:42:37 INFO mapreduce.Job:  map 88% reduce 2%
15/08/06 00:42:48 INFO mapreduce.Job:  map 89% reduce 2%
15/08/06 00:42:59 INFO mapreduce.Job:  map 90% reduce 2%
15/08/06 00:43:08 INFO mapreduce.Job:  map 91% reduce 2%
15/08/06 00:43:16 INFO mapreduce.Job:  map 92% reduce 2%
15/08/06 00:43:24 INFO mapreduce.Job:  map 93% reduce 2%
15/08/06 00:43:33 INFO mapreduce.Job:  map 94% reduce 2%
15/08/06 00:43:43 INFO mapreduce.Job:  map 95% reduce 2%
15/08/06 00:43:53 INFO mapreduce.Job:  map 96% reduce 2%
15/08/06 00:44:00 INFO mapreduce.Job:  map 97% reduce 2%
15/08/06 00:44:06 INFO mapreduce.Job:  map 98% reduce 2%
15/08/06 00:44:15 INFO mapreduce.Job:  map 99% reduce 2%
15/08/06 00:44:28 INFO mapreduce.Job:  map 99% reduce 3%
15/08/06 00:44:33 INFO mapreduce.Job:  map 100% reduce 3%
15/08/06 00:44:54 INFO mapreduce.Job:  map 100% reduce 4%
15/08/06 00:44:55 INFO mapreduce.Job:  map 100% reduce 5%
15/08/06 00:44:57 INFO mapreduce.Job:  map 100% reduce 6%
15/08/06 00:44:59 INFO mapreduce.Job:  map 100% reduce 7%
15/08/06 00:45:03 INFO mapreduce.Job:  map 100% reduce 8%
15/08/06 00:45:04 INFO mapreduce.Job:  map 100% reduce 9%
15/08/06 00:45:10 INFO mapreduce.Job:  map 100% reduce 10%
15/08/06 00:45:21 INFO mapreduce.Job:  map 100% reduce 11%
15/08/06 00:45:22 INFO mapreduce.Job:  map 100% reduce 12%
15/08/06 00:45:24 INFO mapreduce.Job:  map 100% reduce 13%
15/08/06 00:45:25 INFO mapreduce.Job:  map 100% reduce 14%
15/08/06 00:45:27 INFO mapreduce.Job:  map 100% reduce 15%
15/08/06 00:45:31 INFO mapreduce.Job:  map 100% reduce 16%
15/08/06 00:45:34 INFO mapreduce.Job:  map 100% reduce 17%
15/08/06 00:45:39 INFO mapreduce.Job:  map 100% reduce 18%
15/08/06 00:45:45 INFO mapreduce.Job:  map 100% reduce 19%
15/08/06 00:45:49 INFO mapreduce.Job:  map 100% reduce 20%
15/08/06 00:45:51 INFO mapreduce.Job:  map 100% reduce 21%
15/08/06 00:45:54 INFO mapreduce.Job:  map 100% reduce 22%
15/08/06 00:45:56 INFO mapreduce.Job:  map 100% reduce 23%
15/08/06 00:45:59 INFO mapreduce.Job:  map 100% reduce 24%
15/08/06 00:46:02 INFO mapreduce.Job:  map 100% reduce 25%
15/08/06 00:46:05 INFO mapreduce.Job:  map 100% reduce 26%
15/08/06 00:46:09 INFO mapreduce.Job:  map 100% reduce 27%
15/08/06 00:46:15 INFO mapreduce.Job:  map 100% reduce 28%
15/08/06 00:46:18 INFO mapreduce.Job:  map 100% reduce 29%
15/08/06 00:46:21 INFO mapreduce.Job:  map 100% reduce 30%
15/08/06 00:46:25 INFO mapreduce.Job:  map 100% reduce 31%
15/08/06 00:46:28 INFO mapreduce.Job:  map 100% reduce 32%
15/08/06 00:46:31 INFO mapreduce.Job:  map 100% reduce 33%
15/08/06 00:46:36 INFO mapreduce.Job:  map 100% reduce 34%
15/08/06 00:46:38 INFO mapreduce.Job:  map 100% reduce 35%
15/08/06 00:46:40 INFO mapreduce.Job:  map 100% reduce 36%
15/08/06 00:46:45 INFO mapreduce.Job:  map 100% reduce 37%
15/08/06 00:46:50 INFO mapreduce.Job:  map 100% reduce 38%
15/08/06 00:46:51 INFO mapreduce.Job:  map 100% reduce 39%
15/08/06 00:46:55 INFO mapreduce.Job:  map 100% reduce 40%
15/08/06 00:46:59 INFO mapreduce.Job:  map 100% reduce 41%
15/08/06 00:47:01 INFO mapreduce.Job:  map 100% reduce 42%
15/08/06 00:47:06 INFO mapreduce.Job:  map 100% reduce 43%
15/08/06 00:47:09 INFO mapreduce.Job:  map 100% reduce 44%
15/08/06 00:47:12 INFO mapreduce.Job:  map 100% reduce 45%
15/08/06 00:47:15 INFO mapreduce.Job:  map 100% reduce 46%
15/08/06 00:47:18 INFO mapreduce.Job:  map 100% reduce 47%
15/08/06 00:47:22 INFO mapreduce.Job:  map 100% reduce 48%
15/08/06 00:47:25 INFO mapreduce.Job:  map 100% reduce 49%
15/08/06 00:47:28 INFO mapreduce.Job:  map 100% reduce 50%
15/08/06 00:47:33 INFO mapreduce.Job:  map 100% reduce 51%
15/08/06 00:47:37 INFO mapreduce.Job:  map 100% reduce 52%
15/08/06 00:47:39 INFO mapreduce.Job:  map 100% reduce 53%
15/08/06 00:47:42 INFO mapreduce.Job:  map 100% reduce 54%
15/08/06 00:47:46 INFO mapreduce.Job:  map 100% reduce 55%
15/08/06 00:47:49 INFO mapreduce.Job:  map 100% reduce 56%
15/08/06 00:47:54 INFO mapreduce.Job:  map 100% reduce 57%
15/08/06 00:47:57 INFO mapreduce.Job:  map 100% reduce 58%
15/08/06 00:48:00 INFO mapreduce.Job:  map 100% reduce 59%
15/08/06 00:48:03 INFO mapreduce.Job:  map 100% reduce 60%
15/08/06 00:48:07 INFO mapreduce.Job:  map 100% reduce 61%
15/08/06 00:48:10 INFO mapreduce.Job:  map 100% reduce 62%
15/08/06 00:48:12 INFO mapreduce.Job:  map 100% reduce 63%
15/08/06 00:48:16 INFO mapreduce.Job:  map 100% reduce 64%
15/08/06 00:48:20 INFO mapreduce.Job:  map 100% reduce 65%
15/08/06 00:48:24 INFO mapreduce.Job:  map 100% reduce 66%
15/08/06 00:48:25 INFO mapreduce.Job:  map 100% reduce 67%
15/08/06 00:48:30 INFO mapreduce.Job:  map 100% reduce 68%
15/08/06 00:48:33 INFO mapreduce.Job:  map 100% reduce 69%
15/08/06 00:48:36 INFO mapreduce.Job:  map 100% reduce 70%
15/08/06 00:48:39 INFO mapreduce.Job:  map 100% reduce 71%
15/08/06 00:48:42 INFO mapreduce.Job:  map 100% reduce 72%
15/08/06 00:48:45 INFO mapreduce.Job:  map 100% reduce 73%
15/08/06 00:48:51 INFO mapreduce.Job:  map 100% reduce 74%
15/08/06 00:48:52 INFO mapreduce.Job:  map 100% reduce 75%
15/08/06 00:48:57 INFO mapreduce.Job:  map 100% reduce 76%
15/08/06 00:49:01 INFO mapreduce.Job:  map 100% reduce 77%
15/08/06 00:49:05 INFO mapreduce.Job:  map 100% reduce 78%
15/08/06 00:49:08 INFO mapreduce.Job:  map 100% reduce 79%
15/08/06 00:49:10 INFO mapreduce.Job:  map 100% reduce 80%
15/08/06 00:49:12 INFO mapreduce.Job:  map 100% reduce 81%
15/08/06 00:49:18 INFO mapreduce.Job:  map 100% reduce 82%
15/08/06 00:49:21 INFO mapreduce.Job:  map 100% reduce 83%
15/08/06 00:49:22 INFO mapreduce.Job:  map 100% reduce 84%
15/08/06 00:49:26 INFO mapreduce.Job:  map 100% reduce 85%
15/08/06 00:49:31 INFO mapreduce.Job:  map 100% reduce 86%
15/08/06 00:49:33 INFO mapreduce.Job:  map 100% reduce 87%
15/08/06 00:49:37 INFO mapreduce.Job:  map 100% reduce 88%
15/08/06 00:49:40 INFO mapreduce.Job:  map 100% reduce 89%
15/08/06 00:49:43 INFO mapreduce.Job:  map 100% reduce 90%
15/08/06 00:49:46 INFO mapreduce.Job:  map 100% reduce 91%
15/08/06 00:49:50 INFO mapreduce.Job:  map 100% reduce 92%
15/08/06 00:49:54 INFO mapreduce.Job:  map 100% reduce 93%
15/08/06 00:49:58 INFO mapreduce.Job:  map 100% reduce 94%
15/08/06 00:50:01 INFO mapreduce.Job:  map 100% reduce 95%
15/08/06 00:50:03 INFO mapreduce.Job:  map 100% reduce 96%
15/08/06 00:50:05 INFO mapreduce.Job:  map 100% reduce 97%
15/08/06 00:50:09 INFO mapreduce.Job:  map 100% reduce 98%
15/08/06 00:50:13 INFO mapreduce.Job:  map 100% reduce 99%
15/08/06 00:50:22 INFO mapreduce.Job:  map 100% reduce 100%
15/08/06 00:50:37 INFO mapreduce.Job: Job job_1438789174539_0067 completed successfully
15/08/06 00:50:38 INFO mapreduce.Job: Counters: 51
	File System Counters
		FILE: Number of bytes read=21256119465
		FILE: Number of bytes written=42389857882
		FILE: Number of read operations=0
		FILE: Number of large read operations=0
		FILE: Number of write operations=0
		HDFS: Number of bytes read=63658132005
		HDFS: Number of bytes written=598406528
		HDFS: Number of read operations=2511
		HDFS: Number of large read operations=0
		HDFS: Number of write operations=720
	Job Counters 
		Killed reduce tasks=2
		Launched map tasks=477
		Launched reduce tasks=362
		Data-local map tasks=405
		Rack-local map tasks=72
		Total time spent by all maps in occupied slots (ms)=31852627
		Total time spent by all reduces in occupied slots (ms)=46772130
		Total time spent by all map tasks (ms)=31852627
		Total time spent by all reduce tasks (ms)=23386065
		Total vcore-seconds taken by all map tasks=31852627
		Total vcore-seconds taken by all reduce tasks=23386065
		Total megabyte-seconds taken by all map tasks=48925635072
		Total megabyte-seconds taken by all reduce tasks=71841991680
	Map-Reduce Framework
		Map input records=603240458
		Map output records=606715670
		Map output bytes=19901420439
		Map output materialized bytes=21115882099
		Input split bytes=121625
		Combine input records=0
		Combine output records=0
		Reduce input groups=606709608
		Reduce shuffle bytes=21115882099
		Reduce input records=606715670
		Reduce output records=21948801
		Spilled Records=1216319908
		Shuffled Maps =171720
		Failed Shuffles=0
		Merged Map outputs=171720
		GC time elapsed (ms)=1453939
		CPU time spent (ms)=22535390
		Physical memory (bytes) snapshot=572094464000
		Virtual memory (bytes) snapshot=1999585886208
		Total committed heap usage (bytes)=522913316864
	Shuffle Errors
		BAD_ID=0
		CONNECTION=0
		IO_ERROR=0
		WRONG_LENGTH=0
		WRONG_MAP=0
		WRONG_REDUCE=0
	File Input Format Counters 
		Bytes Read=0
	File Output Format Counters 
		Bytes Written=598406528
15/08/06 00:50:38 INFO client.RMProxy: Connecting to ResourceManager at node-10/10.22.0.10:8032
15/08/06 00:50:38 WARN mapreduce.JobSubmitter: Hadoop command-line option parsing not performed. Implement the Tool interface and execute your application with ToolRunner to remedy this.
15/08/06 00:50:38 INFO input.FileInputFormat: Total input paths to process : 360
15/08/06 00:50:38 INFO mapreduce.JobSubmitter: number of splits:360
15/08/06 00:50:38 INFO mapreduce.JobSubmitter: Submitting tokens for job: job_1438789174539_0068
15/08/06 00:50:38 INFO impl.YarnClientImpl: Submitted application application_1438789174539_0068
15/08/06 00:50:38 INFO mapreduce.Job: The url to track the job: http://node-10:8088/proxy/application_1438789174539_0068/
15/08/06 00:50:38 INFO mapreduce.Job: Running job: job_1438789174539_0068
15/08/06 00:50:59 INFO mapreduce.Job: Job job_1438789174539_0068 running in uber mode : false
15/08/06 00:50:59 INFO mapreduce.Job:  map 0% reduce 0%
15/08/06 00:51:24 INFO mapreduce.Job:  map 1% reduce 0%
15/08/06 00:51:31 INFO mapreduce.Job:  map 2% reduce 0%
15/08/06 00:51:33 INFO mapreduce.Job:  map 3% reduce 0%
15/08/06 00:51:34 INFO mapreduce.Job:  map 4% reduce 0%
15/08/06 00:51:35 INFO mapreduce.Job:  map 6% reduce 0%
15/08/06 00:51:36 INFO mapreduce.Job:  map 8% reduce 0%
15/08/06 00:51:37 INFO mapreduce.Job:  map 9% reduce 0%
15/08/06 00:51:38 INFO mapreduce.Job:  map 12% reduce 0%
15/08/06 00:51:40 INFO mapreduce.Job:  map 13% reduce 0%
15/08/06 00:51:41 INFO mapreduce.Job:  map 17% reduce 0%
15/08/06 00:51:42 INFO mapreduce.Job:  map 20% reduce 0%
15/08/06 00:51:44 INFO mapreduce.Job:  map 21% reduce 0%
15/08/06 00:51:45 INFO mapreduce.Job:  map 22% reduce 0%
15/08/06 00:51:53 INFO mapreduce.Job:  map 23% reduce 0%
15/08/06 00:51:58 INFO mapreduce.Job:  map 24% reduce 0%
15/08/06 00:52:02 INFO mapreduce.Job:  map 25% reduce 7%
15/08/06 00:52:04 INFO mapreduce.Job:  map 27% reduce 7%
15/08/06 00:52:05 INFO mapreduce.Job:  map 28% reduce 9%
15/08/06 00:52:06 INFO mapreduce.Job:  map 29% reduce 9%
15/08/06 00:52:07 INFO mapreduce.Job:  map 30% reduce 9%
15/08/06 00:52:08 INFO mapreduce.Job:  map 32% reduce 10%
15/08/06 00:52:09 INFO mapreduce.Job:  map 34% reduce 10%
15/08/06 00:52:10 INFO mapreduce.Job:  map 35% reduce 10%
15/08/06 00:52:11 INFO mapreduce.Job:  map 37% reduce 11%
15/08/06 00:52:12 INFO mapreduce.Job:  map 38% reduce 11%
15/08/06 00:52:13 INFO mapreduce.Job:  map 41% reduce 11%
15/08/06 00:52:14 INFO mapreduce.Job:  map 42% reduce 13%
15/08/06 00:52:15 INFO mapreduce.Job:  map 43% reduce 13%
15/08/06 00:52:17 INFO mapreduce.Job:  map 43% reduce 14%
15/08/06 00:52:18 INFO mapreduce.Job:  map 44% reduce 14%
15/08/06 00:52:20 INFO mapreduce.Job:  map 44% reduce 15%
15/08/06 00:52:21 INFO mapreduce.Job:  map 45% reduce 15%
15/08/06 00:52:24 INFO mapreduce.Job:  map 46% reduce 15%
15/08/06 00:52:28 INFO mapreduce.Job:  map 47% reduce 15%
15/08/06 00:52:31 INFO mapreduce.Job:  map 49% reduce 15%
15/08/06 00:52:32 INFO mapreduce.Job:  map 49% reduce 16%
15/08/06 00:52:33 INFO mapreduce.Job:  map 50% reduce 16%
15/08/06 00:52:34 INFO mapreduce.Job:  map 51% reduce 16%
15/08/06 00:52:35 INFO mapreduce.Job:  map 52% reduce 17%
15/08/06 00:52:36 INFO mapreduce.Job:  map 53% reduce 17%
15/08/06 00:52:37 INFO mapreduce.Job:  map 55% reduce 17%
15/08/06 00:52:38 INFO mapreduce.Job:  map 56% reduce 18%
15/08/06 00:52:39 INFO mapreduce.Job:  map 57% reduce 18%
15/08/06 00:52:40 INFO mapreduce.Job:  map 58% reduce 18%
15/08/06 00:52:42 INFO mapreduce.Job:  map 58% reduce 19%
15/08/06 00:52:43 INFO mapreduce.Job:  map 59% reduce 19%
15/08/06 00:52:44 INFO mapreduce.Job:  map 61% reduce 19%
15/08/06 00:52:45 INFO mapreduce.Job:  map 62% reduce 20%
15/08/06 00:52:46 INFO mapreduce.Job:  map 63% reduce 20%
15/08/06 00:52:47 INFO mapreduce.Job:  map 64% reduce 20%
15/08/06 00:52:48 INFO mapreduce.Job:  map 64% reduce 21%
15/08/06 00:52:51 INFO mapreduce.Job:  map 65% reduce 21%
15/08/06 00:52:52 INFO mapreduce.Job:  map 66% reduce 21%
15/08/06 00:52:53 INFO mapreduce.Job:  map 67% reduce 21%
15/08/06 00:52:54 INFO mapreduce.Job:  map 67% reduce 22%
15/08/06 00:52:57 INFO mapreduce.Job:  map 68% reduce 22%
15/08/06 00:52:58 INFO mapreduce.Job:  map 69% reduce 22%
15/08/06 00:53:00 INFO mapreduce.Job:  map 70% reduce 23%
15/08/06 00:53:01 INFO mapreduce.Job:  map 71% reduce 23%
15/08/06 00:53:03 INFO mapreduce.Job:  map 72% reduce 24%
15/08/06 00:53:04 INFO mapreduce.Job:  map 73% reduce 24%
15/08/06 00:53:06 INFO mapreduce.Job:  map 74% reduce 24%
15/08/06 00:53:07 INFO mapreduce.Job:  map 75% reduce 24%
15/08/06 00:53:08 INFO mapreduce.Job:  map 76% reduce 24%
15/08/06 00:53:09 INFO mapreduce.Job:  map 78% reduce 24%
15/08/06 00:53:10 INFO mapreduce.Job:  map 79% reduce 25%
15/08/06 00:53:11 INFO mapreduce.Job:  map 80% reduce 25%
15/08/06 00:53:12 INFO mapreduce.Job:  map 81% reduce 27%
15/08/06 00:53:13 INFO mapreduce.Job:  map 82% reduce 27%
15/08/06 00:53:15 INFO mapreduce.Job:  map 83% reduce 27%
15/08/06 00:53:16 INFO mapreduce.Job:  map 84% reduce 27%
15/08/06 00:53:18 INFO mapreduce.Job:  map 85% reduce 28%
15/08/06 00:53:19 INFO mapreduce.Job:  map 86% reduce 28%
15/08/06 00:53:20 INFO mapreduce.Job:  map 87% reduce 28%
15/08/06 00:53:21 INFO mapreduce.Job:  map 88% reduce 29%
15/08/06 00:53:25 INFO mapreduce.Job:  map 90% reduce 29%
15/08/06 00:53:27 INFO mapreduce.Job:  map 91% reduce 30%
15/08/06 00:53:29 INFO mapreduce.Job:  map 92% reduce 30%
15/08/06 00:53:30 INFO mapreduce.Job:  map 93% reduce 31%
15/08/06 00:53:31 INFO mapreduce.Job:  map 95% reduce 31%
15/08/06 00:53:32 INFO mapreduce.Job:  map 97% reduce 31%
15/08/06 00:53:33 INFO mapreduce.Job:  map 97% reduce 32%
15/08/06 00:53:34 INFO mapreduce.Job:  map 98% reduce 32%
15/08/06 00:53:36 INFO mapreduce.Job:  map 98% reduce 33%
15/08/06 00:53:38 INFO mapreduce.Job:  map 99% reduce 33%
15/08/06 00:53:41 INFO mapreduce.Job:  map 100% reduce 33%
15/08/06 00:53:45 INFO mapreduce.Job:  map 100% reduce 34%
15/08/06 00:53:48 INFO mapreduce.Job:  map 100% reduce 36%
15/08/06 00:53:51 INFO mapreduce.Job:  map 100% reduce 38%
15/08/06 00:53:54 INFO mapreduce.Job:  map 100% reduce 41%
15/08/06 00:53:57 INFO mapreduce.Job:  map 100% reduce 44%
15/08/06 00:54:00 INFO mapreduce.Job:  map 100% reduce 49%
15/08/06 00:54:03 INFO mapreduce.Job:  map 100% reduce 53%
15/08/06 00:54:06 INFO mapreduce.Job:  map 100% reduce 58%
15/08/06 00:54:09 INFO mapreduce.Job:  map 100% reduce 62%
15/08/06 00:54:12 INFO mapreduce.Job:  map 100% reduce 66%
15/08/06 00:54:15 INFO mapreduce.Job:  map 100% reduce 68%
15/08/06 00:54:18 INFO mapreduce.Job:  map 100% reduce 70%
15/08/06 00:54:22 INFO mapreduce.Job:  map 100% reduce 73%
15/08/06 00:54:25 INFO mapreduce.Job:  map 100% reduce 75%
15/08/06 00:54:28 INFO mapreduce.Job:  map 100% reduce 77%
15/08/06 00:54:31 INFO mapreduce.Job:  map 100% reduce 80%
15/08/06 00:54:34 INFO mapreduce.Job:  map 100% reduce 82%
15/08/06 00:54:37 INFO mapreduce.Job:  map 100% reduce 85%
15/08/06 00:54:40 INFO mapreduce.Job:  map 100% reduce 88%
15/08/06 00:54:43 INFO mapreduce.Job:  map 100% reduce 90%
15/08/06 00:54:46 INFO mapreduce.Job:  map 100% reduce 92%
15/08/06 00:54:50 INFO mapreduce.Job:  map 100% reduce 95%
15/08/06 00:54:53 INFO mapreduce.Job:  map 100% reduce 97%
15/08/06 00:54:56 INFO mapreduce.Job:  map 100% reduce 100%
15/08/06 00:54:57 INFO mapreduce.Job: Job job_1438789174539_0068 completed successfully
15/08/06 00:54:57 INFO mapreduce.Job: Counters: 51
	File System Counters
		FILE: Number of bytes read=642304136
		FILE: Number of bytes written=1323132569
		FILE: Number of read operations=0
		FILE: Number of large read operations=0
		FILE: Number of write operations=0
		HDFS: Number of bytes read=598447928
		HDFS: Number of bytes written=4860
		HDFS: Number of read operations=1083
		HDFS: Number of large read operations=0
		HDFS: Number of write operations=2
	Job Counters 
		Killed map tasks=1
		Launched map tasks=361
		Launched reduce tasks=1
		Data-local map tasks=354
		Rack-local map tasks=7
		Total time spent by all maps in occupied slots (ms)=10048564
		Total time spent by all reduces in occupied slots (ms)=388264
		Total time spent by all map tasks (ms)=10048564
		Total time spent by all reduce tasks (ms)=194132
		Total vcore-seconds taken by all map tasks=10048564
		Total vcore-seconds taken by all reduce tasks=194132
		Total megabyte-seconds taken by all map tasks=15434594304
		Total megabyte-seconds taken by all reduce tasks=596373504
	Map-Reduce Framework
		Map input records=21948801
		Map output records=21948801
		Map output bytes=598406528
		Map output materialized bytes=642306290
		Input split bytes=41400
		Combine input records=0
		Combine output records=0
		Reduce input groups=150
		Reduce shuffle bytes=642306290
		Reduce input records=21948801
		Reduce output records=150
		Spilled Records=43897602
		Shuffled Maps =360
		Failed Shuffles=0
		Merged Map outputs=360
		GC time elapsed (ms)=180870
		CPU time spent (ms)=1284440
		Physical memory (bytes) snapshot=91847471104
		Virtual memory (bytes) snapshot=659112460288
		Total committed heap usage (bytes)=98171289600
	Shuffle Errors
		BAD_ID=0
		CONNECTION=0
		IO_ERROR=0
		WRONG_LENGTH=0
		WRONG_MAP=0
		WRONG_REDUCE=0
	File Input Format Counters 
		Bytes Read=598406528
	File Output Format Counters 
		Bytes Written=4860
15/08/06 00:54:57 INFO client.RMProxy: Connecting to ResourceManager at node-10/10.22.0.10:8032
15/08/06 00:54:57 WARN mapreduce.JobSubmitter: Hadoop command-line option parsing not performed. Implement the Tool interface and execute your application with ToolRunner to remedy this.
15/08/06 00:54:57 INFO input.FileInputFormat: Total input paths to process : 1
15/08/06 00:54:57 INFO mapreduce.JobSubmitter: number of splits:1
15/08/06 00:54:57 INFO mapreduce.JobSubmitter: Submitting tokens for job: job_1438789174539_0069
15/08/06 00:54:57 INFO impl.YarnClientImpl: Submitted application application_1438789174539_0069
15/08/06 00:54:57 INFO mapreduce.Job: The url to track the job: http://node-10:8088/proxy/application_1438789174539_0069/
15/08/06 00:54:57 INFO mapreduce.Job: Running job: job_1438789174539_0069
15/08/06 00:55:19 INFO mapreduce.Job: Job job_1438789174539_0069 running in uber mode : false
15/08/06 00:55:19 INFO mapreduce.Job:  map 0% reduce 0%
15/08/06 00:55:34 INFO mapreduce.Job:  map 100% reduce 0%
15/08/06 00:55:51 INFO mapreduce.Job:  map 100% reduce 100%
15/08/06 00:55:52 INFO mapreduce.Job: Job job_1438789174539_0069 completed successfully
15/08/06 00:55:52 INFO mapreduce.Job: Counters: 49
	File System Counters
		FILE: Number of bytes read=5316
		FILE: Number of bytes written=225381
		FILE: Number of read operations=0
		FILE: Number of large read operations=0
		FILE: Number of write operations=0
		HDFS: Number of bytes read=4975
		HDFS: Number of bytes written=4860
		HDFS: Number of read operations=6
		HDFS: Number of large read operations=0
		HDFS: Number of write operations=2
	Job Counters 
		Launched map tasks=1
		Launched reduce tasks=1
		Rack-local map tasks=1
		Total time spent by all maps in occupied slots (ms)=12018
		Total time spent by all reduces in occupied slots (ms)=29942
		Total time spent by all map tasks (ms)=12018
		Total time spent by all reduce tasks (ms)=14971
		Total vcore-seconds taken by all map tasks=12018
		Total vcore-seconds taken by all reduce tasks=14971
		Total megabyte-seconds taken by all map tasks=18459648
		Total megabyte-seconds taken by all reduce tasks=45990912
	Map-Reduce Framework
		Map input records=150
		Map output records=150
		Map output bytes=5010
		Map output materialized bytes=5316
		Input split bytes=115
		Combine input records=0
		Combine output records=0
		Reduce input groups=1
		Reduce shuffle bytes=5316
		Reduce input records=150
		Reduce output records=150
		Spilled Records=300
		Shuffled Maps =1
		Failed Shuffles=0
		Merged Map outputs=1
		GC time elapsed (ms)=98
		CPU time spent (ms)=2660
		Physical memory (bytes) snapshot=386478080
		Virtual memory (bytes) snapshot=5045747712
		Total committed heap usage (bytes)=374079488
	Shuffle Errors
		BAD_ID=0
		CONNECTION=0
		IO_ERROR=0
		WRONG_LENGTH=0
		WRONG_MAP=0
		WRONG_REDUCE=0
	File Input Format Counters 
		Bytes Read=4860
	File Output Format Counters 
		Bytes Written=4860
Tempo(ms) job1 - junção: 1129073
Tempo(ms) job2 - group by: 259104
Tempo(ms) job3 - order by: 55722
Tempo total(ms): 1443899
Running query: Q3.1  72 1 0 5
15/08/06 00:56:46 WARN util.NativeCodeLoader: Unable to load native-hadoop library for your platform... using builtin-java classes where applicable
15/08/06 00:56:50 INFO client.RMProxy: Connecting to ResourceManager at node-10/10.22.0.10:8032
15/08/06 00:56:52 WARN mapreduce.JobSubmitter: Hadoop command-line option parsing not performed. Implement the Tool interface and execute your application with ToolRunner to remedy this.
15/08/06 00:56:53 INFO input.FileInputFormat: Total input paths to process : 1
15/08/06 00:56:53 INFO input.FileInputFormat: Total input paths to process : 1
15/08/06 00:56:53 INFO input.FileInputFormat: Total input paths to process : 1
15/08/06 00:56:53 INFO input.FileInputFormat: Total input paths to process : 1
15/08/06 00:56:54 INFO mapreduce.JobSubmitter: number of splits:477
15/08/06 00:56:55 INFO mapreduce.JobSubmitter: Submitting tokens for job: job_1438789174539_0070
15/08/06 00:56:55 INFO impl.YarnClientImpl: Submitted application application_1438789174539_0070
15/08/06 00:56:55 INFO mapreduce.Job: The url to track the job: http://node-10:8088/proxy/application_1438789174539_0070/
15/08/06 00:56:55 INFO mapreduce.Job: Running job: job_1438789174539_0070
15/08/06 00:57:22 INFO mapreduce.Job: Job job_1438789174539_0070 running in uber mode : false
15/08/06 00:57:22 INFO mapreduce.Job:  map 0% reduce 0%
15/08/06 00:58:08 INFO mapreduce.Job:  map 1% reduce 0%
15/08/06 00:58:13 INFO mapreduce.Job:  map 2% reduce 0%
15/08/06 00:58:17 INFO mapreduce.Job:  map 3% reduce 0%
15/08/06 00:58:21 INFO mapreduce.Job:  map 4% reduce 0%
15/08/06 00:58:25 INFO mapreduce.Job:  map 5% reduce 0%
15/08/06 00:58:29 INFO mapreduce.Job:  map 6% reduce 0%
15/08/06 00:58:32 INFO mapreduce.Job:  map 7% reduce 0%
15/08/06 00:58:37 INFO mapreduce.Job:  map 8% reduce 0%
15/08/06 00:58:40 INFO mapreduce.Job:  map 9% reduce 0%
15/08/06 00:58:43 INFO mapreduce.Job:  map 10% reduce 0%
15/08/06 00:58:49 INFO mapreduce.Job:  map 11% reduce 0%
15/08/06 00:58:52 INFO mapreduce.Job:  map 12% reduce 0%
15/08/06 00:58:55 INFO mapreduce.Job:  map 13% reduce 0%
15/08/06 00:58:58 INFO mapreduce.Job:  map 14% reduce 0%
15/08/06 00:59:02 INFO mapreduce.Job:  map 15% reduce 0%
15/08/06 00:59:08 INFO mapreduce.Job:  map 16% reduce 0%
15/08/06 00:59:17 INFO mapreduce.Job:  map 17% reduce 0%
15/08/06 00:59:26 INFO mapreduce.Job:  map 18% reduce 0%
15/08/06 00:59:33 INFO mapreduce.Job:  map 19% reduce 0%
15/08/06 00:59:38 INFO mapreduce.Job:  map 20% reduce 0%
15/08/06 00:59:43 INFO mapreduce.Job:  map 21% reduce 0%
15/08/06 00:59:47 INFO mapreduce.Job:  map 22% reduce 0%
15/08/06 00:59:54 INFO mapreduce.Job:  map 23% reduce 0%
15/08/06 00:59:58 INFO mapreduce.Job:  map 24% reduce 0%
15/08/06 01:00:02 INFO mapreduce.Job:  map 25% reduce 0%
15/08/06 01:00:08 INFO mapreduce.Job:  map 26% reduce 0%
15/08/06 01:00:13 INFO mapreduce.Job:  map 27% reduce 0%
15/08/06 01:00:18 INFO mapreduce.Job:  map 28% reduce 0%
15/08/06 01:00:22 INFO mapreduce.Job:  map 29% reduce 0%
15/08/06 01:00:25 INFO mapreduce.Job:  map 30% reduce 0%
15/08/06 01:00:32 INFO mapreduce.Job:  map 31% reduce 0%
15/08/06 01:00:39 INFO mapreduce.Job:  map 32% reduce 0%
15/08/06 01:00:46 INFO mapreduce.Job:  map 33% reduce 0%
15/08/06 01:00:54 INFO mapreduce.Job:  map 34% reduce 0%
15/08/06 01:01:00 INFO mapreduce.Job:  map 35% reduce 0%
15/08/06 01:01:06 INFO mapreduce.Job:  map 36% reduce 0%
15/08/06 01:01:10 INFO mapreduce.Job:  map 37% reduce 0%
15/08/06 01:01:15 INFO mapreduce.Job:  map 38% reduce 0%
15/08/06 01:01:21 INFO mapreduce.Job:  map 39% reduce 0%
15/08/06 01:01:28 INFO mapreduce.Job:  map 40% reduce 0%
15/08/06 01:01:34 INFO mapreduce.Job:  map 41% reduce 0%
15/08/06 01:01:40 INFO mapreduce.Job:  map 42% reduce 0%
15/08/06 01:01:44 INFO mapreduce.Job:  map 43% reduce 0%
15/08/06 01:01:50 INFO mapreduce.Job:  map 44% reduce 0%
15/08/06 01:01:54 INFO mapreduce.Job:  map 44% reduce 1%
15/08/06 01:01:56 INFO mapreduce.Job:  map 45% reduce 1%
15/08/06 01:02:03 INFO mapreduce.Job:  map 46% reduce 1%
15/08/06 01:02:09 INFO mapreduce.Job:  map 47% reduce 1%
15/08/06 01:02:16 INFO mapreduce.Job:  map 48% reduce 1%
15/08/06 01:02:22 INFO mapreduce.Job:  map 49% reduce 1%
15/08/06 01:02:29 INFO mapreduce.Job:  map 50% reduce 1%
15/08/06 01:02:35 INFO mapreduce.Job:  map 51% reduce 1%
15/08/06 01:02:41 INFO mapreduce.Job:  map 52% reduce 1%
15/08/06 01:02:47 INFO mapreduce.Job:  map 53% reduce 1%
15/08/06 01:02:54 INFO mapreduce.Job:  map 54% reduce 1%
15/08/06 01:03:01 INFO mapreduce.Job:  map 55% reduce 1%
15/08/06 01:03:07 INFO mapreduce.Job:  map 56% reduce 1%
15/08/06 01:03:16 INFO mapreduce.Job:  map 57% reduce 1%
15/08/06 01:03:22 INFO mapreduce.Job:  map 58% reduce 1%
15/08/06 01:03:29 INFO mapreduce.Job:  map 59% reduce 1%
15/08/06 01:03:34 INFO mapreduce.Job:  map 60% reduce 1%
15/08/06 01:03:42 INFO mapreduce.Job:  map 61% reduce 1%
15/08/06 01:03:47 INFO mapreduce.Job:  map 62% reduce 1%
15/08/06 01:03:55 INFO mapreduce.Job:  map 63% reduce 1%
15/08/06 01:04:01 INFO mapreduce.Job:  map 64% reduce 1%
15/08/06 01:04:08 INFO mapreduce.Job:  map 65% reduce 1%
15/08/06 01:04:16 INFO mapreduce.Job:  map 66% reduce 1%
15/08/06 01:04:21 INFO mapreduce.Job:  map 67% reduce 1%
15/08/06 01:04:28 INFO mapreduce.Job:  map 68% reduce 1%
15/08/06 01:04:35 INFO mapreduce.Job:  map 69% reduce 1%
15/08/06 01:04:44 INFO mapreduce.Job:  map 70% reduce 1%
15/08/06 01:04:51 INFO mapreduce.Job:  map 71% reduce 1%
15/08/06 01:04:59 INFO mapreduce.Job:  map 72% reduce 1%
15/08/06 01:05:05 INFO mapreduce.Job:  map 73% reduce 1%
15/08/06 01:05:13 INFO mapreduce.Job:  map 74% reduce 1%
15/08/06 01:05:23 INFO mapreduce.Job:  map 75% reduce 1%
15/08/06 01:05:32 INFO mapreduce.Job:  map 76% reduce 1%
15/08/06 01:05:41 INFO mapreduce.Job:  map 77% reduce 1%
15/08/06 01:05:49 INFO mapreduce.Job:  map 78% reduce 1%
15/08/06 01:05:56 INFO mapreduce.Job:  map 79% reduce 1%
15/08/06 01:06:07 INFO mapreduce.Job:  map 80% reduce 1%
15/08/06 01:06:16 INFO mapreduce.Job:  map 81% reduce 1%
15/08/06 01:06:24 INFO mapreduce.Job:  map 82% reduce 1%
15/08/06 01:06:35 INFO mapreduce.Job:  map 83% reduce 1%
15/08/06 01:06:43 INFO mapreduce.Job:  map 84% reduce 1%
15/08/06 01:06:52 INFO mapreduce.Job:  map 85% reduce 1%
15/08/06 01:07:00 INFO mapreduce.Job:  map 86% reduce 1%
15/08/06 01:07:08 INFO mapreduce.Job:  map 87% reduce 1%
15/08/06 01:07:11 INFO mapreduce.Job:  map 87% reduce 2%
15/08/06 01:07:18 INFO mapreduce.Job:  map 88% reduce 2%
15/08/06 01:07:27 INFO mapreduce.Job:  map 89% reduce 2%
15/08/06 01:07:37 INFO mapreduce.Job:  map 90% reduce 2%
15/08/06 01:07:46 INFO mapreduce.Job:  map 91% reduce 2%
15/08/06 01:07:53 INFO mapreduce.Job:  map 92% reduce 2%
15/08/06 01:08:03 INFO mapreduce.Job:  map 93% reduce 2%
15/08/06 01:08:13 INFO mapreduce.Job:  map 94% reduce 2%
15/08/06 01:08:25 INFO mapreduce.Job:  map 95% reduce 2%
15/08/06 01:08:34 INFO mapreduce.Job:  map 96% reduce 2%
15/08/06 01:08:41 INFO mapreduce.Job:  map 97% reduce 2%
15/08/06 01:08:47 INFO mapreduce.Job:  map 98% reduce 2%
15/08/06 01:08:56 INFO mapreduce.Job:  map 99% reduce 2%
15/08/06 01:09:08 INFO mapreduce.Job:  map 99% reduce 3%
15/08/06 01:09:13 INFO mapreduce.Job:  map 100% reduce 3%
15/08/06 01:09:38 INFO mapreduce.Job:  map 100% reduce 4%
15/08/06 01:09:57 INFO mapreduce.Job:  map 100% reduce 5%
15/08/06 01:09:58 INFO mapreduce.Job:  map 100% reduce 6%
15/08/06 01:10:00 INFO mapreduce.Job:  map 100% reduce 7%
15/08/06 01:10:03 INFO mapreduce.Job:  map 100% reduce 8%
15/08/06 01:10:06 INFO mapreduce.Job:  map 100% reduce 9%
15/08/06 01:10:11 INFO mapreduce.Job:  map 100% reduce 10%
15/08/06 01:10:22 INFO mapreduce.Job:  map 100% reduce 11%
15/08/06 01:10:23 INFO mapreduce.Job:  map 100% reduce 12%
15/08/06 01:10:26 INFO mapreduce.Job:  map 100% reduce 13%
15/08/06 01:10:28 INFO mapreduce.Job:  map 100% reduce 14%
15/08/06 01:10:30 INFO mapreduce.Job:  map 100% reduce 15%
15/08/06 01:10:32 INFO mapreduce.Job:  map 100% reduce 16%
15/08/06 01:10:36 INFO mapreduce.Job:  map 100% reduce 17%
15/08/06 01:10:42 INFO mapreduce.Job:  map 100% reduce 18%
15/08/06 01:10:44 INFO mapreduce.Job:  map 100% reduce 19%
15/08/06 01:10:48 INFO mapreduce.Job:  map 100% reduce 20%
15/08/06 01:10:52 INFO mapreduce.Job:  map 100% reduce 21%
15/08/06 01:10:55 INFO mapreduce.Job:  map 100% reduce 22%
15/08/06 01:10:58 INFO mapreduce.Job:  map 100% reduce 23%
15/08/06 01:11:00 INFO mapreduce.Job:  map 100% reduce 24%
15/08/06 01:11:03 INFO mapreduce.Job:  map 100% reduce 25%
15/08/06 01:11:07 INFO mapreduce.Job:  map 100% reduce 26%
15/08/06 01:11:11 INFO mapreduce.Job:  map 100% reduce 27%
15/08/06 01:11:15 INFO mapreduce.Job:  map 100% reduce 28%
15/08/06 01:11:18 INFO mapreduce.Job:  map 100% reduce 29%
15/08/06 01:11:22 INFO mapreduce.Job:  map 100% reduce 30%
15/08/06 01:11:25 INFO mapreduce.Job:  map 100% reduce 31%
15/08/06 01:11:29 INFO mapreduce.Job:  map 100% reduce 32%
15/08/06 01:11:32 INFO mapreduce.Job:  map 100% reduce 33%
15/08/06 01:11:34 INFO mapreduce.Job:  map 100% reduce 34%
15/08/06 01:11:38 INFO mapreduce.Job:  map 100% reduce 35%
15/08/06 01:11:42 INFO mapreduce.Job:  map 100% reduce 36%
15/08/06 01:11:46 INFO mapreduce.Job:  map 100% reduce 37%
15/08/06 01:11:48 INFO mapreduce.Job:  map 100% reduce 38%
15/08/06 01:11:52 INFO mapreduce.Job:  map 100% reduce 39%
15/08/06 01:11:55 INFO mapreduce.Job:  map 100% reduce 40%
15/08/06 01:11:58 INFO mapreduce.Job:  map 100% reduce 41%
15/08/06 01:12:00 INFO mapreduce.Job:  map 100% reduce 42%
15/08/06 01:12:03 INFO mapreduce.Job:  map 100% reduce 43%
15/08/06 01:12:08 INFO mapreduce.Job:  map 100% reduce 44%
15/08/06 01:12:12 INFO mapreduce.Job:  map 100% reduce 45%
15/08/06 01:12:15 INFO mapreduce.Job:  map 100% reduce 46%
15/08/06 01:12:19 INFO mapreduce.Job:  map 100% reduce 47%
15/08/06 01:12:22 INFO mapreduce.Job:  map 100% reduce 48%
15/08/06 01:12:25 INFO mapreduce.Job:  map 100% reduce 49%
15/08/06 01:12:28 INFO mapreduce.Job:  map 100% reduce 50%
15/08/06 01:12:30 INFO mapreduce.Job:  map 100% reduce 51%
15/08/06 01:12:35 INFO mapreduce.Job:  map 100% reduce 52%
15/08/06 01:12:40 INFO mapreduce.Job:  map 100% reduce 53%
15/08/06 01:12:43 INFO mapreduce.Job:  map 100% reduce 54%
15/08/06 01:12:46 INFO mapreduce.Job:  map 100% reduce 55%
15/08/06 01:12:49 INFO mapreduce.Job:  map 100% reduce 56%
15/08/06 01:12:51 INFO mapreduce.Job:  map 100% reduce 57%
15/08/06 01:12:54 INFO mapreduce.Job:  map 100% reduce 58%
15/08/06 01:12:58 INFO mapreduce.Job:  map 100% reduce 59%
15/08/06 01:13:02 INFO mapreduce.Job:  map 100% reduce 60%
15/08/06 01:13:08 INFO mapreduce.Job:  map 100% reduce 61%
15/08/06 01:13:09 INFO mapreduce.Job:  map 100% reduce 62%
15/08/06 01:13:12 INFO mapreduce.Job:  map 100% reduce 63%
15/08/06 01:13:15 INFO mapreduce.Job:  map 100% reduce 64%
15/08/06 01:13:18 INFO mapreduce.Job:  map 100% reduce 65%
15/08/06 01:13:21 INFO mapreduce.Job:  map 100% reduce 66%
15/08/06 01:13:23 INFO mapreduce.Job:  map 100% reduce 67%
15/08/06 01:13:28 INFO mapreduce.Job:  map 100% reduce 68%
15/08/06 01:13:33 INFO mapreduce.Job:  map 100% reduce 69%
15/08/06 01:13:37 INFO mapreduce.Job:  map 100% reduce 70%
15/08/06 01:13:38 INFO mapreduce.Job:  map 100% reduce 71%
15/08/06 01:13:41 INFO mapreduce.Job:  map 100% reduce 72%
15/08/06 01:13:45 INFO mapreduce.Job:  map 100% reduce 73%
15/08/06 01:13:49 INFO mapreduce.Job:  map 100% reduce 74%
15/08/06 01:13:51 INFO mapreduce.Job:  map 100% reduce 75%
15/08/06 01:13:53 INFO mapreduce.Job:  map 100% reduce 76%
15/08/06 01:13:59 INFO mapreduce.Job:  map 100% reduce 77%
15/08/06 01:14:03 INFO mapreduce.Job:  map 100% reduce 78%
15/08/06 01:14:08 INFO mapreduce.Job:  map 100% reduce 79%
15/08/06 01:14:09 INFO mapreduce.Job:  map 100% reduce 80%
15/08/06 01:14:13 INFO mapreduce.Job:  map 100% reduce 81%
15/08/06 01:14:16 INFO mapreduce.Job:  map 100% reduce 82%
15/08/06 01:14:20 INFO mapreduce.Job:  map 100% reduce 83%
15/08/06 01:14:23 INFO mapreduce.Job:  map 100% reduce 84%
15/08/06 01:14:26 INFO mapreduce.Job:  map 100% reduce 85%
15/08/06 01:14:30 INFO mapreduce.Job:  map 100% reduce 86%
15/08/06 01:14:33 INFO mapreduce.Job:  map 100% reduce 87%
15/08/06 01:14:36 INFO mapreduce.Job:  map 100% reduce 88%
15/08/06 01:14:40 INFO mapreduce.Job:  map 100% reduce 89%
15/08/06 01:14:42 INFO mapreduce.Job:  map 100% reduce 90%
15/08/06 01:14:44 INFO mapreduce.Job:  map 100% reduce 91%
15/08/06 01:14:48 INFO mapreduce.Job:  map 100% reduce 92%
15/08/06 01:14:52 INFO mapreduce.Job:  map 100% reduce 93%
15/08/06 01:14:56 INFO mapreduce.Job:  map 100% reduce 94%
15/08/06 01:15:00 INFO mapreduce.Job:  map 100% reduce 95%
15/08/06 01:15:03 INFO mapreduce.Job:  map 100% reduce 96%
15/08/06 01:15:06 INFO mapreduce.Job:  map 100% reduce 97%
15/08/06 01:15:10 INFO mapreduce.Job:  map 100% reduce 98%
15/08/06 01:15:13 INFO mapreduce.Job:  map 100% reduce 99%
15/08/06 01:15:22 INFO mapreduce.Job:  map 100% reduce 100%
15/08/06 01:15:36 INFO mapreduce.Job: Job job_1438789174539_0070 completed successfully
15/08/06 01:15:36 INFO mapreduce.Job: Counters: 51
	File System Counters
		FILE: Number of bytes read=21256119465
		FILE: Number of bytes written=42389857882
		FILE: Number of read operations=0
		FILE: Number of large read operations=0
		FILE: Number of write operations=0
		HDFS: Number of bytes read=63658132005
		HDFS: Number of bytes written=598406528
		HDFS: Number of read operations=2511
		HDFS: Number of large read operations=0
		HDFS: Number of write operations=720
	Job Counters 
		Killed reduce tasks=2
		Launched map tasks=477
		Launched reduce tasks=362
		Data-local map tasks=419
		Rack-local map tasks=58
		Total time spent by all maps in occupied slots (ms)=30311650
		Total time spent by all reduces in occupied slots (ms)=47446044
		Total time spent by all map tasks (ms)=30311650
		Total time spent by all reduce tasks (ms)=23723022
		Total vcore-seconds taken by all map tasks=30311650
		Total vcore-seconds taken by all reduce tasks=23723022
		Total megabyte-seconds taken by all map tasks=46558694400
		Total megabyte-seconds taken by all reduce tasks=72877123584
	Map-Reduce Framework
		Map input records=603240458
		Map output records=606715670
		Map output bytes=19901420439
		Map output materialized bytes=21115882099
		Input split bytes=121625
		Combine input records=0
		Combine output records=0
		Reduce input groups=606709608
		Reduce shuffle bytes=21115882099
		Reduce input records=606715670
		Reduce output records=21948801
		Spilled Records=1216319908
		Shuffled Maps =171720
		Failed Shuffles=0
		Merged Map outputs=171720
		GC time elapsed (ms)=1268053
		CPU time spent (ms)=22512990
		Physical memory (bytes) snapshot=568839401472
		Virtual memory (bytes) snapshot=1998479900672
		Total committed heap usage (bytes)=514864906240
	Shuffle Errors
		BAD_ID=0
		CONNECTION=0
		IO_ERROR=0
		WRONG_LENGTH=0
		WRONG_MAP=0
		WRONG_REDUCE=0
	File Input Format Counters 
		Bytes Read=0
	File Output Format Counters 
		Bytes Written=598406528
15/08/06 01:15:36 INFO client.RMProxy: Connecting to ResourceManager at node-10/10.22.0.10:8032
15/08/06 01:15:36 WARN mapreduce.JobSubmitter: Hadoop command-line option parsing not performed. Implement the Tool interface and execute your application with ToolRunner to remedy this.
15/08/06 01:15:36 INFO input.FileInputFormat: Total input paths to process : 360
15/08/06 01:15:37 INFO mapreduce.JobSubmitter: number of splits:360
15/08/06 01:15:37 INFO mapreduce.JobSubmitter: Submitting tokens for job: job_1438789174539_0071
15/08/06 01:15:37 INFO impl.YarnClientImpl: Submitted application application_1438789174539_0071
15/08/06 01:15:37 INFO mapreduce.Job: The url to track the job: http://node-10:8088/proxy/application_1438789174539_0071/
15/08/06 01:15:37 INFO mapreduce.Job: Running job: job_1438789174539_0071
15/08/06 01:16:02 INFO mapreduce.Job: Job job_1438789174539_0071 running in uber mode : false
15/08/06 01:16:02 INFO mapreduce.Job:  map 0% reduce 0%
15/08/06 01:16:29 INFO mapreduce.Job:  map 1% reduce 0%
15/08/06 01:16:36 INFO mapreduce.Job:  map 3% reduce 0%
15/08/06 01:16:37 INFO mapreduce.Job:  map 4% reduce 0%
15/08/06 01:16:39 INFO mapreduce.Job:  map 6% reduce 0%
15/08/06 01:16:40 INFO mapreduce.Job:  map 8% reduce 0%
15/08/06 01:16:41 INFO mapreduce.Job:  map 12% reduce 0%
15/08/06 01:16:43 INFO mapreduce.Job:  map 17% reduce 0%
15/08/06 01:16:44 INFO mapreduce.Job:  map 19% reduce 0%
15/08/06 01:16:46 INFO mapreduce.Job:  map 20% reduce 0%
15/08/06 01:16:47 INFO mapreduce.Job:  map 21% reduce 0%
15/08/06 01:16:48 INFO mapreduce.Job:  map 22% reduce 0%
15/08/06 01:16:58 INFO mapreduce.Job:  map 23% reduce 0%
15/08/06 01:16:59 INFO mapreduce.Job:  map 24% reduce 0%
15/08/06 01:17:01 INFO mapreduce.Job:  map 25% reduce 0%
15/08/06 01:17:02 INFO mapreduce.Job:  map 26% reduce 0%
15/08/06 01:17:05 INFO mapreduce.Job:  map 27% reduce 8%
15/08/06 01:17:07 INFO mapreduce.Job:  map 28% reduce 8%
15/08/06 01:17:08 INFO mapreduce.Job:  map 28% reduce 9%
15/08/06 01:17:09 INFO mapreduce.Job:  map 30% reduce 9%
15/08/06 01:17:11 INFO mapreduce.Job:  map 32% reduce 9%
15/08/06 01:17:12 INFO mapreduce.Job:  map 33% reduce 10%
15/08/06 01:17:14 INFO mapreduce.Job:  map 35% reduce 10%
15/08/06 01:17:15 INFO mapreduce.Job:  map 37% reduce 11%
15/08/06 01:17:16 INFO mapreduce.Job:  map 39% reduce 11%
15/08/06 01:17:18 INFO mapreduce.Job:  map 40% reduce 13%
15/08/06 01:17:19 INFO mapreduce.Job:  map 41% reduce 13%
15/08/06 01:17:20 INFO mapreduce.Job:  map 43% reduce 13%
15/08/06 01:17:21 INFO mapreduce.Job:  map 44% reduce 14%
15/08/06 01:17:24 INFO mapreduce.Job:  map 44% reduce 15%
15/08/06 01:17:25 INFO mapreduce.Job:  map 45% reduce 15%
15/08/06 01:17:27 INFO mapreduce.Job:  map 46% reduce 15%
15/08/06 01:17:28 INFO mapreduce.Job:  map 47% reduce 15%
15/08/06 01:17:34 INFO mapreduce.Job:  map 48% reduce 16%
15/08/06 01:17:35 INFO mapreduce.Job:  map 49% reduce 16%
15/08/06 01:17:36 INFO mapreduce.Job:  map 50% reduce 16%
15/08/06 01:17:37 INFO mapreduce.Job:  map 51% reduce 16%
15/08/06 01:17:39 INFO mapreduce.Job:  map 52% reduce 16%
15/08/06 01:17:40 INFO mapreduce.Job:  map 53% reduce 16%
15/08/06 01:17:41 INFO mapreduce.Job:  map 55% reduce 17%
15/08/06 01:17:43 INFO mapreduce.Job:  map 56% reduce 17%
15/08/06 01:17:44 INFO mapreduce.Job:  map 57% reduce 18%
15/08/06 01:17:45 INFO mapreduce.Job:  map 59% reduce 18%
15/08/06 01:17:46 INFO mapreduce.Job:  map 60% reduce 19%
15/08/06 01:17:47 INFO mapreduce.Job:  map 62% reduce 19%
15/08/06 01:17:48 INFO mapreduce.Job:  map 64% reduce 19%
15/08/06 01:17:49 INFO mapreduce.Job:  map 64% reduce 21%
15/08/06 01:17:51 INFO mapreduce.Job:  map 65% reduce 21%
15/08/06 01:17:52 INFO mapreduce.Job:  map 65% reduce 22%
15/08/06 01:17:54 INFO mapreduce.Job:  map 66% reduce 22%
15/08/06 01:17:55 INFO mapreduce.Job:  map 67% reduce 22%
15/08/06 01:17:57 INFO mapreduce.Job:  map 68% reduce 22%
15/08/06 01:17:58 INFO mapreduce.Job:  map 68% reduce 23%
15/08/06 01:17:59 INFO mapreduce.Job:  map 69% reduce 23%
15/08/06 01:18:02 INFO mapreduce.Job:  map 70% reduce 23%
15/08/06 01:18:04 INFO mapreduce.Job:  map 71% reduce 23%
15/08/06 01:18:06 INFO mapreduce.Job:  map 72% reduce 23%
15/08/06 01:18:07 INFO mapreduce.Job:  map 73% reduce 23%
15/08/06 01:18:08 INFO mapreduce.Job:  map 74% reduce 24%
15/08/06 01:18:09 INFO mapreduce.Job:  map 75% reduce 24%
15/08/06 01:18:10 INFO mapreduce.Job:  map 76% reduce 24%
15/08/06 01:18:11 INFO mapreduce.Job:  map 76% reduce 25%
15/08/06 01:18:12 INFO mapreduce.Job:  map 77% reduce 25%
15/08/06 01:18:14 INFO mapreduce.Job:  map 78% reduce 26%
15/08/06 01:18:15 INFO mapreduce.Job:  map 80% reduce 26%
15/08/06 01:18:16 INFO mapreduce.Job:  map 82% reduce 26%
15/08/06 01:18:17 INFO mapreduce.Job:  map 83% reduce 27%
15/08/06 01:18:18 INFO mapreduce.Job:  map 84% reduce 27%
15/08/06 01:18:19 INFO mapreduce.Job:  map 85% reduce 27%
15/08/06 01:18:20 INFO mapreduce.Job:  map 86% reduce 28%
15/08/06 01:18:22 INFO mapreduce.Job:  map 87% reduce 28%
15/08/06 01:18:23 INFO mapreduce.Job:  map 88% reduce 29%
15/08/06 01:18:24 INFO mapreduce.Job:  map 89% reduce 29%
15/08/06 01:18:26 INFO mapreduce.Job:  map 90% reduce 30%
15/08/06 01:18:28 INFO mapreduce.Job:  map 91% reduce 30%
15/08/06 01:18:29 INFO mapreduce.Job:  map 92% reduce 30%
15/08/06 01:18:30 INFO mapreduce.Job:  map 93% reduce 30%
15/08/06 01:18:31 INFO mapreduce.Job:  map 94% reduce 30%
15/08/06 01:18:32 INFO mapreduce.Job:  map 94% reduce 31%
15/08/06 01:18:33 INFO mapreduce.Job:  map 95% reduce 31%
15/08/06 01:18:34 INFO mapreduce.Job:  map 96% reduce 31%
15/08/06 01:18:35 INFO mapreduce.Job:  map 98% reduce 32%
15/08/06 01:18:37 INFO mapreduce.Job:  map 99% reduce 32%
15/08/06 01:18:38 INFO mapreduce.Job:  map 99% reduce 33%
15/08/06 01:18:42 INFO mapreduce.Job:  map 100% reduce 33%
15/08/06 01:18:47 INFO mapreduce.Job:  map 100% reduce 36%
15/08/06 01:18:50 INFO mapreduce.Job:  map 100% reduce 40%
15/08/06 01:18:53 INFO mapreduce.Job:  map 100% reduce 43%
15/08/06 01:18:56 INFO mapreduce.Job:  map 100% reduce 47%
15/08/06 01:18:59 INFO mapreduce.Job:  map 100% reduce 51%
15/08/06 01:19:02 INFO mapreduce.Job:  map 100% reduce 53%
15/08/06 01:19:06 INFO mapreduce.Job:  map 100% reduce 57%
15/08/06 01:19:09 INFO mapreduce.Job:  map 100% reduce 61%
15/08/06 01:19:12 INFO mapreduce.Job:  map 100% reduce 63%
15/08/06 01:19:15 INFO mapreduce.Job:  map 100% reduce 67%
15/08/06 01:19:19 INFO mapreduce.Job:  map 100% reduce 69%
15/08/06 01:19:22 INFO mapreduce.Job:  map 100% reduce 72%
15/08/06 01:19:25 INFO mapreduce.Job:  map 100% reduce 74%
15/08/06 01:19:28 INFO mapreduce.Job:  map 100% reduce 77%
15/08/06 01:19:31 INFO mapreduce.Job:  map 100% reduce 80%
15/08/06 01:19:34 INFO mapreduce.Job:  map 100% reduce 83%
15/08/06 01:19:37 INFO mapreduce.Job:  map 100% reduce 86%
15/08/06 01:19:40 INFO mapreduce.Job:  map 100% reduce 89%
15/08/06 01:19:43 INFO mapreduce.Job:  map 100% reduce 91%
15/08/06 01:19:46 INFO mapreduce.Job:  map 100% reduce 94%
15/08/06 01:19:49 INFO mapreduce.Job:  map 100% reduce 97%
15/08/06 01:19:52 INFO mapreduce.Job:  map 100% reduce 99%
15/08/06 01:19:53 INFO mapreduce.Job:  map 100% reduce 100%
15/08/06 01:19:54 INFO mapreduce.Job: Job job_1438789174539_0071 completed successfully
15/08/06 01:19:54 INFO mapreduce.Job: Counters: 51
	File System Counters
		FILE: Number of bytes read=642304136
		FILE: Number of bytes written=1323132569
		FILE: Number of read operations=0
		FILE: Number of large read operations=0
		FILE: Number of write operations=0
		HDFS: Number of bytes read=598447928
		HDFS: Number of bytes written=4860
		HDFS: Number of read operations=1083
		HDFS: Number of large read operations=0
		HDFS: Number of write operations=2
	Job Counters 
		Killed map tasks=1
		Launched map tasks=361
		Launched reduce tasks=1
		Data-local map tasks=356
		Rack-local map tasks=5
		Total time spent by all maps in occupied slots (ms)=10009301
		Total time spent by all reduces in occupied slots (ms)=378286
		Total time spent by all map tasks (ms)=10009301
		Total time spent by all reduce tasks (ms)=189143
		Total vcore-seconds taken by all map tasks=10009301
		Total vcore-seconds taken by all reduce tasks=189143
		Total megabyte-seconds taken by all map tasks=15374286336
		Total megabyte-seconds taken by all reduce tasks=581047296
	Map-Reduce Framework
		Map input records=21948801
		Map output records=21948801
		Map output bytes=598406528
		Map output materialized bytes=642306290
		Input split bytes=41400
		Combine input records=0
		Combine output records=0
		Reduce input groups=150
		Reduce shuffle bytes=642306290
		Reduce input records=21948801
		Reduce output records=150
		Spilled Records=43897602
		Shuffled Maps =360
		Failed Shuffles=0
		Merged Map outputs=360
		GC time elapsed (ms)=181612
		CPU time spent (ms)=1278670
		Physical memory (bytes) snapshot=92454162432
		Virtual memory (bytes) snapshot=657822740480
		Total committed heap usage (bytes)=99277996032
	Shuffle Errors
		BAD_ID=0
		CONNECTION=0
		IO_ERROR=0
		WRONG_LENGTH=0
		WRONG_MAP=0
		WRONG_REDUCE=0
	File Input Format Counters 
		Bytes Read=598406528
	File Output Format Counters 
		Bytes Written=4860
15/08/06 01:19:54 INFO client.RMProxy: Connecting to ResourceManager at node-10/10.22.0.10:8032
15/08/06 01:19:54 WARN mapreduce.JobSubmitter: Hadoop command-line option parsing not performed. Implement the Tool interface and execute your application with ToolRunner to remedy this.
15/08/06 01:19:54 INFO input.FileInputFormat: Total input paths to process : 1
15/08/06 01:19:54 INFO mapreduce.JobSubmitter: number of splits:1
15/08/06 01:19:54 INFO mapreduce.JobSubmitter: Submitting tokens for job: job_1438789174539_0072
15/08/06 01:19:54 INFO impl.YarnClientImpl: Submitted application application_1438789174539_0072
15/08/06 01:19:54 INFO mapreduce.Job: The url to track the job: http://node-10:8088/proxy/application_1438789174539_0072/
15/08/06 01:19:54 INFO mapreduce.Job: Running job: job_1438789174539_0072
15/08/06 01:20:17 INFO mapreduce.Job: Job job_1438789174539_0072 running in uber mode : false
15/08/06 01:20:17 INFO mapreduce.Job:  map 0% reduce 0%
15/08/06 01:20:33 INFO mapreduce.Job:  map 100% reduce 0%
15/08/06 01:20:50 INFO mapreduce.Job:  map 100% reduce 100%
15/08/06 01:20:50 INFO mapreduce.Job: Job job_1438789174539_0072 completed successfully
15/08/06 01:20:50 INFO mapreduce.Job: Counters: 49
	File System Counters
		FILE: Number of bytes read=5316
		FILE: Number of bytes written=225381
		FILE: Number of read operations=0
		FILE: Number of large read operations=0
		FILE: Number of write operations=0
		HDFS: Number of bytes read=4975
		HDFS: Number of bytes written=4860
		HDFS: Number of read operations=6
		HDFS: Number of large read operations=0
		HDFS: Number of write operations=2
	Job Counters 
		Launched map tasks=1
		Launched reduce tasks=1
		Rack-local map tasks=1
		Total time spent by all maps in occupied slots (ms)=14188
		Total time spent by all reduces in occupied slots (ms)=28698
		Total time spent by all map tasks (ms)=14188
		Total time spent by all reduce tasks (ms)=14349
		Total vcore-seconds taken by all map tasks=14188
		Total vcore-seconds taken by all reduce tasks=14349
		Total megabyte-seconds taken by all map tasks=21792768
		Total megabyte-seconds taken by all reduce tasks=44080128
	Map-Reduce Framework
		Map input records=150
		Map output records=150
		Map output bytes=5010
		Map output materialized bytes=5316
		Input split bytes=115
		Combine input records=0
		Combine output records=0
		Reduce input groups=1
		Reduce shuffle bytes=5316
		Reduce input records=150
		Reduce output records=150
		Spilled Records=300
		Shuffled Maps =1
		Failed Shuffles=0
		Merged Map outputs=1
		GC time elapsed (ms)=79
		CPU time spent (ms)=2620
		Physical memory (bytes) snapshot=394035200
		Virtual memory (bytes) snapshot=5058293760
		Total committed heap usage (bytes)=405209088
	Shuffle Errors
		BAD_ID=0
		CONNECTION=0
		IO_ERROR=0
		WRONG_LENGTH=0
		WRONG_MAP=0
		WRONG_REDUCE=0
	File Input Format Counters 
		Bytes Read=4860
	File Output Format Counters 
		Bytes Written=4860
Tempo(ms) job1 - junção: 1126313
Tempo(ms) job2 - group by: 257844
Tempo(ms) job3 - order by: 56426
Tempo total(ms): 1440583
Running query: Q3.1  72 1 0 5
15/08/06 01:21:43 WARN util.NativeCodeLoader: Unable to load native-hadoop library for your platform... using builtin-java classes where applicable
15/08/06 01:21:48 INFO client.RMProxy: Connecting to ResourceManager at node-10/10.22.0.10:8032
15/08/06 01:21:49 WARN mapreduce.JobSubmitter: Hadoop command-line option parsing not performed. Implement the Tool interface and execute your application with ToolRunner to remedy this.
15/08/06 01:21:50 INFO input.FileInputFormat: Total input paths to process : 1
15/08/06 01:21:50 INFO input.FileInputFormat: Total input paths to process : 1
15/08/06 01:21:50 INFO input.FileInputFormat: Total input paths to process : 1
15/08/06 01:21:50 INFO input.FileInputFormat: Total input paths to process : 1
15/08/06 01:21:51 INFO mapreduce.JobSubmitter: number of splits:477
15/08/06 01:21:52 INFO mapreduce.JobSubmitter: Submitting tokens for job: job_1438789174539_0073
15/08/06 01:21:53 INFO impl.YarnClientImpl: Submitted application application_1438789174539_0073
15/08/06 01:21:53 INFO mapreduce.Job: The url to track the job: http://node-10:8088/proxy/application_1438789174539_0073/
15/08/06 01:21:53 INFO mapreduce.Job: Running job: job_1438789174539_0073
15/08/06 01:22:22 INFO mapreduce.Job: Job job_1438789174539_0073 running in uber mode : false
15/08/06 01:22:22 INFO mapreduce.Job:  map 0% reduce 0%
15/08/06 01:23:08 INFO mapreduce.Job:  map 1% reduce 0%
15/08/06 01:23:13 INFO mapreduce.Job:  map 2% reduce 0%
15/08/06 01:23:17 INFO mapreduce.Job:  map 3% reduce 0%
15/08/06 01:23:21 INFO mapreduce.Job:  map 4% reduce 0%
15/08/06 01:23:24 INFO mapreduce.Job:  map 5% reduce 0%
15/08/06 01:23:28 INFO mapreduce.Job:  map 6% reduce 0%
15/08/06 01:23:31 INFO mapreduce.Job:  map 7% reduce 0%
15/08/06 01:23:35 INFO mapreduce.Job:  map 8% reduce 0%
15/08/06 01:23:39 INFO mapreduce.Job:  map 9% reduce 0%
15/08/06 01:23:43 INFO mapreduce.Job:  map 10% reduce 0%
15/08/06 01:23:48 INFO mapreduce.Job:  map 11% reduce 0%
15/08/06 01:23:52 INFO mapreduce.Job:  map 12% reduce 0%
15/08/06 01:23:56 INFO mapreduce.Job:  map 13% reduce 0%
15/08/06 01:23:58 INFO mapreduce.Job:  map 14% reduce 0%
15/08/06 01:24:02 INFO mapreduce.Job:  map 15% reduce 0%
15/08/06 01:24:06 INFO mapreduce.Job:  map 16% reduce 0%
15/08/06 01:24:17 INFO mapreduce.Job:  map 17% reduce 0%
15/08/06 01:24:27 INFO mapreduce.Job:  map 18% reduce 0%
15/08/06 01:24:34 INFO mapreduce.Job:  map 19% reduce 0%
15/08/06 01:24:40 INFO mapreduce.Job:  map 20% reduce 0%
15/08/06 01:24:45 INFO mapreduce.Job:  map 21% reduce 0%
15/08/06 01:24:50 INFO mapreduce.Job:  map 22% reduce 0%
15/08/06 01:24:53 INFO mapreduce.Job:  map 23% reduce 0%
15/08/06 01:24:58 INFO mapreduce.Job:  map 24% reduce 0%
15/08/06 01:25:03 INFO mapreduce.Job:  map 25% reduce 0%
15/08/06 01:25:10 INFO mapreduce.Job:  map 26% reduce 0%
15/08/06 01:25:14 INFO mapreduce.Job:  map 27% reduce 0%
15/08/06 01:25:18 INFO mapreduce.Job:  map 28% reduce 0%
15/08/06 01:25:21 INFO mapreduce.Job:  map 29% reduce 0%
15/08/06 01:25:25 INFO mapreduce.Job:  map 30% reduce 0%
15/08/06 01:25:31 INFO mapreduce.Job:  map 31% reduce 0%
15/08/06 01:25:38 INFO mapreduce.Job:  map 32% reduce 0%
15/08/06 01:25:49 INFO mapreduce.Job:  map 33% reduce 0%
15/08/06 01:25:56 INFO mapreduce.Job:  map 34% reduce 0%
15/08/06 01:26:02 INFO mapreduce.Job:  map 35% reduce 0%
15/08/06 01:26:07 INFO mapreduce.Job:  map 36% reduce 0%
15/08/06 01:26:12 INFO mapreduce.Job:  map 37% reduce 0%
15/08/06 01:26:17 INFO mapreduce.Job:  map 38% reduce 0%
15/08/06 01:26:22 INFO mapreduce.Job:  map 39% reduce 0%
15/08/06 01:26:29 INFO mapreduce.Job:  map 40% reduce 0%
15/08/06 01:26:35 INFO mapreduce.Job:  map 41% reduce 0%
15/08/06 01:26:42 INFO mapreduce.Job:  map 42% reduce 0%
15/08/06 01:26:47 INFO mapreduce.Job:  map 43% reduce 0%
15/08/06 01:26:50 INFO mapreduce.Job:  map 44% reduce 0%
15/08/06 01:26:56 INFO mapreduce.Job:  map 45% reduce 1%
15/08/06 01:27:02 INFO mapreduce.Job:  map 46% reduce 1%
15/08/06 01:27:13 INFO mapreduce.Job:  map 47% reduce 1%
15/08/06 01:27:19 INFO mapreduce.Job:  map 48% reduce 1%
15/08/06 01:27:27 INFO mapreduce.Job:  map 49% reduce 1%
15/08/06 01:27:34 INFO mapreduce.Job:  map 50% reduce 1%
15/08/06 01:27:39 INFO mapreduce.Job:  map 51% reduce 1%
15/08/06 01:27:45 INFO mapreduce.Job:  map 52% reduce 1%
15/08/06 01:27:52 INFO mapreduce.Job:  map 53% reduce 1%
15/08/06 01:28:01 INFO mapreduce.Job:  map 54% reduce 1%
15/08/06 01:28:07 INFO mapreduce.Job:  map 55% reduce 1%
15/08/06 01:28:14 INFO mapreduce.Job:  map 56% reduce 1%
15/08/06 01:28:20 INFO mapreduce.Job:  map 57% reduce 1%
15/08/06 01:28:26 INFO mapreduce.Job:  map 58% reduce 1%
15/08/06 01:28:37 INFO mapreduce.Job:  map 59% reduce 1%
15/08/06 01:28:45 INFO mapreduce.Job:  map 60% reduce 1%
15/08/06 01:28:54 INFO mapreduce.Job:  map 61% reduce 1%
15/08/06 01:29:00 INFO mapreduce.Job:  map 62% reduce 1%
15/08/06 01:29:06 INFO mapreduce.Job:  map 63% reduce 1%
15/08/06 01:29:13 INFO mapreduce.Job:  map 64% reduce 1%
15/08/06 01:29:20 INFO mapreduce.Job:  map 65% reduce 1%
15/08/06 01:29:29 INFO mapreduce.Job:  map 66% reduce 1%
15/08/06 01:29:37 INFO mapreduce.Job:  map 67% reduce 1%
15/08/06 01:29:46 INFO mapreduce.Job:  map 68% reduce 1%
15/08/06 01:29:54 INFO mapreduce.Job:  map 69% reduce 1%
15/08/06 01:30:02 INFO mapreduce.Job:  map 70% reduce 1%
15/08/06 01:30:11 INFO mapreduce.Job:  map 71% reduce 1%
15/08/06 01:30:22 INFO mapreduce.Job:  map 72% reduce 1%
15/08/06 01:30:32 INFO mapreduce.Job:  map 73% reduce 1%
15/08/06 01:30:40 INFO mapreduce.Job:  map 74% reduce 1%
15/08/06 01:30:48 INFO mapreduce.Job:  map 75% reduce 1%
15/08/06 01:30:56 INFO mapreduce.Job:  map 76% reduce 1%
15/08/06 01:31:08 INFO mapreduce.Job:  map 77% reduce 1%
15/08/06 01:31:18 INFO mapreduce.Job:  map 78% reduce 1%
15/08/06 01:31:26 INFO mapreduce.Job:  map 79% reduce 1%
15/08/06 01:31:35 INFO mapreduce.Job:  map 80% reduce 1%
15/08/06 01:31:44 INFO mapreduce.Job:  map 81% reduce 1%
15/08/06 01:31:55 INFO mapreduce.Job:  map 82% reduce 1%
15/08/06 01:32:04 INFO mapreduce.Job:  map 83% reduce 1%
15/08/06 01:32:12 INFO mapreduce.Job:  map 84% reduce 1%
15/08/06 01:32:23 INFO mapreduce.Job:  map 85% reduce 1%
15/08/06 01:32:33 INFO mapreduce.Job:  map 86% reduce 1%
15/08/06 01:32:45 INFO mapreduce.Job:  map 87% reduce 1%
15/08/06 01:32:47 INFO mapreduce.Job:  map 87% reduce 2%
15/08/06 01:32:56 INFO mapreduce.Job:  map 88% reduce 2%
15/08/06 01:33:06 INFO mapreduce.Job:  map 89% reduce 2%
15/08/06 01:33:16 INFO mapreduce.Job:  map 90% reduce 2%
15/08/06 01:33:27 INFO mapreduce.Job:  map 91% reduce 2%
15/08/06 01:33:36 INFO mapreduce.Job:  map 92% reduce 2%
15/08/06 01:33:45 INFO mapreduce.Job:  map 93% reduce 2%
15/08/06 01:33:57 INFO mapreduce.Job:  map 94% reduce 2%
15/08/06 01:34:08 INFO mapreduce.Job:  map 95% reduce 2%
15/08/06 01:34:18 INFO mapreduce.Job:  map 96% reduce 2%
15/08/06 01:34:27 INFO mapreduce.Job:  map 97% reduce 2%
15/08/06 01:34:35 INFO mapreduce.Job:  map 98% reduce 2%
15/08/06 01:34:44 INFO mapreduce.Job:  map 99% reduce 2%
15/08/06 01:34:52 INFO mapreduce.Job:  map 99% reduce 3%
15/08/06 01:35:00 INFO mapreduce.Job:  map 100% reduce 3%
15/08/06 01:35:10 INFO mapreduce.Job:  map 100% reduce 4%
15/08/06 01:35:11 INFO mapreduce.Job:  map 100% reduce 5%
15/08/06 01:35:14 INFO mapreduce.Job:  map 100% reduce 6%
15/08/06 01:35:16 INFO mapreduce.Job:  map 100% reduce 7%
15/08/06 01:35:20 INFO mapreduce.Job:  map 100% reduce 8%
15/08/06 01:35:24 INFO mapreduce.Job:  map 100% reduce 9%
15/08/06 01:35:28 INFO mapreduce.Job:  map 100% reduce 10%
15/08/06 01:35:36 INFO mapreduce.Job:  map 100% reduce 11%
15/08/06 01:35:37 INFO mapreduce.Job:  map 100% reduce 12%
15/08/06 01:35:39 INFO mapreduce.Job:  map 100% reduce 13%
15/08/06 01:35:43 INFO mapreduce.Job:  map 100% reduce 14%
15/08/06 01:35:46 INFO mapreduce.Job:  map 100% reduce 15%
15/08/06 01:35:49 INFO mapreduce.Job:  map 100% reduce 16%
15/08/06 01:35:52 INFO mapreduce.Job:  map 100% reduce 17%
15/08/06 01:35:57 INFO mapreduce.Job:  map 100% reduce 18%
15/08/06 01:35:59 INFO mapreduce.Job:  map 100% reduce 19%
15/08/06 01:36:03 INFO mapreduce.Job:  map 100% reduce 20%
15/08/06 01:36:07 INFO mapreduce.Job:  map 100% reduce 21%
15/08/06 01:36:11 INFO mapreduce.Job:  map 100% reduce 22%
15/08/06 01:36:15 INFO mapreduce.Job:  map 100% reduce 23%
15/08/06 01:36:16 INFO mapreduce.Job:  map 100% reduce 24%
15/08/06 01:36:19 INFO mapreduce.Job:  map 100% reduce 25%
15/08/06 01:36:23 INFO mapreduce.Job:  map 100% reduce 26%
15/08/06 01:36:27 INFO mapreduce.Job:  map 100% reduce 27%
15/08/06 01:36:31 INFO mapreduce.Job:  map 100% reduce 28%
15/08/06 01:36:34 INFO mapreduce.Job:  map 100% reduce 29%
15/08/06 01:36:36 INFO mapreduce.Job:  map 100% reduce 30%
15/08/06 01:36:42 INFO mapreduce.Job:  map 100% reduce 31%
15/08/06 01:36:45 INFO mapreduce.Job:  map 100% reduce 32%
15/08/06 01:36:47 INFO mapreduce.Job:  map 100% reduce 33%
15/08/06 01:36:51 INFO mapreduce.Job:  map 100% reduce 34%
15/08/06 01:36:55 INFO mapreduce.Job:  map 100% reduce 35%
15/08/06 01:36:58 INFO mapreduce.Job:  map 100% reduce 36%
15/08/06 01:37:00 INFO mapreduce.Job:  map 100% reduce 37%
15/08/06 01:37:04 INFO mapreduce.Job:  map 100% reduce 38%
15/08/06 01:37:08 INFO mapreduce.Job:  map 100% reduce 39%
15/08/06 01:37:13 INFO mapreduce.Job:  map 100% reduce 40%
15/08/06 01:37:15 INFO mapreduce.Job:  map 100% reduce 41%
15/08/06 01:37:18 INFO mapreduce.Job:  map 100% reduce 42%
15/08/06 01:37:22 INFO mapreduce.Job:  map 100% reduce 43%
15/08/06 01:37:25 INFO mapreduce.Job:  map 100% reduce 44%
15/08/06 01:37:27 INFO mapreduce.Job:  map 100% reduce 45%
15/08/06 01:37:31 INFO mapreduce.Job:  map 100% reduce 46%
15/08/06 01:37:34 INFO mapreduce.Job:  map 100% reduce 47%
15/08/06 01:37:39 INFO mapreduce.Job:  map 100% reduce 48%
15/08/06 01:37:42 INFO mapreduce.Job:  map 100% reduce 49%
15/08/06 01:37:45 INFO mapreduce.Job:  map 100% reduce 50%
15/08/06 01:37:48 INFO mapreduce.Job:  map 100% reduce 51%
15/08/06 01:37:52 INFO mapreduce.Job:  map 100% reduce 52%
15/08/06 01:37:54 INFO mapreduce.Job:  map 100% reduce 53%
15/08/06 01:37:57 INFO mapreduce.Job:  map 100% reduce 54%
15/08/06 01:37:59 INFO mapreduce.Job:  map 100% reduce 55%
15/08/06 01:38:04 INFO mapreduce.Job:  map 100% reduce 56%
15/08/06 01:38:11 INFO mapreduce.Job:  map 100% reduce 57%
15/08/06 01:38:12 INFO mapreduce.Job:  map 100% reduce 58%
15/08/06 01:38:15 INFO mapreduce.Job:  map 100% reduce 59%
15/08/06 01:38:19 INFO mapreduce.Job:  map 100% reduce 60%
15/08/06 01:38:24 INFO mapreduce.Job:  map 100% reduce 61%
15/08/06 01:38:26 INFO mapreduce.Job:  map 100% reduce 62%
15/08/06 01:38:27 INFO mapreduce.Job:  map 100% reduce 63%
15/08/06 01:38:33 INFO mapreduce.Job:  map 100% reduce 64%
15/08/06 01:38:35 INFO mapreduce.Job:  map 100% reduce 65%
15/08/06 01:38:39 INFO mapreduce.Job:  map 100% reduce 66%
15/08/06 01:38:41 INFO mapreduce.Job:  map 100% reduce 67%
15/08/06 01:38:45 INFO mapreduce.Job:  map 100% reduce 68%
15/08/06 01:38:48 INFO mapreduce.Job:  map 100% reduce 69%
15/08/06 01:38:53 INFO mapreduce.Job:  map 100% reduce 70%
15/08/06 01:38:56 INFO mapreduce.Job:  map 100% reduce 71%
15/08/06 01:39:00 INFO mapreduce.Job:  map 100% reduce 72%
15/08/06 01:39:03 INFO mapreduce.Job:  map 100% reduce 73%
15/08/06 01:39:07 INFO mapreduce.Job:  map 100% reduce 74%
15/08/06 01:39:09 INFO mapreduce.Job:  map 100% reduce 75%
15/08/06 01:39:12 INFO mapreduce.Job:  map 100% reduce 76%
15/08/06 01:39:16 INFO mapreduce.Job:  map 100% reduce 77%
15/08/06 01:39:20 INFO mapreduce.Job:  map 100% reduce 78%
15/08/06 01:39:24 INFO mapreduce.Job:  map 100% reduce 79%
15/08/06 01:39:25 INFO mapreduce.Job:  map 100% reduce 80%
15/08/06 01:39:31 INFO mapreduce.Job:  map 100% reduce 81%
15/08/06 01:39:34 INFO mapreduce.Job:  map 100% reduce 82%
15/08/06 01:39:36 INFO mapreduce.Job:  map 100% reduce 83%
15/08/06 01:39:40 INFO mapreduce.Job:  map 100% reduce 84%
15/08/06 01:39:44 INFO mapreduce.Job:  map 100% reduce 85%
15/08/06 01:39:49 INFO mapreduce.Job:  map 100% reduce 86%
15/08/06 01:39:51 INFO mapreduce.Job:  map 100% reduce 87%
15/08/06 01:39:53 INFO mapreduce.Job:  map 100% reduce 88%
15/08/06 01:39:57 INFO mapreduce.Job:  map 100% reduce 89%
15/08/06 01:40:01 INFO mapreduce.Job:  map 100% reduce 90%
15/08/06 01:40:04 INFO mapreduce.Job:  map 100% reduce 91%
15/08/06 01:40:06 INFO mapreduce.Job:  map 100% reduce 92%
15/08/06 01:40:11 INFO mapreduce.Job:  map 100% reduce 93%
15/08/06 01:40:15 INFO mapreduce.Job:  map 100% reduce 94%
15/08/06 01:40:18 INFO mapreduce.Job:  map 100% reduce 95%
15/08/06 01:40:20 INFO mapreduce.Job:  map 100% reduce 96%
15/08/06 01:40:23 INFO mapreduce.Job:  map 100% reduce 97%
15/08/06 01:40:26 INFO mapreduce.Job:  map 100% reduce 98%
15/08/06 01:40:29 INFO mapreduce.Job:  map 100% reduce 99%
15/08/06 01:40:37 INFO mapreduce.Job:  map 100% reduce 100%
15/08/06 01:40:53 INFO mapreduce.Job: Job job_1438789174539_0073 completed successfully
15/08/06 01:40:53 INFO mapreduce.Job: Counters: 52
	File System Counters
		FILE: Number of bytes read=21256119465
		FILE: Number of bytes written=42389857882
		FILE: Number of read operations=0
		FILE: Number of large read operations=0
		FILE: Number of write operations=0
		HDFS: Number of bytes read=63658132005
		HDFS: Number of bytes written=598406528
		HDFS: Number of read operations=2511
		HDFS: Number of large read operations=0
		HDFS: Number of write operations=720
	Job Counters 
		Killed map tasks=1
		Killed reduce tasks=2
		Launched map tasks=478
		Launched reduce tasks=362
		Data-local map tasks=403
		Rack-local map tasks=75
		Total time spent by all maps in occupied slots (ms)=31447074
		Total time spent by all reduces in occupied slots (ms)=46830424
		Total time spent by all map tasks (ms)=31447074
		Total time spent by all reduce tasks (ms)=23415212
		Total vcore-seconds taken by all map tasks=31447074
		Total vcore-seconds taken by all reduce tasks=23415212
		Total megabyte-seconds taken by all map tasks=48302705664
		Total megabyte-seconds taken by all reduce tasks=71931531264
	Map-Reduce Framework
		Map input records=603240458
		Map output records=606715670
		Map output bytes=19901420439
		Map output materialized bytes=21115882099
		Input split bytes=121625
		Combine input records=0
		Combine output records=0
		Reduce input groups=606709608
		Reduce shuffle bytes=21115882099
		Reduce input records=606715670
		Reduce output records=21948801
		Spilled Records=1216319908
		Shuffled Maps =171720
		Failed Shuffles=0
		Merged Map outputs=171720
		GC time elapsed (ms)=1417403
		CPU time spent (ms)=22559270
		Physical memory (bytes) snapshot=569270591488
		Virtual memory (bytes) snapshot=2000350957568
		Total committed heap usage (bytes)=518872498176
	Shuffle Errors
		BAD_ID=0
		CONNECTION=0
		IO_ERROR=0
		WRONG_LENGTH=0
		WRONG_MAP=0
		WRONG_REDUCE=0
	File Input Format Counters 
		Bytes Read=0
	File Output Format Counters 
		Bytes Written=598406528
15/08/06 01:40:53 INFO client.RMProxy: Connecting to ResourceManager at node-10/10.22.0.10:8032
15/08/06 01:40:53 WARN mapreduce.JobSubmitter: Hadoop command-line option parsing not performed. Implement the Tool interface and execute your application with ToolRunner to remedy this.
15/08/06 01:40:53 INFO input.FileInputFormat: Total input paths to process : 360
15/08/06 01:40:54 INFO mapreduce.JobSubmitter: number of splits:360
15/08/06 01:40:54 INFO mapreduce.JobSubmitter: Submitting tokens for job: job_1438789174539_0074
15/08/06 01:40:54 INFO impl.YarnClientImpl: Submitted application application_1438789174539_0074
15/08/06 01:40:54 INFO mapreduce.Job: The url to track the job: http://node-10:8088/proxy/application_1438789174539_0074/
15/08/06 01:40:54 INFO mapreduce.Job: Running job: job_1438789174539_0074
15/08/06 01:41:15 INFO mapreduce.Job: Job job_1438789174539_0074 running in uber mode : false
15/08/06 01:41:15 INFO mapreduce.Job:  map 0% reduce 0%
15/08/06 01:41:40 INFO mapreduce.Job:  map 1% reduce 0%
15/08/06 01:41:50 INFO mapreduce.Job:  map 2% reduce 0%
15/08/06 01:41:51 INFO mapreduce.Job:  map 3% reduce 0%
15/08/06 01:41:53 INFO mapreduce.Job:  map 5% reduce 0%
15/08/06 01:41:54 INFO mapreduce.Job:  map 8% reduce 0%
15/08/06 01:41:56 INFO mapreduce.Job:  map 11% reduce 0%
15/08/06 01:41:57 INFO mapreduce.Job:  map 17% reduce 0%
15/08/06 01:41:59 INFO mapreduce.Job:  map 18% reduce 0%
15/08/06 01:42:00 INFO mapreduce.Job:  map 21% reduce 0%
15/08/06 01:42:02 INFO mapreduce.Job:  map 22% reduce 0%
15/08/06 01:42:10 INFO mapreduce.Job:  map 23% reduce 0%
15/08/06 01:42:16 INFO mapreduce.Job:  map 24% reduce 0%
15/08/06 01:42:17 INFO mapreduce.Job:  map 25% reduce 0%
15/08/06 01:42:18 INFO mapreduce.Job:  map 26% reduce 8%
15/08/06 01:42:20 INFO mapreduce.Job:  map 27% reduce 8%
15/08/06 01:42:21 INFO mapreduce.Job:  map 28% reduce 9%
15/08/06 01:42:24 INFO mapreduce.Job:  map 30% reduce 9%
15/08/06 01:42:25 INFO mapreduce.Job:  map 30% reduce 10%
15/08/06 01:42:26 INFO mapreduce.Job:  map 31% reduce 10%
15/08/06 01:42:27 INFO mapreduce.Job:  map 34% reduce 10%
15/08/06 01:42:28 INFO mapreduce.Job:  map 35% reduce 10%
15/08/06 01:42:29 INFO mapreduce.Job:  map 37% reduce 10%
15/08/06 01:42:30 INFO mapreduce.Job:  map 39% reduce 10%
15/08/06 01:42:31 INFO mapreduce.Job:  map 39% reduce 13%
15/08/06 01:42:32 INFO mapreduce.Job:  map 41% reduce 13%
15/08/06 01:42:33 INFO mapreduce.Job:  map 42% reduce 13%
15/08/06 01:42:34 INFO mapreduce.Job:  map 43% reduce 14%
15/08/06 01:42:37 INFO mapreduce.Job:  map 44% reduce 14%
15/08/06 01:42:39 INFO mapreduce.Job:  map 45% reduce 14%
15/08/06 01:42:40 INFO mapreduce.Job:  map 45% reduce 15%
15/08/06 01:42:42 INFO mapreduce.Job:  map 46% reduce 15%
15/08/06 01:42:46 INFO mapreduce.Job:  map 47% reduce 15%
15/08/06 01:42:48 INFO mapreduce.Job:  map 48% reduce 15%
15/08/06 01:42:49 INFO mapreduce.Job:  map 49% reduce 15%
15/08/06 01:42:50 INFO mapreduce.Job:  map 49% reduce 16%
15/08/06 01:42:51 INFO mapreduce.Job:  map 50% reduce 16%
15/08/06 01:42:52 INFO mapreduce.Job:  map 51% reduce 16%
15/08/06 01:42:53 INFO mapreduce.Job:  map 52% reduce 17%
15/08/06 01:42:54 INFO mapreduce.Job:  map 53% reduce 17%
15/08/06 01:42:55 INFO mapreduce.Job:  map 55% reduce 17%
15/08/06 01:42:57 INFO mapreduce.Job:  map 56% reduce 18%
15/08/06 01:42:58 INFO mapreduce.Job:  map 58% reduce 19%
15/08/06 01:42:59 INFO mapreduce.Job:  map 59% reduce 19%
15/08/06 01:43:00 INFO mapreduce.Job:  map 61% reduce 19%
15/08/06 01:43:01 INFO mapreduce.Job:  map 61% reduce 20%
15/08/06 01:43:02 INFO mapreduce.Job:  map 62% reduce 20%
15/08/06 01:43:04 INFO mapreduce.Job:  map 63% reduce 21%
15/08/06 01:43:06 INFO mapreduce.Job:  map 65% reduce 21%
15/08/06 01:43:07 INFO mapreduce.Job:  map 65% reduce 22%
15/08/06 01:43:08 INFO mapreduce.Job:  map 66% reduce 22%
15/08/06 01:43:13 INFO mapreduce.Job:  map 67% reduce 22%
15/08/06 01:43:14 INFO mapreduce.Job:  map 68% reduce 22%
15/08/06 01:43:17 INFO mapreduce.Job:  map 69% reduce 23%
15/08/06 01:43:18 INFO mapreduce.Job:  map 70% reduce 23%
15/08/06 01:43:19 INFO mapreduce.Job:  map 71% reduce 23%
15/08/06 01:43:20 INFO mapreduce.Job:  map 72% reduce 24%
15/08/06 01:43:21 INFO mapreduce.Job:  map 73% reduce 24%
15/08/06 01:43:23 INFO mapreduce.Job:  map 74% reduce 24%
15/08/06 01:43:24 INFO mapreduce.Job:  map 76% reduce 24%
15/08/06 01:43:25 INFO mapreduce.Job:  map 77% reduce 24%
15/08/06 01:43:26 INFO mapreduce.Job:  map 77% reduce 25%
15/08/06 01:43:28 INFO mapreduce.Job:  map 79% reduce 25%
15/08/06 01:43:29 INFO mapreduce.Job:  map 80% reduce 25%
15/08/06 01:43:30 INFO mapreduce.Job:  map 81% reduce 26%
15/08/06 01:43:31 INFO mapreduce.Job:  map 82% reduce 26%
15/08/06 01:43:32 INFO mapreduce.Job:  map 84% reduce 26%
15/08/06 01:43:33 INFO mapreduce.Job:  map 85% reduce 27%
15/08/06 01:43:35 INFO mapreduce.Job:  map 86% reduce 27%
15/08/06 01:43:36 INFO mapreduce.Job:  map 86% reduce 28%
15/08/06 01:43:37 INFO mapreduce.Job:  map 87% reduce 28%
15/08/06 01:43:38 INFO mapreduce.Job:  map 87% reduce 29%
15/08/06 01:43:39 INFO mapreduce.Job:  map 88% reduce 29%
15/08/06 01:43:40 INFO mapreduce.Job:  map 89% reduce 29%
15/08/06 01:43:43 INFO mapreduce.Job:  map 90% reduce 29%
15/08/06 01:43:44 INFO mapreduce.Job:  map 92% reduce 30%
15/08/06 01:43:45 INFO mapreduce.Job:  map 94% reduce 30%
15/08/06 01:43:47 INFO mapreduce.Job:  map 94% reduce 31%
15/08/06 01:43:48 INFO mapreduce.Job:  map 96% reduce 31%
15/08/06 01:43:50 INFO mapreduce.Job:  map 97% reduce 32%
15/08/06 01:43:51 INFO mapreduce.Job:  map 98% reduce 32%
15/08/06 01:43:52 INFO mapreduce.Job:  map 99% reduce 32%
15/08/06 01:43:53 INFO mapreduce.Job:  map 99% reduce 33%
15/08/06 01:44:01 INFO mapreduce.Job:  map 100% reduce 33%
15/08/06 01:44:03 INFO mapreduce.Job:  map 100% reduce 34%
15/08/06 01:44:06 INFO mapreduce.Job:  map 100% reduce 38%
15/08/06 01:44:11 INFO mapreduce.Job:  map 100% reduce 42%
15/08/06 01:44:14 INFO mapreduce.Job:  map 100% reduce 45%
15/08/06 01:44:17 INFO mapreduce.Job:  map 100% reduce 49%
15/08/06 01:44:20 INFO mapreduce.Job:  map 100% reduce 50%
15/08/06 01:44:23 INFO mapreduce.Job:  map 100% reduce 53%
15/08/06 01:44:26 INFO mapreduce.Job:  map 100% reduce 57%
15/08/06 01:44:29 INFO mapreduce.Job:  map 100% reduce 60%
15/08/06 01:44:32 INFO mapreduce.Job:  map 100% reduce 64%
15/08/06 01:44:35 INFO mapreduce.Job:  map 100% reduce 67%
15/08/06 01:44:38 INFO mapreduce.Job:  map 100% reduce 69%
15/08/06 01:44:41 INFO mapreduce.Job:  map 100% reduce 72%
15/08/06 01:44:44 INFO mapreduce.Job:  map 100% reduce 75%
15/08/06 01:44:47 INFO mapreduce.Job:  map 100% reduce 79%
15/08/06 01:44:50 INFO mapreduce.Job:  map 100% reduce 82%
15/08/06 01:44:53 INFO mapreduce.Job:  map 100% reduce 85%
15/08/06 01:44:56 INFO mapreduce.Job:  map 100% reduce 89%
15/08/06 01:44:59 INFO mapreduce.Job:  map 100% reduce 92%
15/08/06 01:45:02 INFO mapreduce.Job:  map 100% reduce 95%
15/08/06 01:45:05 INFO mapreduce.Job:  map 100% reduce 98%
15/08/06 01:45:07 INFO mapreduce.Job:  map 100% reduce 100%
15/08/06 01:45:07 INFO mapreduce.Job: Job job_1438789174539_0074 completed successfully
15/08/06 01:45:07 INFO mapreduce.Job: Counters: 50
	File System Counters
		FILE: Number of bytes read=642304136
		FILE: Number of bytes written=1323132569
		FILE: Number of read operations=0
		FILE: Number of large read operations=0
		FILE: Number of write operations=0
		HDFS: Number of bytes read=598447928
		HDFS: Number of bytes written=4860
		HDFS: Number of read operations=1083
		HDFS: Number of large read operations=0
		HDFS: Number of write operations=2
	Job Counters 
		Launched map tasks=360
		Launched reduce tasks=1
		Data-local map tasks=353
		Rack-local map tasks=7
		Total time spent by all maps in occupied slots (ms)=10086469
		Total time spent by all reduces in occupied slots (ms)=374276
		Total time spent by all map tasks (ms)=10086469
		Total time spent by all reduce tasks (ms)=187138
		Total vcore-seconds taken by all map tasks=10086469
		Total vcore-seconds taken by all reduce tasks=187138
		Total megabyte-seconds taken by all map tasks=15492816384
		Total megabyte-seconds taken by all reduce tasks=574887936
	Map-Reduce Framework
		Map input records=21948801
		Map output records=21948801
		Map output bytes=598406528
		Map output materialized bytes=642306290
		Input split bytes=41400
		Combine input records=0
		Combine output records=0
		Reduce input groups=150
		Reduce shuffle bytes=642306290
		Reduce input records=21948801
		Reduce output records=150
		Spilled Records=43897602
		Shuffled Maps =360
		Failed Shuffles=0
		Merged Map outputs=360
		GC time elapsed (ms)=202745
		CPU time spent (ms)=1278910
		Physical memory (bytes) snapshot=91866394624
		Virtual memory (bytes) snapshot=658600529920
		Total committed heap usage (bytes)=98948218880
	Shuffle Errors
		BAD_ID=0
		CONNECTION=0
		IO_ERROR=0
		WRONG_LENGTH=0
		WRONG_MAP=0
		WRONG_REDUCE=0
	File Input Format Counters 
		Bytes Read=598406528
	File Output Format Counters 
		Bytes Written=4860
15/08/06 01:45:07 INFO client.RMProxy: Connecting to ResourceManager at node-10/10.22.0.10:8032
15/08/06 01:45:07 WARN mapreduce.JobSubmitter: Hadoop command-line option parsing not performed. Implement the Tool interface and execute your application with ToolRunner to remedy this.
15/08/06 01:45:07 INFO input.FileInputFormat: Total input paths to process : 1
15/08/06 01:45:07 INFO mapreduce.JobSubmitter: number of splits:1
15/08/06 01:45:07 INFO mapreduce.JobSubmitter: Submitting tokens for job: job_1438789174539_0075
15/08/06 01:45:07 INFO impl.YarnClientImpl: Submitted application application_1438789174539_0075
15/08/06 01:45:07 INFO mapreduce.Job: The url to track the job: http://node-10:8088/proxy/application_1438789174539_0075/
15/08/06 01:45:07 INFO mapreduce.Job: Running job: job_1438789174539_0075
15/08/06 01:45:28 INFO mapreduce.Job: Job job_1438789174539_0075 running in uber mode : false
15/08/06 01:45:28 INFO mapreduce.Job:  map 0% reduce 0%
15/08/06 01:45:40 INFO mapreduce.Job:  map 100% reduce 0%
15/08/06 01:45:56 INFO mapreduce.Job:  map 100% reduce 100%
15/08/06 01:45:57 INFO mapreduce.Job: Job job_1438789174539_0075 completed successfully
15/08/06 01:45:57 INFO mapreduce.Job: Counters: 49
	File System Counters
		FILE: Number of bytes read=5316
		FILE: Number of bytes written=225381
		FILE: Number of read operations=0
		FILE: Number of large read operations=0
		FILE: Number of write operations=0
		HDFS: Number of bytes read=4975
		HDFS: Number of bytes written=4860
		HDFS: Number of read operations=6
		HDFS: Number of large read operations=0
		HDFS: Number of write operations=2
	Job Counters 
		Launched map tasks=1
		Launched reduce tasks=1
		Rack-local map tasks=1
		Total time spent by all maps in occupied slots (ms)=8794
		Total time spent by all reduces in occupied slots (ms)=28254
		Total time spent by all map tasks (ms)=8794
		Total time spent by all reduce tasks (ms)=14127
		Total vcore-seconds taken by all map tasks=8794
		Total vcore-seconds taken by all reduce tasks=14127
		Total megabyte-seconds taken by all map tasks=13507584
		Total megabyte-seconds taken by all reduce tasks=43398144
	Map-Reduce Framework
		Map input records=150
		Map output records=150
		Map output bytes=5010
		Map output materialized bytes=5316
		Input split bytes=115
		Combine input records=0
		Combine output records=0
		Reduce input groups=1
		Reduce shuffle bytes=5316
		Reduce input records=150
		Reduce output records=150
		Spilled Records=300
		Shuffled Maps =1
		Failed Shuffles=0
		Merged Map outputs=1
		GC time elapsed (ms)=60
		CPU time spent (ms)=2530
		Physical memory (bytes) snapshot=398094336
		Virtual memory (bytes) snapshot=4988006400
		Total committed heap usage (bytes)=405209088
	Shuffle Errors
		BAD_ID=0
		CONNECTION=0
		IO_ERROR=0
		WRONG_LENGTH=0
		WRONG_MAP=0
		WRONG_REDUCE=0
	File Input Format Counters 
		Bytes Read=4860
	File Output Format Counters 
		Bytes Written=4860
Tempo(ms) job1 - junção: 1145498
Tempo(ms) job2 - group by: 254286
Tempo(ms) job3 - order by: 50189
Tempo total(ms): 1449973
