Running Hadoop from /mnt/hadoop-2.6.0
Running query: Q3.1  50 1 0 4
15/08/05 22:15:06 WARN util.NativeCodeLoader: Unable to load native-hadoop library for your platform... using builtin-java classes where applicable
15/08/05 22:15:11 INFO client.RMProxy: Connecting to ResourceManager at node-10/10.22.0.10:8032
15/08/05 22:15:12 WARN mapreduce.JobSubmitter: Hadoop command-line option parsing not performed. Implement the Tool interface and execute your application with ToolRunner to remedy this.
15/08/05 22:15:13 INFO input.FileInputFormat: Total input paths to process : 1
15/08/05 22:15:13 INFO input.FileInputFormat: Total input paths to process : 1
15/08/05 22:15:13 INFO input.FileInputFormat: Total input paths to process : 1
15/08/05 22:15:13 INFO input.FileInputFormat: Total input paths to process : 1
15/08/05 22:15:14 INFO mapreduce.JobSubmitter: number of splits:477
15/08/05 22:15:15 INFO mapreduce.JobSubmitter: Submitting tokens for job: job_1438789174539_0049
15/08/05 22:15:15 INFO impl.YarnClientImpl: Submitted application application_1438789174539_0049
15/08/05 22:15:15 INFO mapreduce.Job: The url to track the job: http://node-10:8088/proxy/application_1438789174539_0049/
15/08/05 22:15:15 INFO mapreduce.Job: Running job: job_1438789174539_0049
15/08/05 22:15:40 INFO mapreduce.Job: Job job_1438789174539_0049 running in uber mode : false
15/08/05 22:15:40 INFO mapreduce.Job:  map 0% reduce 0%
15/08/05 22:16:26 INFO mapreduce.Job:  map 1% reduce 0%
15/08/05 22:16:31 INFO mapreduce.Job:  map 2% reduce 0%
15/08/05 22:16:35 INFO mapreduce.Job:  map 3% reduce 0%
15/08/05 22:16:38 INFO mapreduce.Job:  map 4% reduce 0%
15/08/05 22:16:42 INFO mapreduce.Job:  map 5% reduce 0%
15/08/05 22:16:45 INFO mapreduce.Job:  map 6% reduce 0%
15/08/05 22:16:49 INFO mapreduce.Job:  map 7% reduce 0%
15/08/05 22:16:52 INFO mapreduce.Job:  map 8% reduce 0%
15/08/05 22:16:57 INFO mapreduce.Job:  map 9% reduce 0%
15/08/05 22:17:01 INFO mapreduce.Job:  map 10% reduce 0%
15/08/05 22:17:06 INFO mapreduce.Job:  map 11% reduce 0%
15/08/05 22:17:10 INFO mapreduce.Job:  map 12% reduce 0%
15/08/05 22:17:13 INFO mapreduce.Job:  map 13% reduce 0%
15/08/05 22:17:17 INFO mapreduce.Job:  map 14% reduce 0%
15/08/05 22:17:19 INFO mapreduce.Job:  map 15% reduce 0%
15/08/05 22:17:23 INFO mapreduce.Job:  map 16% reduce 0%
15/08/05 22:17:36 INFO mapreduce.Job:  map 17% reduce 0%
15/08/05 22:17:43 INFO mapreduce.Job:  map 18% reduce 0%
15/08/05 22:17:49 INFO mapreduce.Job:  map 19% reduce 0%
15/08/05 22:17:54 INFO mapreduce.Job:  map 20% reduce 0%
15/08/05 22:17:59 INFO mapreduce.Job:  map 21% reduce 0%
15/08/05 22:18:04 INFO mapreduce.Job:  map 22% reduce 0%
15/08/05 22:18:09 INFO mapreduce.Job:  map 23% reduce 0%
15/08/05 22:18:15 INFO mapreduce.Job:  map 24% reduce 0%
15/08/05 22:18:20 INFO mapreduce.Job:  map 25% reduce 0%
15/08/05 22:18:26 INFO mapreduce.Job:  map 26% reduce 0%
15/08/05 22:18:30 INFO mapreduce.Job:  map 27% reduce 0%
15/08/05 22:18:34 INFO mapreduce.Job:  map 28% reduce 0%
15/08/05 22:18:39 INFO mapreduce.Job:  map 29% reduce 0%
15/08/05 22:18:43 INFO mapreduce.Job:  map 30% reduce 0%
15/08/05 22:18:48 INFO mapreduce.Job:  map 31% reduce 0%
15/08/05 22:18:53 INFO mapreduce.Job:  map 32% reduce 0%
15/08/05 22:19:04 INFO mapreduce.Job:  map 33% reduce 0%
15/08/05 22:19:10 INFO mapreduce.Job:  map 34% reduce 1%
15/08/05 22:19:16 INFO mapreduce.Job:  map 35% reduce 1%
15/08/05 22:19:23 INFO mapreduce.Job:  map 36% reduce 1%
15/08/05 22:19:27 INFO mapreduce.Job:  map 37% reduce 1%
15/08/05 22:19:33 INFO mapreduce.Job:  map 38% reduce 1%
15/08/05 22:19:39 INFO mapreduce.Job:  map 39% reduce 1%
15/08/05 22:19:46 INFO mapreduce.Job:  map 40% reduce 1%
15/08/05 22:19:52 INFO mapreduce.Job:  map 41% reduce 1%
15/08/05 22:19:57 INFO mapreduce.Job:  map 42% reduce 1%
15/08/05 22:20:01 INFO mapreduce.Job:  map 43% reduce 1%
15/08/05 22:20:06 INFO mapreduce.Job:  map 44% reduce 1%
15/08/05 22:20:12 INFO mapreduce.Job:  map 45% reduce 1%
15/08/05 22:20:18 INFO mapreduce.Job:  map 46% reduce 1%
15/08/05 22:20:28 INFO mapreduce.Job:  map 47% reduce 1%
15/08/05 22:20:36 INFO mapreduce.Job:  map 48% reduce 1%
15/08/05 22:20:44 INFO mapreduce.Job:  map 49% reduce 1%
15/08/05 22:20:50 INFO mapreduce.Job:  map 50% reduce 1%
15/08/05 22:20:56 INFO mapreduce.Job:  map 51% reduce 1%
15/08/05 22:21:01 INFO mapreduce.Job:  map 52% reduce 1%
15/08/05 22:21:12 INFO mapreduce.Job:  map 53% reduce 1%
15/08/05 22:21:18 INFO mapreduce.Job:  map 54% reduce 2%
15/08/05 22:21:27 INFO mapreduce.Job:  map 55% reduce 2%
15/08/05 22:21:33 INFO mapreduce.Job:  map 56% reduce 2%
15/08/05 22:21:41 INFO mapreduce.Job:  map 57% reduce 2%
15/08/05 22:21:45 INFO mapreduce.Job:  map 58% reduce 2%
15/08/05 22:21:56 INFO mapreduce.Job:  map 59% reduce 2%
15/08/05 22:22:04 INFO mapreduce.Job:  map 60% reduce 2%
15/08/05 22:22:07 INFO mapreduce.Job:  map 61% reduce 2%
15/08/05 22:22:15 INFO mapreduce.Job:  map 62% reduce 2%
15/08/05 22:22:22 INFO mapreduce.Job:  map 63% reduce 2%
15/08/05 22:22:28 INFO mapreduce.Job:  map 64% reduce 2%
15/08/05 22:22:35 INFO mapreduce.Job:  map 65% reduce 2%
15/08/05 22:22:41 INFO mapreduce.Job:  map 66% reduce 2%
15/08/05 22:22:49 INFO mapreduce.Job:  map 67% reduce 2%
15/08/05 22:22:54 INFO mapreduce.Job:  map 68% reduce 2%
15/08/05 22:23:04 INFO mapreduce.Job:  map 69% reduce 2%
15/08/05 22:23:11 INFO mapreduce.Job:  map 70% reduce 2%
15/08/05 22:23:19 INFO mapreduce.Job:  map 71% reduce 2%
15/08/05 22:23:28 INFO mapreduce.Job:  map 72% reduce 2%
15/08/05 22:23:34 INFO mapreduce.Job:  map 73% reduce 2%
15/08/05 22:23:43 INFO mapreduce.Job:  map 74% reduce 2%
15/08/05 22:23:51 INFO mapreduce.Job:  map 75% reduce 2%
15/08/05 22:23:58 INFO mapreduce.Job:  map 76% reduce 2%
15/08/05 22:24:06 INFO mapreduce.Job:  map 77% reduce 2%
15/08/05 22:24:17 INFO mapreduce.Job:  map 78% reduce 2%
15/08/05 22:24:25 INFO mapreduce.Job:  map 79% reduce 2%
15/08/05 22:24:35 INFO mapreduce.Job:  map 80% reduce 2%
15/08/05 22:24:42 INFO mapreduce.Job:  map 81% reduce 2%
15/08/05 22:24:43 INFO mapreduce.Job:  map 81% reduce 3%
15/08/05 22:24:52 INFO mapreduce.Job:  map 82% reduce 3%
15/08/05 22:25:02 INFO mapreduce.Job:  map 83% reduce 3%
15/08/05 22:25:09 INFO mapreduce.Job:  map 84% reduce 3%
15/08/05 22:25:18 INFO mapreduce.Job:  map 85% reduce 3%
15/08/05 22:25:26 INFO mapreduce.Job:  map 86% reduce 3%
15/08/05 22:25:36 INFO mapreduce.Job:  map 87% reduce 3%
15/08/05 22:25:46 INFO mapreduce.Job:  map 88% reduce 3%
15/08/05 22:25:53 INFO mapreduce.Job:  map 89% reduce 3%
15/08/05 22:26:03 INFO mapreduce.Job:  map 90% reduce 3%
15/08/05 22:26:14 INFO mapreduce.Job:  map 91% reduce 3%
15/08/05 22:26:21 INFO mapreduce.Job:  map 92% reduce 3%
15/08/05 22:26:33 INFO mapreduce.Job:  map 93% reduce 3%
15/08/05 22:26:41 INFO mapreduce.Job:  map 94% reduce 3%
15/08/05 22:26:51 INFO mapreduce.Job:  map 95% reduce 3%
15/08/05 22:26:56 INFO mapreduce.Job:  map 96% reduce 3%
15/08/05 22:27:02 INFO mapreduce.Job:  map 97% reduce 3%
15/08/05 22:27:10 INFO mapreduce.Job:  map 98% reduce 3%
15/08/05 22:27:17 INFO mapreduce.Job:  map 99% reduce 3%
15/08/05 22:27:20 INFO mapreduce.Job:  map 99% reduce 4%
15/08/05 22:27:32 INFO mapreduce.Job:  map 100% reduce 5%
15/08/05 22:27:47 INFO mapreduce.Job:  map 100% reduce 6%
15/08/05 22:27:49 INFO mapreduce.Job:  map 100% reduce 7%
15/08/05 22:27:51 INFO mapreduce.Job:  map 100% reduce 8%
15/08/05 22:27:52 INFO mapreduce.Job:  map 100% reduce 9%
15/08/05 22:27:53 INFO mapreduce.Job:  map 100% reduce 10%
15/08/05 22:27:55 INFO mapreduce.Job:  map 100% reduce 11%
15/08/05 22:27:57 INFO mapreduce.Job:  map 100% reduce 12%
15/08/05 22:28:01 INFO mapreduce.Job:  map 100% reduce 13%
15/08/05 22:28:04 INFO mapreduce.Job:  map 100% reduce 14%
15/08/05 22:28:07 INFO mapreduce.Job:  map 100% reduce 15%
15/08/05 22:28:09 INFO mapreduce.Job:  map 100% reduce 16%
15/08/05 22:28:12 INFO mapreduce.Job:  map 100% reduce 17%
15/08/05 22:28:15 INFO mapreduce.Job:  map 100% reduce 18%
15/08/05 22:28:19 INFO mapreduce.Job:  map 100% reduce 19%
15/08/05 22:28:28 INFO mapreduce.Job:  map 100% reduce 20%
15/08/05 22:28:31 INFO mapreduce.Job:  map 100% reduce 21%
15/08/05 22:28:34 INFO mapreduce.Job:  map 100% reduce 22%
15/08/05 22:28:35 INFO mapreduce.Job:  map 100% reduce 23%
15/08/05 22:28:36 INFO mapreduce.Job:  map 100% reduce 24%
15/08/05 22:28:37 INFO mapreduce.Job:  map 100% reduce 25%
15/08/05 22:28:38 INFO mapreduce.Job:  map 100% reduce 26%
15/08/05 22:28:40 INFO mapreduce.Job:  map 100% reduce 27%
15/08/05 22:28:41 INFO mapreduce.Job:  map 100% reduce 28%
15/08/05 22:28:43 INFO mapreduce.Job:  map 100% reduce 29%
15/08/05 22:28:45 INFO mapreduce.Job:  map 100% reduce 30%
15/08/05 22:28:47 INFO mapreduce.Job:  map 100% reduce 31%
15/08/05 22:28:49 INFO mapreduce.Job:  map 100% reduce 32%
15/08/05 22:28:52 INFO mapreduce.Job:  map 100% reduce 33%
15/08/05 22:28:55 INFO mapreduce.Job:  map 100% reduce 34%
15/08/05 22:28:58 INFO mapreduce.Job:  map 100% reduce 35%
15/08/05 22:29:00 INFO mapreduce.Job:  map 100% reduce 36%
15/08/05 22:29:02 INFO mapreduce.Job:  map 100% reduce 37%
15/08/05 22:29:06 INFO mapreduce.Job:  map 100% reduce 38%
15/08/05 22:29:13 INFO mapreduce.Job:  map 100% reduce 39%
15/08/05 22:29:18 INFO mapreduce.Job:  map 100% reduce 40%
15/08/05 22:29:20 INFO mapreduce.Job:  map 100% reduce 41%
15/08/05 22:29:21 INFO mapreduce.Job:  map 100% reduce 42%
15/08/05 22:29:22 INFO mapreduce.Job:  map 100% reduce 43%
15/08/05 22:29:24 INFO mapreduce.Job:  map 100% reduce 44%
15/08/05 22:29:26 INFO mapreduce.Job:  map 100% reduce 45%
15/08/05 22:29:28 INFO mapreduce.Job:  map 100% reduce 46%
15/08/05 22:29:30 INFO mapreduce.Job:  map 100% reduce 47%
15/08/05 22:29:32 INFO mapreduce.Job:  map 100% reduce 48%
15/08/05 22:29:35 INFO mapreduce.Job:  map 100% reduce 49%
15/08/05 22:29:37 INFO mapreduce.Job:  map 100% reduce 50%
15/08/05 22:29:38 INFO mapreduce.Job:  map 100% reduce 51%
15/08/05 22:29:40 INFO mapreduce.Job:  map 100% reduce 52%
15/08/05 22:29:42 INFO mapreduce.Job:  map 100% reduce 53%
15/08/05 22:29:45 INFO mapreduce.Job:  map 100% reduce 54%
15/08/05 22:29:48 INFO mapreduce.Job:  map 100% reduce 55%
15/08/05 22:29:51 INFO mapreduce.Job:  map 100% reduce 56%
15/08/05 22:29:54 INFO mapreduce.Job:  map 100% reduce 57%
15/08/05 22:29:59 INFO mapreduce.Job:  map 100% reduce 58%
15/08/05 22:30:02 INFO mapreduce.Job:  map 100% reduce 59%
15/08/05 22:30:07 INFO mapreduce.Job:  map 100% reduce 60%
15/08/05 22:30:10 INFO mapreduce.Job:  map 100% reduce 61%
15/08/05 22:30:12 INFO mapreduce.Job:  map 100% reduce 62%
15/08/05 22:30:14 INFO mapreduce.Job:  map 100% reduce 63%
15/08/05 22:30:15 INFO mapreduce.Job:  map 100% reduce 64%
15/08/05 22:30:16 INFO mapreduce.Job:  map 100% reduce 65%
15/08/05 22:30:18 INFO mapreduce.Job:  map 100% reduce 66%
15/08/05 22:30:21 INFO mapreduce.Job:  map 100% reduce 67%
15/08/05 22:30:23 INFO mapreduce.Job:  map 100% reduce 68%
15/08/05 22:30:26 INFO mapreduce.Job:  map 100% reduce 69%
15/08/05 22:30:28 INFO mapreduce.Job:  map 100% reduce 70%
15/08/05 22:30:29 INFO mapreduce.Job:  map 100% reduce 71%
15/08/05 22:30:31 INFO mapreduce.Job:  map 100% reduce 72%
15/08/05 22:30:34 INFO mapreduce.Job:  map 100% reduce 73%
15/08/05 22:30:37 INFO mapreduce.Job:  map 100% reduce 74%
15/08/05 22:30:39 INFO mapreduce.Job:  map 100% reduce 75%
15/08/05 22:30:42 INFO mapreduce.Job:  map 100% reduce 76%
15/08/05 22:30:47 INFO mapreduce.Job:  map 100% reduce 77%
15/08/05 22:30:52 INFO mapreduce.Job:  map 100% reduce 78%
15/08/05 22:30:54 INFO mapreduce.Job:  map 100% reduce 79%
15/08/05 22:30:56 INFO mapreduce.Job:  map 100% reduce 80%
15/08/05 22:30:59 INFO mapreduce.Job:  map 100% reduce 81%
15/08/05 22:31:01 INFO mapreduce.Job:  map 100% reduce 82%
15/08/05 22:31:02 INFO mapreduce.Job:  map 100% reduce 83%
15/08/05 22:31:05 INFO mapreduce.Job:  map 100% reduce 84%
15/08/05 22:31:07 INFO mapreduce.Job:  map 100% reduce 85%
15/08/05 22:31:10 INFO mapreduce.Job:  map 100% reduce 86%
15/08/05 22:31:13 INFO mapreduce.Job:  map 100% reduce 87%
15/08/05 22:31:15 INFO mapreduce.Job:  map 100% reduce 88%
15/08/05 22:31:16 INFO mapreduce.Job:  map 100% reduce 89%
15/08/05 22:31:18 INFO mapreduce.Job:  map 100% reduce 90%
15/08/05 22:31:19 INFO mapreduce.Job:  map 100% reduce 91%
15/08/05 22:31:22 INFO mapreduce.Job:  map 100% reduce 92%
15/08/05 22:31:24 INFO mapreduce.Job:  map 100% reduce 93%
15/08/05 22:31:28 INFO mapreduce.Job:  map 100% reduce 94%
15/08/05 22:31:31 INFO mapreduce.Job:  map 100% reduce 95%
15/08/05 22:31:35 INFO mapreduce.Job:  map 100% reduce 96%
15/08/05 22:31:39 INFO mapreduce.Job:  map 100% reduce 97%
15/08/05 22:31:41 INFO mapreduce.Job:  map 100% reduce 98%
15/08/05 22:31:45 INFO mapreduce.Job:  map 100% reduce 99%
15/08/05 22:31:57 INFO mapreduce.Job:  map 100% reduce 100%
15/08/05 22:32:12 INFO mapreduce.Job: Job job_1438789174539_0049 completed successfully
15/08/05 22:32:12 INFO mapreduce.Job: Counters: 51
	File System Counters
		FILE: Number of bytes read=21073125462
		FILE: Number of bytes written=42221905822
		FILE: Number of read operations=0
		FILE: Number of large read operations=0
		FILE: Number of write operations=0
		HDFS: Number of bytes read=63658132005
		HDFS: Number of bytes written=598406528
		HDFS: Number of read operations=2031
		HDFS: Number of large read operations=0
		HDFS: Number of write operations=400
	Job Counters 
		Killed reduce tasks=2
		Launched map tasks=477
		Launched reduce tasks=202
		Data-local map tasks=410
		Rack-local map tasks=67
		Total time spent by all maps in occupied slots (ms)=31057976
		Total time spent by all reduces in occupied slots (ms)=39124602
		Total time spent by all map tasks (ms)=31057976
		Total time spent by all reduce tasks (ms)=19562301
		Total vcore-seconds taken by all map tasks=31057976
		Total vcore-seconds taken by all reduce tasks=19562301
		Total megabyte-seconds taken by all map tasks=47705051136
		Total megabyte-seconds taken by all reduce tasks=60095388672
	Map-Reduce Framework
		Map input records=603240458
		Map output records=604882316
		Map output bytes=19863359630
		Map output materialized bytes=21073696662
		Input split bytes=121625
		Combine input records=0
		Combine output records=0
		Reduce input groups=604876254
		Reduce shuffle bytes=21073696662
		Reduce input records=604882316
		Reduce output records=21948801
		Spilled Records=1209764632
		Shuffled Maps =95400
		Failed Shuffles=0
		Merged Map outputs=95400
		GC time elapsed (ms)=1367029
		CPU time spent (ms)=21300850
		Physical memory (bytes) snapshot=477621043200
		Virtual memory (bytes) snapshot=1498099810304
		Total committed heap usage (bytes)=432764092416
	Shuffle Errors
		BAD_ID=0
		CONNECTION=0
		IO_ERROR=0
		WRONG_LENGTH=0
		WRONG_MAP=0
		WRONG_REDUCE=0
	File Input Format Counters 
		Bytes Read=0
	File Output Format Counters 
		Bytes Written=598406528
15/08/05 22:32:12 INFO client.RMProxy: Connecting to ResourceManager at node-10/10.22.0.10:8032
15/08/05 22:32:12 WARN mapreduce.JobSubmitter: Hadoop command-line option parsing not performed. Implement the Tool interface and execute your application with ToolRunner to remedy this.
15/08/05 22:32:12 INFO input.FileInputFormat: Total input paths to process : 200
15/08/05 22:32:13 INFO mapreduce.JobSubmitter: number of splits:200
15/08/05 22:32:13 INFO mapreduce.JobSubmitter: Submitting tokens for job: job_1438789174539_0050
15/08/05 22:32:13 INFO impl.YarnClientImpl: Submitted application application_1438789174539_0050
15/08/05 22:32:13 INFO mapreduce.Job: The url to track the job: http://node-10:8088/proxy/application_1438789174539_0050/
15/08/05 22:32:13 INFO mapreduce.Job: Running job: job_1438789174539_0050
15/08/05 22:32:35 INFO mapreduce.Job: Job job_1438789174539_0050 running in uber mode : false
15/08/05 22:32:35 INFO mapreduce.Job:  map 0% reduce 0%
15/08/05 22:32:59 INFO mapreduce.Job:  map 1% reduce 0%
15/08/05 22:33:08 INFO mapreduce.Job:  map 3% reduce 0%
15/08/05 22:33:09 INFO mapreduce.Job:  map 5% reduce 0%
15/08/05 22:33:10 INFO mapreduce.Job:  map 9% reduce 0%
15/08/05 22:33:11 INFO mapreduce.Job:  map 10% reduce 0%
15/08/05 22:33:12 INFO mapreduce.Job:  map 14% reduce 0%
15/08/05 22:33:13 INFO mapreduce.Job:  map 17% reduce 0%
15/08/05 22:33:14 INFO mapreduce.Job:  map 22% reduce 0%
15/08/05 22:33:15 INFO mapreduce.Job:  map 30% reduce 0%
15/08/05 22:33:17 INFO mapreduce.Job:  map 34% reduce 0%
15/08/05 22:33:18 INFO mapreduce.Job:  map 35% reduce 0%
15/08/05 22:33:19 INFO mapreduce.Job:  map 37% reduce 0%
15/08/05 22:33:20 INFO mapreduce.Job:  map 38% reduce 0%
15/08/05 22:33:21 INFO mapreduce.Job:  map 39% reduce 0%
15/08/05 22:33:23 INFO mapreduce.Job:  map 40% reduce 0%
15/08/05 22:33:26 INFO mapreduce.Job:  map 41% reduce 0%
15/08/05 22:33:28 INFO mapreduce.Job:  map 42% reduce 0%
15/08/05 22:33:30 INFO mapreduce.Job:  map 43% reduce 0%
15/08/05 22:33:33 INFO mapreduce.Job:  map 44% reduce 0%
15/08/05 22:33:34 INFO mapreduce.Job:  map 44% reduce 13%
15/08/05 22:33:37 INFO mapreduce.Job:  map 46% reduce 15%
15/08/05 22:33:39 INFO mapreduce.Job:  map 49% reduce 15%
15/08/05 22:33:40 INFO mapreduce.Job:  map 52% reduce 16%
15/08/05 22:33:41 INFO mapreduce.Job:  map 54% reduce 16%
15/08/05 22:33:42 INFO mapreduce.Job:  map 55% reduce 16%
15/08/05 22:33:43 INFO mapreduce.Job:  map 56% reduce 17%
15/08/05 22:33:45 INFO mapreduce.Job:  map 60% reduce 17%
15/08/05 22:33:46 INFO mapreduce.Job:  map 64% reduce 19%
15/08/05 22:33:47 INFO mapreduce.Job:  map 67% reduce 19%
15/08/05 22:33:48 INFO mapreduce.Job:  map 70% reduce 19%
15/08/05 22:33:49 INFO mapreduce.Job:  map 72% reduce 23%
15/08/05 22:33:50 INFO mapreduce.Job:  map 74% reduce 23%
15/08/05 22:33:51 INFO mapreduce.Job:  map 75% reduce 23%
15/08/05 22:33:52 INFO mapreduce.Job:  map 76% reduce 25%
15/08/05 22:33:53 INFO mapreduce.Job:  map 77% reduce 25%
15/08/05 22:33:54 INFO mapreduce.Job:  map 78% reduce 25%
15/08/05 22:33:55 INFO mapreduce.Job:  map 80% reduce 25%
15/08/05 22:33:57 INFO mapreduce.Job:  map 81% reduce 25%
15/08/05 22:33:59 INFO mapreduce.Job:  map 82% reduce 27%
15/08/05 22:34:00 INFO mapreduce.Job:  map 85% reduce 27%
15/08/05 22:34:01 INFO mapreduce.Job:  map 86% reduce 27%
15/08/05 22:34:02 INFO mapreduce.Job:  map 88% reduce 28%
15/08/05 22:34:04 INFO mapreduce.Job:  map 89% reduce 28%
15/08/05 22:34:05 INFO mapreduce.Job:  map 89% reduce 29%
15/08/05 22:34:06 INFO mapreduce.Job:  map 90% reduce 29%
15/08/05 22:34:07 INFO mapreduce.Job:  map 92% reduce 29%
15/08/05 22:34:08 INFO mapreduce.Job:  map 95% reduce 30%
15/08/05 22:34:09 INFO mapreduce.Job:  map 98% reduce 30%
15/08/05 22:34:10 INFO mapreduce.Job:  map 99% reduce 30%
15/08/05 22:34:11 INFO mapreduce.Job:  map 99% reduce 33%
15/08/05 22:34:12 INFO mapreduce.Job:  map 100% reduce 33%
15/08/05 22:34:17 INFO mapreduce.Job:  map 100% reduce 36%
15/08/05 22:34:20 INFO mapreduce.Job:  map 100% reduce 39%
15/08/05 22:34:24 INFO mapreduce.Job:  map 100% reduce 44%
15/08/05 22:34:27 INFO mapreduce.Job:  map 100% reduce 48%
15/08/05 22:34:31 INFO mapreduce.Job:  map 100% reduce 53%
15/08/05 22:34:34 INFO mapreduce.Job:  map 100% reduce 58%
15/08/05 22:34:37 INFO mapreduce.Job:  map 100% reduce 62%
15/08/05 22:34:40 INFO mapreduce.Job:  map 100% reduce 67%
15/08/05 22:34:43 INFO mapreduce.Job:  map 100% reduce 69%
15/08/05 22:34:46 INFO mapreduce.Job:  map 100% reduce 71%
15/08/05 22:34:49 INFO mapreduce.Job:  map 100% reduce 74%
15/08/05 22:34:52 INFO mapreduce.Job:  map 100% reduce 77%
15/08/05 22:34:55 INFO mapreduce.Job:  map 100% reduce 80%
15/08/05 22:34:58 INFO mapreduce.Job:  map 100% reduce 83%
15/08/05 22:35:01 INFO mapreduce.Job:  map 100% reduce 86%
15/08/05 22:35:04 INFO mapreduce.Job:  map 100% reduce 89%
15/08/05 22:35:07 INFO mapreduce.Job:  map 100% reduce 92%
15/08/05 22:35:10 INFO mapreduce.Job:  map 100% reduce 95%
15/08/05 22:35:13 INFO mapreduce.Job:  map 100% reduce 98%
15/08/05 22:35:16 INFO mapreduce.Job:  map 100% reduce 100%
15/08/05 22:35:16 INFO mapreduce.Job: Job job_1438789174539_0050 completed successfully
15/08/05 22:35:16 INFO mapreduce.Job: Counters: 51
	File System Counters
		FILE: Number of bytes read=642304136
		FILE: Number of bytes written=1306058009
		FILE: Number of read operations=0
		FILE: Number of large read operations=0
		FILE: Number of write operations=0
		HDFS: Number of bytes read=598429528
		HDFS: Number of bytes written=4860
		HDFS: Number of read operations=603
		HDFS: Number of large read operations=0
		HDFS: Number of write operations=2
	Job Counters 
		Killed map tasks=2
		Launched map tasks=202
		Launched reduce tasks=1
		Data-local map tasks=195
		Rack-local map tasks=7
		Total time spent by all maps in occupied slots (ms)=5877380
		Total time spent by all reduces in occupied slots (ms)=244126
		Total time spent by all map tasks (ms)=5877380
		Total time spent by all reduce tasks (ms)=122063
		Total vcore-seconds taken by all map tasks=5877380
		Total vcore-seconds taken by all reduce tasks=122063
		Total megabyte-seconds taken by all map tasks=9027655680
		Total megabyte-seconds taken by all reduce tasks=374977536
	Map-Reduce Framework
		Map input records=21948801
		Map output records=21948801
		Map output bytes=598406528
		Map output materialized bytes=642305330
		Input split bytes=23000
		Combine input records=0
		Combine output records=0
		Reduce input groups=150
		Reduce shuffle bytes=642305330
		Reduce input records=21948801
		Reduce output records=150
		Spilled Records=43897602
		Shuffled Maps =200
		Failed Shuffles=0
		Merged Map outputs=200
		GC time elapsed (ms)=113775
		CPU time spent (ms)=812410
		Physical memory (bytes) snapshot=55549534208
		Virtual memory (bytes) snapshot=367088701440
		Total committed heap usage (bytes)=60853977088
	Shuffle Errors
		BAD_ID=0
		CONNECTION=0
		IO_ERROR=0
		WRONG_LENGTH=0
		WRONG_MAP=0
		WRONG_REDUCE=0
	File Input Format Counters 
		Bytes Read=598406528
	File Output Format Counters 
		Bytes Written=4860
15/08/05 22:35:16 INFO client.RMProxy: Connecting to ResourceManager at node-10/10.22.0.10:8032
15/08/05 22:35:16 WARN mapreduce.JobSubmitter: Hadoop command-line option parsing not performed. Implement the Tool interface and execute your application with ToolRunner to remedy this.
15/08/05 22:35:16 INFO input.FileInputFormat: Total input paths to process : 1
15/08/05 22:35:16 INFO mapreduce.JobSubmitter: number of splits:1
15/08/05 22:35:16 INFO mapreduce.JobSubmitter: Submitting tokens for job: job_1438789174539_0051
15/08/05 22:35:16 INFO impl.YarnClientImpl: Submitted application application_1438789174539_0051
15/08/05 22:35:16 INFO mapreduce.Job: The url to track the job: http://node-10:8088/proxy/application_1438789174539_0051/
15/08/05 22:35:16 INFO mapreduce.Job: Running job: job_1438789174539_0051
15/08/05 22:35:36 INFO mapreduce.Job: Job job_1438789174539_0051 running in uber mode : false
15/08/05 22:35:36 INFO mapreduce.Job:  map 0% reduce 0%
15/08/05 22:35:51 INFO mapreduce.Job:  map 100% reduce 0%
15/08/05 22:36:09 INFO mapreduce.Job:  map 100% reduce 100%
15/08/05 22:36:09 INFO mapreduce.Job: Job job_1438789174539_0051 completed successfully
15/08/05 22:36:09 INFO mapreduce.Job: Counters: 49
	File System Counters
		FILE: Number of bytes read=5316
		FILE: Number of bytes written=225381
		FILE: Number of read operations=0
		FILE: Number of large read operations=0
		FILE: Number of write operations=0
		HDFS: Number of bytes read=4975
		HDFS: Number of bytes written=4860
		HDFS: Number of read operations=6
		HDFS: Number of large read operations=0
		HDFS: Number of write operations=2
	Job Counters 
		Launched map tasks=1
		Launched reduce tasks=1
		Rack-local map tasks=1
		Total time spent by all maps in occupied slots (ms)=11797
		Total time spent by all reduces in occupied slots (ms)=30188
		Total time spent by all map tasks (ms)=11797
		Total time spent by all reduce tasks (ms)=15094
		Total vcore-seconds taken by all map tasks=11797
		Total vcore-seconds taken by all reduce tasks=15094
		Total megabyte-seconds taken by all map tasks=18120192
		Total megabyte-seconds taken by all reduce tasks=46368768
	Map-Reduce Framework
		Map input records=150
		Map output records=150
		Map output bytes=5010
		Map output materialized bytes=5316
		Input split bytes=115
		Combine input records=0
		Combine output records=0
		Reduce input groups=1
		Reduce shuffle bytes=5316
		Reduce input records=150
		Reduce output records=150
		Spilled Records=300
		Shuffled Maps =1
		Failed Shuffles=0
		Merged Map outputs=1
		GC time elapsed (ms)=108
		CPU time spent (ms)=2560
		Physical memory (bytes) snapshot=404054016
		Virtual memory (bytes) snapshot=4919431168
		Total committed heap usage (bytes)=405209088
	Shuffle Errors
		BAD_ID=0
		CONNECTION=0
		IO_ERROR=0
		WRONG_LENGTH=0
		WRONG_MAP=0
		WRONG_REDUCE=0
	File Input Format Counters 
		Bytes Read=4860
	File Output Format Counters 
		Bytes Written=4860
Tempo(ms) job1 - junção: 1021939
Tempo(ms) job2 - group by: 183883
Tempo(ms) job3 - order by: 53342
Tempo total(ms): 1259164
Running query: Q3.1  50 1 0 4
15/08/05 22:37:19 WARN util.NativeCodeLoader: Unable to load native-hadoop library for your platform... using builtin-java classes where applicable
15/08/05 22:37:24 INFO client.RMProxy: Connecting to ResourceManager at node-10/10.22.0.10:8032
15/08/05 22:37:25 WARN mapreduce.JobSubmitter: Hadoop command-line option parsing not performed. Implement the Tool interface and execute your application with ToolRunner to remedy this.
15/08/05 22:37:26 INFO input.FileInputFormat: Total input paths to process : 1
15/08/05 22:37:26 INFO input.FileInputFormat: Total input paths to process : 1
15/08/05 22:37:26 INFO input.FileInputFormat: Total input paths to process : 1
15/08/05 22:37:26 INFO input.FileInputFormat: Total input paths to process : 1
15/08/05 22:37:27 INFO mapreduce.JobSubmitter: number of splits:477
15/08/05 22:37:28 INFO mapreduce.JobSubmitter: Submitting tokens for job: job_1438789174539_0052
15/08/05 22:37:28 INFO impl.YarnClientImpl: Submitted application application_1438789174539_0052
15/08/05 22:37:29 INFO mapreduce.Job: The url to track the job: http://node-10:8088/proxy/application_1438789174539_0052/
15/08/05 22:37:29 INFO mapreduce.Job: Running job: job_1438789174539_0052
15/08/05 22:37:57 INFO mapreduce.Job: Job job_1438789174539_0052 running in uber mode : false
15/08/05 22:37:57 INFO mapreduce.Job:  map 0% reduce 0%
15/08/05 22:38:43 INFO mapreduce.Job:  map 1% reduce 0%
15/08/05 22:38:48 INFO mapreduce.Job:  map 2% reduce 0%
15/08/05 22:38:52 INFO mapreduce.Job:  map 3% reduce 0%
15/08/05 22:38:56 INFO mapreduce.Job:  map 4% reduce 0%
15/08/05 22:38:59 INFO mapreduce.Job:  map 5% reduce 0%
15/08/05 22:39:03 INFO mapreduce.Job:  map 6% reduce 0%
15/08/05 22:39:07 INFO mapreduce.Job:  map 7% reduce 0%
15/08/05 22:39:10 INFO mapreduce.Job:  map 8% reduce 0%
15/08/05 22:39:13 INFO mapreduce.Job:  map 9% reduce 0%
15/08/05 22:39:17 INFO mapreduce.Job:  map 10% reduce 0%
15/08/05 22:39:23 INFO mapreduce.Job:  map 11% reduce 0%
15/08/05 22:39:26 INFO mapreduce.Job:  map 12% reduce 0%
15/08/05 22:39:30 INFO mapreduce.Job:  map 13% reduce 0%
15/08/05 22:39:35 INFO mapreduce.Job:  map 14% reduce 0%
15/08/05 22:39:40 INFO mapreduce.Job:  map 15% reduce 0%
15/08/05 22:39:42 INFO mapreduce.Job:  map 16% reduce 0%
15/08/05 22:39:50 INFO mapreduce.Job:  map 17% reduce 0%
15/08/05 22:39:59 INFO mapreduce.Job:  map 18% reduce 0%
15/08/05 22:40:05 INFO mapreduce.Job:  map 19% reduce 0%
15/08/05 22:40:12 INFO mapreduce.Job:  map 20% reduce 0%
15/08/05 22:40:17 INFO mapreduce.Job:  map 21% reduce 0%
15/08/05 22:40:21 INFO mapreduce.Job:  map 22% reduce 0%
15/08/05 22:40:26 INFO mapreduce.Job:  map 23% reduce 0%
15/08/05 22:40:31 INFO mapreduce.Job:  map 24% reduce 0%
15/08/05 22:40:36 INFO mapreduce.Job:  map 25% reduce 0%
15/08/05 22:40:41 INFO mapreduce.Job:  map 26% reduce 0%
15/08/05 22:40:45 INFO mapreduce.Job:  map 27% reduce 0%
15/08/05 22:40:50 INFO mapreduce.Job:  map 28% reduce 0%
15/08/05 22:40:54 INFO mapreduce.Job:  map 29% reduce 0%
15/08/05 22:41:00 INFO mapreduce.Job:  map 30% reduce 0%
15/08/05 22:41:08 INFO mapreduce.Job:  map 31% reduce 0%
15/08/05 22:41:14 INFO mapreduce.Job:  map 32% reduce 0%
15/08/05 22:41:20 INFO mapreduce.Job:  map 32% reduce 1%
15/08/05 22:41:22 INFO mapreduce.Job:  map 33% reduce 1%
15/08/05 22:41:28 INFO mapreduce.Job:  map 34% reduce 1%
15/08/05 22:41:35 INFO mapreduce.Job:  map 35% reduce 1%
15/08/05 22:41:41 INFO mapreduce.Job:  map 36% reduce 1%
15/08/05 22:41:48 INFO mapreduce.Job:  map 37% reduce 1%
15/08/05 22:41:54 INFO mapreduce.Job:  map 38% reduce 1%
15/08/05 22:42:01 INFO mapreduce.Job:  map 39% reduce 1%
15/08/05 22:42:08 INFO mapreduce.Job:  map 40% reduce 1%
15/08/05 22:42:14 INFO mapreduce.Job:  map 41% reduce 1%
15/08/05 22:42:19 INFO mapreduce.Job:  map 42% reduce 1%
15/08/05 22:42:26 INFO mapreduce.Job:  map 43% reduce 1%
15/08/05 22:42:33 INFO mapreduce.Job:  map 44% reduce 1%
15/08/05 22:42:40 INFO mapreduce.Job:  map 45% reduce 1%
15/08/05 22:42:51 INFO mapreduce.Job:  map 46% reduce 1%
15/08/05 22:42:59 INFO mapreduce.Job:  map 47% reduce 1%
15/08/05 22:43:06 INFO mapreduce.Job:  map 48% reduce 1%
15/08/05 22:43:13 INFO mapreduce.Job:  map 49% reduce 1%
15/08/05 22:43:20 INFO mapreduce.Job:  map 50% reduce 1%
15/08/05 22:43:26 INFO mapreduce.Job:  map 51% reduce 1%
15/08/05 22:43:34 INFO mapreduce.Job:  map 52% reduce 1%
15/08/05 22:43:42 INFO mapreduce.Job:  map 53% reduce 1%
15/08/05 22:43:47 INFO mapreduce.Job:  map 54% reduce 1%
15/08/05 22:43:49 INFO mapreduce.Job:  map 54% reduce 2%
15/08/05 22:43:53 INFO mapreduce.Job:  map 55% reduce 2%
15/08/05 22:44:01 INFO mapreduce.Job:  map 56% reduce 2%
15/08/05 22:44:11 INFO mapreduce.Job:  map 57% reduce 2%
15/08/05 22:44:23 INFO mapreduce.Job:  map 58% reduce 2%
15/08/05 22:44:29 INFO mapreduce.Job:  map 59% reduce 2%
15/08/05 22:44:37 INFO mapreduce.Job:  map 60% reduce 2%
15/08/05 22:44:44 INFO mapreduce.Job:  map 61% reduce 2%
15/08/05 22:44:52 INFO mapreduce.Job:  map 62% reduce 2%
15/08/05 22:44:59 INFO mapreduce.Job:  map 63% reduce 2%
15/08/05 22:45:07 INFO mapreduce.Job:  map 64% reduce 2%
15/08/05 22:45:16 INFO mapreduce.Job:  map 65% reduce 2%
15/08/05 22:45:24 INFO mapreduce.Job:  map 66% reduce 2%
15/08/05 22:45:37 INFO mapreduce.Job:  map 67% reduce 2%
15/08/05 22:45:47 INFO mapreduce.Job:  map 68% reduce 2%
15/08/05 22:45:57 INFO mapreduce.Job:  map 69% reduce 2%
15/08/05 22:46:06 INFO mapreduce.Job:  map 70% reduce 2%
15/08/05 22:46:15 INFO mapreduce.Job:  map 71% reduce 2%
15/08/05 22:46:23 INFO mapreduce.Job:  map 72% reduce 2%
15/08/05 22:46:32 INFO mapreduce.Job:  map 73% reduce 2%
15/08/05 22:46:42 INFO mapreduce.Job:  map 74% reduce 2%
15/08/05 22:46:53 INFO mapreduce.Job:  map 75% reduce 2%
15/08/05 22:47:03 INFO mapreduce.Job:  map 76% reduce 2%
15/08/05 22:47:17 INFO mapreduce.Job:  map 77% reduce 2%
15/08/05 22:47:24 INFO mapreduce.Job:  map 78% reduce 2%
15/08/05 22:47:33 INFO mapreduce.Job:  map 79% reduce 2%
15/08/05 22:47:41 INFO mapreduce.Job:  map 80% reduce 2%
15/08/05 22:47:48 INFO mapreduce.Job:  map 80% reduce 3%
15/08/05 22:47:49 INFO mapreduce.Job:  map 81% reduce 3%
15/08/05 22:48:01 INFO mapreduce.Job:  map 82% reduce 3%
15/08/05 22:48:11 INFO mapreduce.Job:  map 83% reduce 3%
15/08/05 22:48:23 INFO mapreduce.Job:  map 84% reduce 3%
15/08/05 22:48:31 INFO mapreduce.Job:  map 85% reduce 3%
15/08/05 22:48:41 INFO mapreduce.Job:  map 86% reduce 3%
15/08/05 22:48:51 INFO mapreduce.Job:  map 87% reduce 3%
15/08/05 22:49:00 INFO mapreduce.Job:  map 88% reduce 3%
15/08/05 22:49:11 INFO mapreduce.Job:  map 89% reduce 3%
15/08/05 22:49:24 INFO mapreduce.Job:  map 90% reduce 3%
15/08/05 22:49:37 INFO mapreduce.Job:  map 91% reduce 3%
15/08/05 22:49:48 INFO mapreduce.Job:  map 92% reduce 3%
15/08/05 22:49:58 INFO mapreduce.Job:  map 93% reduce 3%
15/08/05 22:50:10 INFO mapreduce.Job:  map 94% reduce 3%
15/08/05 22:50:22 INFO mapreduce.Job:  map 95% reduce 3%
15/08/05 22:50:33 INFO mapreduce.Job:  map 96% reduce 3%
15/08/05 22:50:41 INFO mapreduce.Job:  map 97% reduce 3%
15/08/05 22:50:48 INFO mapreduce.Job:  map 98% reduce 3%
15/08/05 22:50:52 INFO mapreduce.Job:  map 98% reduce 4%
15/08/05 22:50:55 INFO mapreduce.Job:  map 99% reduce 4%
15/08/05 22:51:09 INFO mapreduce.Job:  map 99% reduce 5%
15/08/05 22:51:14 INFO mapreduce.Job:  map 100% reduce 5%
15/08/05 22:51:25 INFO mapreduce.Job:  map 100% reduce 6%
15/08/05 22:51:32 INFO mapreduce.Job:  map 100% reduce 7%
15/08/05 22:51:33 INFO mapreduce.Job:  map 100% reduce 8%
15/08/05 22:51:34 INFO mapreduce.Job:  map 100% reduce 9%
15/08/05 22:51:35 INFO mapreduce.Job:  map 100% reduce 10%
15/08/05 22:51:36 INFO mapreduce.Job:  map 100% reduce 11%
15/08/05 22:51:39 INFO mapreduce.Job:  map 100% reduce 12%
15/08/05 22:51:43 INFO mapreduce.Job:  map 100% reduce 13%
15/08/05 22:51:46 INFO mapreduce.Job:  map 100% reduce 14%
15/08/05 22:51:48 INFO mapreduce.Job:  map 100% reduce 15%
15/08/05 22:51:51 INFO mapreduce.Job:  map 100% reduce 16%
15/08/05 22:51:54 INFO mapreduce.Job:  map 100% reduce 17%
15/08/05 22:51:57 INFO mapreduce.Job:  map 100% reduce 18%
15/08/05 22:52:02 INFO mapreduce.Job:  map 100% reduce 19%
15/08/05 22:52:09 INFO mapreduce.Job:  map 100% reduce 20%
15/08/05 22:52:12 INFO mapreduce.Job:  map 100% reduce 21%
15/08/05 22:52:15 INFO mapreduce.Job:  map 100% reduce 22%
15/08/05 22:52:17 INFO mapreduce.Job:  map 100% reduce 23%
15/08/05 22:52:19 INFO mapreduce.Job:  map 100% reduce 24%
15/08/05 22:52:20 INFO mapreduce.Job:  map 100% reduce 25%
15/08/05 22:52:22 INFO mapreduce.Job:  map 100% reduce 26%
15/08/05 22:52:24 INFO mapreduce.Job:  map 100% reduce 27%
15/08/05 22:52:25 INFO mapreduce.Job:  map 100% reduce 28%
15/08/05 22:52:26 INFO mapreduce.Job:  map 100% reduce 29%
15/08/05 22:52:28 INFO mapreduce.Job:  map 100% reduce 30%
15/08/05 22:52:30 INFO mapreduce.Job:  map 100% reduce 31%
15/08/05 22:52:32 INFO mapreduce.Job:  map 100% reduce 32%
15/08/05 22:52:35 INFO mapreduce.Job:  map 100% reduce 33%
15/08/05 22:52:37 INFO mapreduce.Job:  map 100% reduce 34%
15/08/05 22:52:40 INFO mapreduce.Job:  map 100% reduce 35%
15/08/05 22:52:42 INFO mapreduce.Job:  map 100% reduce 36%
15/08/05 22:52:46 INFO mapreduce.Job:  map 100% reduce 37%
15/08/05 22:52:49 INFO mapreduce.Job:  map 100% reduce 38%
15/08/05 22:52:55 INFO mapreduce.Job:  map 100% reduce 39%
15/08/05 22:52:58 INFO mapreduce.Job:  map 100% reduce 40%
15/08/05 22:53:00 INFO mapreduce.Job:  map 100% reduce 41%
15/08/05 22:53:04 INFO mapreduce.Job:  map 100% reduce 42%
15/08/05 22:53:05 INFO mapreduce.Job:  map 100% reduce 43%
15/08/05 22:53:07 INFO mapreduce.Job:  map 100% reduce 44%
15/08/05 22:53:09 INFO mapreduce.Job:  map 100% reduce 45%
15/08/05 22:53:11 INFO mapreduce.Job:  map 100% reduce 46%
15/08/05 22:53:13 INFO mapreduce.Job:  map 100% reduce 47%
15/08/05 22:53:15 INFO mapreduce.Job:  map 100% reduce 48%
15/08/05 22:53:18 INFO mapreduce.Job:  map 100% reduce 49%
15/08/05 22:53:19 INFO mapreduce.Job:  map 100% reduce 50%
15/08/05 22:53:21 INFO mapreduce.Job:  map 100% reduce 51%
15/08/05 22:53:23 INFO mapreduce.Job:  map 100% reduce 52%
15/08/05 22:53:26 INFO mapreduce.Job:  map 100% reduce 53%
15/08/05 22:53:29 INFO mapreduce.Job:  map 100% reduce 54%
15/08/05 22:53:32 INFO mapreduce.Job:  map 100% reduce 55%
15/08/05 22:53:35 INFO mapreduce.Job:  map 100% reduce 56%
15/08/05 22:53:37 INFO mapreduce.Job:  map 100% reduce 57%
15/08/05 22:53:41 INFO mapreduce.Job:  map 100% reduce 58%
15/08/05 22:53:45 INFO mapreduce.Job:  map 100% reduce 59%
15/08/05 22:53:48 INFO mapreduce.Job:  map 100% reduce 60%
15/08/05 22:53:51 INFO mapreduce.Job:  map 100% reduce 61%
15/08/05 22:53:53 INFO mapreduce.Job:  map 100% reduce 62%
15/08/05 22:53:55 INFO mapreduce.Job:  map 100% reduce 63%
15/08/05 22:53:57 INFO mapreduce.Job:  map 100% reduce 64%
15/08/05 22:54:00 INFO mapreduce.Job:  map 100% reduce 65%
15/08/05 22:54:02 INFO mapreduce.Job:  map 100% reduce 66%
15/08/05 22:54:03 INFO mapreduce.Job:  map 100% reduce 67%
15/08/05 22:54:05 INFO mapreduce.Job:  map 100% reduce 68%
15/08/05 22:54:06 INFO mapreduce.Job:  map 100% reduce 69%
15/08/05 22:54:08 INFO mapreduce.Job:  map 100% reduce 70%
15/08/05 22:54:11 INFO mapreduce.Job:  map 100% reduce 71%
15/08/05 22:54:13 INFO mapreduce.Job:  map 100% reduce 72%
15/08/05 22:54:16 INFO mapreduce.Job:  map 100% reduce 73%
15/08/05 22:54:18 INFO mapreduce.Job:  map 100% reduce 74%
15/08/05 22:54:21 INFO mapreduce.Job:  map 100% reduce 75%
15/08/05 22:54:25 INFO mapreduce.Job:  map 100% reduce 76%
15/08/05 22:54:28 INFO mapreduce.Job:  map 100% reduce 77%
15/08/05 22:54:34 INFO mapreduce.Job:  map 100% reduce 78%
15/08/05 22:54:36 INFO mapreduce.Job:  map 100% reduce 79%
15/08/05 22:54:38 INFO mapreduce.Job:  map 100% reduce 80%
15/08/05 22:54:40 INFO mapreduce.Job:  map 100% reduce 81%
15/08/05 22:54:43 INFO mapreduce.Job:  map 100% reduce 82%
15/08/05 22:54:45 INFO mapreduce.Job:  map 100% reduce 83%
15/08/05 22:54:46 INFO mapreduce.Job:  map 100% reduce 84%
15/08/05 22:54:49 INFO mapreduce.Job:  map 100% reduce 85%
15/08/05 22:54:51 INFO mapreduce.Job:  map 100% reduce 86%
15/08/05 22:54:52 INFO mapreduce.Job:  map 100% reduce 87%
15/08/05 22:54:54 INFO mapreduce.Job:  map 100% reduce 88%
15/08/05 22:54:56 INFO mapreduce.Job:  map 100% reduce 89%
15/08/05 22:54:58 INFO mapreduce.Job:  map 100% reduce 90%
15/08/05 22:55:02 INFO mapreduce.Job:  map 100% reduce 91%
15/08/05 22:55:03 INFO mapreduce.Job:  map 100% reduce 92%
15/08/05 22:55:06 INFO mapreduce.Job:  map 100% reduce 93%
15/08/05 22:55:08 INFO mapreduce.Job:  map 100% reduce 94%
15/08/05 22:55:11 INFO mapreduce.Job:  map 100% reduce 95%
15/08/05 22:55:15 INFO mapreduce.Job:  map 100% reduce 96%
15/08/05 22:55:20 INFO mapreduce.Job:  map 100% reduce 97%
15/08/05 22:55:21 INFO mapreduce.Job:  map 100% reduce 98%
15/08/05 22:55:26 INFO mapreduce.Job:  map 100% reduce 99%
15/08/05 22:55:36 INFO mapreduce.Job:  map 100% reduce 100%
15/08/05 22:55:50 INFO mapreduce.Job: Job job_1438789174539_0052 completed successfully
15/08/05 22:55:51 INFO mapreduce.Job: Counters: 52
	File System Counters
		FILE: Number of bytes read=21073125462
		FILE: Number of bytes written=42221905822
		FILE: Number of read operations=0
		FILE: Number of large read operations=0
		FILE: Number of write operations=0
		HDFS: Number of bytes read=63658132005
		HDFS: Number of bytes written=598406528
		HDFS: Number of read operations=2031
		HDFS: Number of large read operations=0
		HDFS: Number of write operations=400
	Job Counters 
		Killed map tasks=1
		Killed reduce tasks=1
		Launched map tasks=478
		Launched reduce tasks=201
		Data-local map tasks=374
		Rack-local map tasks=104
		Total time spent by all maps in occupied slots (ms)=32473688
		Total time spent by all reduces in occupied slots (ms)=42362172
		Total time spent by all map tasks (ms)=32473688
		Total time spent by all reduce tasks (ms)=21181086
		Total vcore-seconds taken by all map tasks=32473688
		Total vcore-seconds taken by all reduce tasks=21181086
		Total megabyte-seconds taken by all map tasks=49879584768
		Total megabyte-seconds taken by all reduce tasks=65068296192
	Map-Reduce Framework
		Map input records=603240458
		Map output records=604882316
		Map output bytes=19863359630
		Map output materialized bytes=21073696662
		Input split bytes=121625
		Combine input records=0
		Combine output records=0
		Reduce input groups=604876254
		Reduce shuffle bytes=21073696662
		Reduce input records=604882316
		Reduce output records=21948801
		Spilled Records=1209764632
		Shuffled Maps =95400
		Failed Shuffles=0
		Merged Map outputs=95400
		GC time elapsed (ms)=1504122
		CPU time spent (ms)=21345570
		Physical memory (bytes) snapshot=478312263680
		Virtual memory (bytes) snapshot=1497841598464
		Total committed heap usage (bytes)=438273966080
	Shuffle Errors
		BAD_ID=0
		CONNECTION=0
		IO_ERROR=0
		WRONG_LENGTH=0
		WRONG_MAP=0
		WRONG_REDUCE=0
	File Input Format Counters 
		Bytes Read=0
	File Output Format Counters 
		Bytes Written=598406528
15/08/05 22:55:51 INFO client.RMProxy: Connecting to ResourceManager at node-10/10.22.0.10:8032
15/08/05 22:55:51 WARN mapreduce.JobSubmitter: Hadoop command-line option parsing not performed. Implement the Tool interface and execute your application with ToolRunner to remedy this.
15/08/05 22:55:51 INFO input.FileInputFormat: Total input paths to process : 200
15/08/05 22:55:51 INFO mapreduce.JobSubmitter: number of splits:200
15/08/05 22:55:51 INFO mapreduce.JobSubmitter: Submitting tokens for job: job_1438789174539_0053
15/08/05 22:55:51 INFO impl.YarnClientImpl: Submitted application application_1438789174539_0053
15/08/05 22:55:52 INFO mapreduce.Job: The url to track the job: http://node-10:8088/proxy/application_1438789174539_0053/
15/08/05 22:55:52 INFO mapreduce.Job: Running job: job_1438789174539_0053
15/08/05 22:56:14 INFO mapreduce.Job: Job job_1438789174539_0053 running in uber mode : false
15/08/05 22:56:14 INFO mapreduce.Job:  map 0% reduce 0%
15/08/05 22:56:37 INFO mapreduce.Job:  map 1% reduce 0%
15/08/05 22:56:42 INFO mapreduce.Job:  map 2% reduce 0%
15/08/05 22:56:47 INFO mapreduce.Job:  map 4% reduce 0%
15/08/05 22:56:48 INFO mapreduce.Job:  map 5% reduce 0%
15/08/05 22:56:49 INFO mapreduce.Job:  map 8% reduce 0%
15/08/05 22:56:50 INFO mapreduce.Job:  map 11% reduce 0%
15/08/05 22:56:51 INFO mapreduce.Job:  map 17% reduce 0%
15/08/05 22:56:53 INFO mapreduce.Job:  map 21% reduce 0%
15/08/05 22:56:54 INFO mapreduce.Job:  map 26% reduce 0%
15/08/05 22:56:55 INFO mapreduce.Job:  map 33% reduce 0%
15/08/05 22:56:56 INFO mapreduce.Job:  map 34% reduce 0%
15/08/05 22:56:57 INFO mapreduce.Job:  map 37% reduce 0%
15/08/05 22:56:58 INFO mapreduce.Job:  map 38% reduce 0%
15/08/05 22:56:59 INFO mapreduce.Job:  map 39% reduce 0%
15/08/05 22:57:01 INFO mapreduce.Job:  map 40% reduce 0%
15/08/05 22:57:05 INFO mapreduce.Job:  map 41% reduce 0%
15/08/05 22:57:09 INFO mapreduce.Job:  map 42% reduce 0%
15/08/05 22:57:12 INFO mapreduce.Job:  map 43% reduce 0%
15/08/05 22:57:15 INFO mapreduce.Job:  map 44% reduce 0%
15/08/05 22:57:16 INFO mapreduce.Job:  map 45% reduce 14%
15/08/05 22:57:17 INFO mapreduce.Job:  map 47% reduce 14%
15/08/05 22:57:18 INFO mapreduce.Job:  map 48% reduce 14%
15/08/05 22:57:20 INFO mapreduce.Job:  map 50% reduce 15%
15/08/05 22:57:21 INFO mapreduce.Job:  map 52% reduce 15%
15/08/05 22:57:22 INFO mapreduce.Job:  map 53% reduce 17%
15/08/05 22:57:23 INFO mapreduce.Job:  map 54% reduce 17%
15/08/05 22:57:24 INFO mapreduce.Job:  map 58% reduce 17%
15/08/05 22:57:25 INFO mapreduce.Job:  map 62% reduce 19%
15/08/05 22:57:26 INFO mapreduce.Job:  map 68% reduce 19%
15/08/05 22:57:27 INFO mapreduce.Job:  map 69% reduce 19%
15/08/05 22:57:28 INFO mapreduce.Job:  map 71% reduce 19%
15/08/05 22:57:29 INFO mapreduce.Job:  map 74% reduce 22%
15/08/05 22:57:30 INFO mapreduce.Job:  map 76% reduce 22%
15/08/05 22:57:31 INFO mapreduce.Job:  map 77% reduce 22%
15/08/05 22:57:32 INFO mapreduce.Job:  map 78% reduce 25%
15/08/05 22:57:33 INFO mapreduce.Job:  map 79% reduce 25%
15/08/05 22:57:35 INFO mapreduce.Job:  map 80% reduce 26%
15/08/05 22:57:36 INFO mapreduce.Job:  map 81% reduce 26%
15/08/05 22:57:37 INFO mapreduce.Job:  map 82% reduce 26%
15/08/05 22:57:38 INFO mapreduce.Job:  map 82% reduce 28%
15/08/05 22:57:39 INFO mapreduce.Job:  map 85% reduce 28%
15/08/05 22:57:40 INFO mapreduce.Job:  map 86% reduce 28%
15/08/05 22:57:41 INFO mapreduce.Job:  map 87% reduce 28%
15/08/05 22:57:42 INFO mapreduce.Job:  map 88% reduce 28%
15/08/05 22:57:43 INFO mapreduce.Job:  map 90% reduce 28%
15/08/05 22:57:44 INFO mapreduce.Job:  map 91% reduce 30%
15/08/05 22:57:45 INFO mapreduce.Job:  map 94% reduce 30%
15/08/05 22:57:47 INFO mapreduce.Job:  map 95% reduce 31%
15/08/05 22:57:49 INFO mapreduce.Job:  map 96% reduce 31%
15/08/05 22:57:50 INFO mapreduce.Job:  map 99% reduce 32%
15/08/05 22:57:53 INFO mapreduce.Job:  map 99% reduce 33%
15/08/05 22:57:54 INFO mapreduce.Job:  map 100% reduce 33%
15/08/05 22:57:59 INFO mapreduce.Job:  map 100% reduce 37%
15/08/05 22:58:02 INFO mapreduce.Job:  map 100% reduce 41%
15/08/05 22:58:05 INFO mapreduce.Job:  map 100% reduce 45%
15/08/05 22:58:08 INFO mapreduce.Job:  map 100% reduce 49%
15/08/05 22:58:11 INFO mapreduce.Job:  map 100% reduce 54%
15/08/05 22:58:14 INFO mapreduce.Job:  map 100% reduce 57%
15/08/05 22:58:17 INFO mapreduce.Job:  map 100% reduce 59%
15/08/05 22:58:20 INFO mapreduce.Job:  map 100% reduce 64%
15/08/05 22:58:23 INFO mapreduce.Job:  map 100% reduce 67%
15/08/05 22:58:26 INFO mapreduce.Job:  map 100% reduce 69%
15/08/05 22:58:29 INFO mapreduce.Job:  map 100% reduce 72%
15/08/05 22:58:32 INFO mapreduce.Job:  map 100% reduce 74%
15/08/05 22:58:35 INFO mapreduce.Job:  map 100% reduce 77%
15/08/05 22:58:38 INFO mapreduce.Job:  map 100% reduce 80%
15/08/05 22:58:41 INFO mapreduce.Job:  map 100% reduce 83%
15/08/05 22:58:44 INFO mapreduce.Job:  map 100% reduce 87%
15/08/05 22:58:47 INFO mapreduce.Job:  map 100% reduce 89%
15/08/05 22:58:50 INFO mapreduce.Job:  map 100% reduce 92%
15/08/05 22:58:53 INFO mapreduce.Job:  map 100% reduce 95%
15/08/05 22:58:57 INFO mapreduce.Job:  map 100% reduce 98%
15/08/05 22:59:00 INFO mapreduce.Job:  map 100% reduce 100%
15/08/05 22:59:00 INFO mapreduce.Job: Job job_1438789174539_0053 completed successfully
15/08/05 22:59:00 INFO mapreduce.Job: Counters: 51
	File System Counters
		FILE: Number of bytes read=642304136
		FILE: Number of bytes written=1306058009
		FILE: Number of read operations=0
		FILE: Number of large read operations=0
		FILE: Number of write operations=0
		HDFS: Number of bytes read=598429528
		HDFS: Number of bytes written=4860
		HDFS: Number of read operations=603
		HDFS: Number of large read operations=0
		HDFS: Number of write operations=2
	Job Counters 
		Killed map tasks=1
		Launched map tasks=201
		Launched reduce tasks=1
		Data-local map tasks=195
		Rack-local map tasks=6
		Total time spent by all maps in occupied slots (ms)=5898233
		Total time spent by all reduces in occupied slots (ms)=249396
		Total time spent by all map tasks (ms)=5898233
		Total time spent by all reduce tasks (ms)=124698
		Total vcore-seconds taken by all map tasks=5898233
		Total vcore-seconds taken by all reduce tasks=124698
		Total megabyte-seconds taken by all map tasks=9059685888
		Total megabyte-seconds taken by all reduce tasks=383072256
	Map-Reduce Framework
		Map input records=21948801
		Map output records=21948801
		Map output bytes=598406528
		Map output materialized bytes=642305330
		Input split bytes=23000
		Combine input records=0
		Combine output records=0
		Reduce input groups=150
		Reduce shuffle bytes=642305330
		Reduce input records=21948801
		Reduce output records=150
		Spilled Records=43897602
		Shuffled Maps =200
		Failed Shuffles=0
		Merged Map outputs=200
		GC time elapsed (ms)=107653
		CPU time spent (ms)=818580
		Physical memory (bytes) snapshot=55429795840
		Virtual memory (bytes) snapshot=367279636480
		Total committed heap usage (bytes)=61873192960
	Shuffle Errors
		BAD_ID=0
		CONNECTION=0
		IO_ERROR=0
		WRONG_LENGTH=0
		WRONG_MAP=0
		WRONG_REDUCE=0
	File Input Format Counters 
		Bytes Read=598406528
	File Output Format Counters 
		Bytes Written=4860
15/08/05 22:59:00 INFO client.RMProxy: Connecting to ResourceManager at node-10/10.22.0.10:8032
15/08/05 22:59:00 WARN mapreduce.JobSubmitter: Hadoop command-line option parsing not performed. Implement the Tool interface and execute your application with ToolRunner to remedy this.
15/08/05 22:59:00 INFO input.FileInputFormat: Total input paths to process : 1
15/08/05 22:59:00 INFO mapreduce.JobSubmitter: number of splits:1
15/08/05 22:59:00 INFO mapreduce.JobSubmitter: Submitting tokens for job: job_1438789174539_0054
15/08/05 22:59:00 INFO impl.YarnClientImpl: Submitted application application_1438789174539_0054
15/08/05 22:59:00 INFO mapreduce.Job: The url to track the job: http://node-10:8088/proxy/application_1438789174539_0054/
15/08/05 22:59:00 INFO mapreduce.Job: Running job: job_1438789174539_0054
15/08/05 22:59:20 INFO mapreduce.Job: Job job_1438789174539_0054 running in uber mode : false
15/08/05 22:59:20 INFO mapreduce.Job:  map 0% reduce 0%
15/08/05 22:59:36 INFO mapreduce.Job:  map 100% reduce 0%
15/08/05 22:59:53 INFO mapreduce.Job:  map 100% reduce 100%
15/08/05 22:59:53 INFO mapreduce.Job: Job job_1438789174539_0054 completed successfully
15/08/05 22:59:53 INFO mapreduce.Job: Counters: 49
	File System Counters
		FILE: Number of bytes read=5316
		FILE: Number of bytes written=225381
		FILE: Number of read operations=0
		FILE: Number of large read operations=0
		FILE: Number of write operations=0
		HDFS: Number of bytes read=4975
		HDFS: Number of bytes written=4860
		HDFS: Number of read operations=6
		HDFS: Number of large read operations=0
		HDFS: Number of write operations=2
	Job Counters 
		Launched map tasks=1
		Launched reduce tasks=1
		Rack-local map tasks=1
		Total time spent by all maps in occupied slots (ms)=12722
		Total time spent by all reduces in occupied slots (ms)=28202
		Total time spent by all map tasks (ms)=12722
		Total time spent by all reduce tasks (ms)=14101
		Total vcore-seconds taken by all map tasks=12722
		Total vcore-seconds taken by all reduce tasks=14101
		Total megabyte-seconds taken by all map tasks=19540992
		Total megabyte-seconds taken by all reduce tasks=43318272
	Map-Reduce Framework
		Map input records=150
		Map output records=150
		Map output bytes=5010
		Map output materialized bytes=5316
		Input split bytes=115
		Combine input records=0
		Combine output records=0
		Reduce input groups=1
		Reduce shuffle bytes=5316
		Reduce input records=150
		Reduce output records=150
		Spilled Records=300
		Shuffled Maps =1
		Failed Shuffles=0
		Merged Map outputs=1
		GC time elapsed (ms)=50
		CPU time spent (ms)=2550
		Physical memory (bytes) snapshot=397029376
		Virtual memory (bytes) snapshot=4914458624
		Total committed heap usage (bytes)=405209088
	Shuffle Errors
		BAD_ID=0
		CONNECTION=0
		IO_ERROR=0
		WRONG_LENGTH=0
		WRONG_MAP=0
		WRONG_REDUCE=0
	File Input Format Counters 
		Bytes Read=4860
	File Output Format Counters 
		Bytes Written=4860
Tempo(ms) job1 - junção: 1107666
Tempo(ms) job2 - group by: 188913
Tempo(ms) job3 - order by: 53397
Tempo total(ms): 1349976
Running query: Q3.1  50 1 0 4
15/08/05 23:00:46 WARN util.NativeCodeLoader: Unable to load native-hadoop library for your platform... using builtin-java classes where applicable
15/08/05 23:00:51 INFO client.RMProxy: Connecting to ResourceManager at node-10/10.22.0.10:8032
15/08/05 23:00:52 WARN mapreduce.JobSubmitter: Hadoop command-line option parsing not performed. Implement the Tool interface and execute your application with ToolRunner to remedy this.
15/08/05 23:00:54 INFO input.FileInputFormat: Total input paths to process : 1
15/08/05 23:00:54 INFO input.FileInputFormat: Total input paths to process : 1
15/08/05 23:00:54 INFO input.FileInputFormat: Total input paths to process : 1
15/08/05 23:00:54 INFO input.FileInputFormat: Total input paths to process : 1
15/08/05 23:00:55 INFO mapreduce.JobSubmitter: number of splits:477
15/08/05 23:00:55 INFO mapreduce.JobSubmitter: Submitting tokens for job: job_1438789174539_0055
15/08/05 23:00:56 INFO impl.YarnClientImpl: Submitted application application_1438789174539_0055
15/08/05 23:00:56 INFO mapreduce.Job: The url to track the job: http://node-10:8088/proxy/application_1438789174539_0055/
15/08/05 23:00:56 INFO mapreduce.Job: Running job: job_1438789174539_0055
15/08/05 23:01:26 INFO mapreduce.Job: Job job_1438789174539_0055 running in uber mode : false
15/08/05 23:01:26 INFO mapreduce.Job:  map 0% reduce 0%
15/08/05 23:02:12 INFO mapreduce.Job:  map 1% reduce 0%
15/08/05 23:02:17 INFO mapreduce.Job:  map 2% reduce 0%
15/08/05 23:02:21 INFO mapreduce.Job:  map 3% reduce 0%
15/08/05 23:02:25 INFO mapreduce.Job:  map 4% reduce 0%
15/08/05 23:02:28 INFO mapreduce.Job:  map 5% reduce 0%
15/08/05 23:02:32 INFO mapreduce.Job:  map 6% reduce 0%
15/08/05 23:02:36 INFO mapreduce.Job:  map 7% reduce 0%
15/08/05 23:02:40 INFO mapreduce.Job:  map 8% reduce 0%
15/08/05 23:02:43 INFO mapreduce.Job:  map 9% reduce 0%
15/08/05 23:02:48 INFO mapreduce.Job:  map 10% reduce 0%
15/08/05 23:02:53 INFO mapreduce.Job:  map 11% reduce 0%
15/08/05 23:02:55 INFO mapreduce.Job:  map 12% reduce 0%
15/08/05 23:03:00 INFO mapreduce.Job:  map 13% reduce 0%
15/08/05 23:03:04 INFO mapreduce.Job:  map 14% reduce 0%
15/08/05 23:03:07 INFO mapreduce.Job:  map 15% reduce 0%
15/08/05 23:03:13 INFO mapreduce.Job:  map 16% reduce 0%
15/08/05 23:03:21 INFO mapreduce.Job:  map 17% reduce 0%
15/08/05 23:03:29 INFO mapreduce.Job:  map 18% reduce 0%
15/08/05 23:03:36 INFO mapreduce.Job:  map 19% reduce 0%
15/08/05 23:03:40 INFO mapreduce.Job:  map 20% reduce 0%
15/08/05 23:03:45 INFO mapreduce.Job:  map 21% reduce 0%
15/08/05 23:03:50 INFO mapreduce.Job:  map 22% reduce 0%
15/08/05 23:03:54 INFO mapreduce.Job:  map 23% reduce 0%
15/08/05 23:03:59 INFO mapreduce.Job:  map 24% reduce 0%
15/08/05 23:04:03 INFO mapreduce.Job:  map 25% reduce 0%
15/08/05 23:04:09 INFO mapreduce.Job:  map 26% reduce 0%
15/08/05 23:04:14 INFO mapreduce.Job:  map 27% reduce 0%
15/08/05 23:04:19 INFO mapreduce.Job:  map 28% reduce 0%
15/08/05 23:04:23 INFO mapreduce.Job:  map 29% reduce 0%
15/08/05 23:04:28 INFO mapreduce.Job:  map 30% reduce 0%
15/08/05 23:04:33 INFO mapreduce.Job:  map 31% reduce 0%
15/08/05 23:04:38 INFO mapreduce.Job:  map 32% reduce 0%
15/08/05 23:04:45 INFO mapreduce.Job:  map 33% reduce 0%
15/08/05 23:04:51 INFO mapreduce.Job:  map 34% reduce 0%
15/08/05 23:04:52 INFO mapreduce.Job:  map 34% reduce 1%
15/08/05 23:04:59 INFO mapreduce.Job:  map 35% reduce 1%
15/08/05 23:05:04 INFO mapreduce.Job:  map 36% reduce 1%
15/08/05 23:05:09 INFO mapreduce.Job:  map 37% reduce 1%
15/08/05 23:05:14 INFO mapreduce.Job:  map 38% reduce 1%
15/08/05 23:05:18 INFO mapreduce.Job:  map 39% reduce 1%
15/08/05 23:05:23 INFO mapreduce.Job:  map 40% reduce 1%
15/08/05 23:05:28 INFO mapreduce.Job:  map 41% reduce 1%
15/08/05 23:05:35 INFO mapreduce.Job:  map 42% reduce 1%
15/08/05 23:05:41 INFO mapreduce.Job:  map 43% reduce 1%
15/08/05 23:05:45 INFO mapreduce.Job:  map 44% reduce 1%
15/08/05 23:05:52 INFO mapreduce.Job:  map 45% reduce 1%
15/08/05 23:05:56 INFO mapreduce.Job:  map 46% reduce 1%
15/08/05 23:06:03 INFO mapreduce.Job:  map 47% reduce 1%
15/08/05 23:06:07 INFO mapreduce.Job:  map 48% reduce 1%
15/08/05 23:06:15 INFO mapreduce.Job:  map 49% reduce 1%
15/08/05 23:06:25 INFO mapreduce.Job:  map 50% reduce 1%
15/08/05 23:06:31 INFO mapreduce.Job:  map 51% reduce 1%
15/08/05 23:06:37 INFO mapreduce.Job:  map 52% reduce 1%
15/08/05 23:06:42 INFO mapreduce.Job:  map 53% reduce 1%
15/08/05 23:06:49 INFO mapreduce.Job:  map 54% reduce 1%
15/08/05 23:06:53 INFO mapreduce.Job:  map 54% reduce 2%
15/08/05 23:06:55 INFO mapreduce.Job:  map 55% reduce 2%
15/08/05 23:07:03 INFO mapreduce.Job:  map 56% reduce 2%
15/08/05 23:07:12 INFO mapreduce.Job:  map 57% reduce 2%
15/08/05 23:07:18 INFO mapreduce.Job:  map 58% reduce 2%
15/08/05 23:07:25 INFO mapreduce.Job:  map 59% reduce 2%
15/08/05 23:07:31 INFO mapreduce.Job:  map 60% reduce 2%
15/08/05 23:07:35 INFO mapreduce.Job:  map 61% reduce 2%
15/08/05 23:07:42 INFO mapreduce.Job:  map 62% reduce 2%
15/08/05 23:07:53 INFO mapreduce.Job:  map 63% reduce 2%
15/08/05 23:08:00 INFO mapreduce.Job:  map 64% reduce 2%
15/08/05 23:08:07 INFO mapreduce.Job:  map 65% reduce 2%
15/08/05 23:08:13 INFO mapreduce.Job:  map 66% reduce 2%
15/08/05 23:08:19 INFO mapreduce.Job:  map 67% reduce 2%
15/08/05 23:08:25 INFO mapreduce.Job:  map 68% reduce 2%
15/08/05 23:08:36 INFO mapreduce.Job:  map 69% reduce 2%
15/08/05 23:08:45 INFO mapreduce.Job:  map 70% reduce 2%
15/08/05 23:08:51 INFO mapreduce.Job:  map 71% reduce 2%
15/08/05 23:08:59 INFO mapreduce.Job:  map 72% reduce 2%
15/08/05 23:09:04 INFO mapreduce.Job:  map 73% reduce 2%
15/08/05 23:09:12 INFO mapreduce.Job:  map 74% reduce 2%
15/08/05 23:09:24 INFO mapreduce.Job:  map 75% reduce 2%
15/08/05 23:09:32 INFO mapreduce.Job:  map 76% reduce 2%
15/08/05 23:09:40 INFO mapreduce.Job:  map 77% reduce 2%
15/08/05 23:09:47 INFO mapreduce.Job:  map 78% reduce 2%
15/08/05 23:09:54 INFO mapreduce.Job:  map 79% reduce 2%
15/08/05 23:10:03 INFO mapreduce.Job:  map 80% reduce 2%
15/08/05 23:10:10 INFO mapreduce.Job:  map 80% reduce 3%
15/08/05 23:10:11 INFO mapreduce.Job:  map 81% reduce 3%
15/08/05 23:10:22 INFO mapreduce.Job:  map 82% reduce 3%
15/08/05 23:10:32 INFO mapreduce.Job:  map 83% reduce 3%
15/08/05 23:10:41 INFO mapreduce.Job:  map 84% reduce 3%
15/08/05 23:10:52 INFO mapreduce.Job:  map 85% reduce 3%
15/08/05 23:11:01 INFO mapreduce.Job:  map 86% reduce 3%
15/08/05 23:11:07 INFO mapreduce.Job:  map 87% reduce 3%
15/08/05 23:11:15 INFO mapreduce.Job:  map 88% reduce 3%
15/08/05 23:11:22 INFO mapreduce.Job:  map 89% reduce 3%
15/08/05 23:11:35 INFO mapreduce.Job:  map 90% reduce 3%
15/08/05 23:11:46 INFO mapreduce.Job:  map 91% reduce 3%
15/08/05 23:11:57 INFO mapreduce.Job:  map 92% reduce 3%
15/08/05 23:12:04 INFO mapreduce.Job:  map 93% reduce 3%
15/08/05 23:12:16 INFO mapreduce.Job:  map 94% reduce 3%
15/08/05 23:12:24 INFO mapreduce.Job:  map 95% reduce 3%
15/08/05 23:12:31 INFO mapreduce.Job:  map 96% reduce 3%
15/08/05 23:12:39 INFO mapreduce.Job:  map 97% reduce 3%
15/08/05 23:12:49 INFO mapreduce.Job:  map 98% reduce 3%
15/08/05 23:12:50 INFO mapreduce.Job:  map 98% reduce 4%
15/08/05 23:12:58 INFO mapreduce.Job:  map 99% reduce 4%
15/08/05 23:13:06 INFO mapreduce.Job:  map 99% reduce 5%
15/08/05 23:13:25 INFO mapreduce.Job:  map 100% reduce 5%
15/08/05 23:13:35 INFO mapreduce.Job:  map 100% reduce 6%
15/08/05 23:13:38 INFO mapreduce.Job:  map 100% reduce 8%
15/08/05 23:13:39 INFO mapreduce.Job:  map 100% reduce 9%
15/08/05 23:13:41 INFO mapreduce.Job:  map 100% reduce 10%
15/08/05 23:13:43 INFO mapreduce.Job:  map 100% reduce 11%
15/08/05 23:13:46 INFO mapreduce.Job:  map 100% reduce 12%
15/08/05 23:13:50 INFO mapreduce.Job:  map 100% reduce 13%
15/08/05 23:13:53 INFO mapreduce.Job:  map 100% reduce 14%
15/08/05 23:13:55 INFO mapreduce.Job:  map 100% reduce 15%
15/08/05 23:13:58 INFO mapreduce.Job:  map 100% reduce 16%
15/08/05 23:14:01 INFO mapreduce.Job:  map 100% reduce 17%
15/08/05 23:14:04 INFO mapreduce.Job:  map 100% reduce 18%
15/08/05 23:14:08 INFO mapreduce.Job:  map 100% reduce 19%
15/08/05 23:14:16 INFO mapreduce.Job:  map 100% reduce 20%
15/08/05 23:14:19 INFO mapreduce.Job:  map 100% reduce 21%
15/08/05 23:14:22 INFO mapreduce.Job:  map 100% reduce 22%
15/08/05 23:14:25 INFO mapreduce.Job:  map 100% reduce 24%
15/08/05 23:14:28 INFO mapreduce.Job:  map 100% reduce 25%
15/08/05 23:14:29 INFO mapreduce.Job:  map 100% reduce 26%
15/08/05 23:14:30 INFO mapreduce.Job:  map 100% reduce 27%
15/08/05 23:14:31 INFO mapreduce.Job:  map 100% reduce 28%
15/08/05 23:14:32 INFO mapreduce.Job:  map 100% reduce 29%
15/08/05 23:14:34 INFO mapreduce.Job:  map 100% reduce 30%
15/08/05 23:14:35 INFO mapreduce.Job:  map 100% reduce 31%
15/08/05 23:14:38 INFO mapreduce.Job:  map 100% reduce 32%
15/08/05 23:14:40 INFO mapreduce.Job:  map 100% reduce 33%
15/08/05 23:14:43 INFO mapreduce.Job:  map 100% reduce 34%
15/08/05 23:14:47 INFO mapreduce.Job:  map 100% reduce 35%
15/08/05 23:14:49 INFO mapreduce.Job:  map 100% reduce 36%
15/08/05 23:14:53 INFO mapreduce.Job:  map 100% reduce 37%
15/08/05 23:14:56 INFO mapreduce.Job:  map 100% reduce 38%
15/08/05 23:15:01 INFO mapreduce.Job:  map 100% reduce 39%
15/08/05 23:15:06 INFO mapreduce.Job:  map 100% reduce 40%
15/08/05 23:15:09 INFO mapreduce.Job:  map 100% reduce 41%
15/08/05 23:15:13 INFO mapreduce.Job:  map 100% reduce 42%
15/08/05 23:15:14 INFO mapreduce.Job:  map 100% reduce 43%
15/08/05 23:15:17 INFO mapreduce.Job:  map 100% reduce 45%
15/08/05 23:15:19 INFO mapreduce.Job:  map 100% reduce 46%
15/08/05 23:15:20 INFO mapreduce.Job:  map 100% reduce 47%
15/08/05 23:15:22 INFO mapreduce.Job:  map 100% reduce 48%
15/08/05 23:15:23 INFO mapreduce.Job:  map 100% reduce 49%
15/08/05 23:15:25 INFO mapreduce.Job:  map 100% reduce 50%
15/08/05 23:15:28 INFO mapreduce.Job:  map 100% reduce 51%
15/08/05 23:15:29 INFO mapreduce.Job:  map 100% reduce 52%
15/08/05 23:15:32 INFO mapreduce.Job:  map 100% reduce 53%
15/08/05 23:15:34 INFO mapreduce.Job:  map 100% reduce 54%
15/08/05 23:15:38 INFO mapreduce.Job:  map 100% reduce 55%
15/08/05 23:15:41 INFO mapreduce.Job:  map 100% reduce 56%
15/08/05 23:15:44 INFO mapreduce.Job:  map 100% reduce 57%
15/08/05 23:15:48 INFO mapreduce.Job:  map 100% reduce 58%
15/08/05 23:15:52 INFO mapreduce.Job:  map 100% reduce 59%
15/08/05 23:15:55 INFO mapreduce.Job:  map 100% reduce 60%
15/08/05 23:15:58 INFO mapreduce.Job:  map 100% reduce 61%
15/08/05 23:16:01 INFO mapreduce.Job:  map 100% reduce 62%
15/08/05 23:16:02 INFO mapreduce.Job:  map 100% reduce 63%
15/08/05 23:16:03 INFO mapreduce.Job:  map 100% reduce 64%
15/08/05 23:16:06 INFO mapreduce.Job:  map 100% reduce 65%
15/08/05 23:16:09 INFO mapreduce.Job:  map 100% reduce 66%
15/08/05 23:16:10 INFO mapreduce.Job:  map 100% reduce 67%
15/08/05 23:16:12 INFO mapreduce.Job:  map 100% reduce 68%
15/08/05 23:16:14 INFO mapreduce.Job:  map 100% reduce 69%
15/08/05 23:16:15 INFO mapreduce.Job:  map 100% reduce 70%
15/08/05 23:16:17 INFO mapreduce.Job:  map 100% reduce 71%
15/08/05 23:16:18 INFO mapreduce.Job:  map 100% reduce 72%
15/08/05 23:16:21 INFO mapreduce.Job:  map 100% reduce 73%
15/08/05 23:16:23 INFO mapreduce.Job:  map 100% reduce 74%
15/08/05 23:16:27 INFO mapreduce.Job:  map 100% reduce 75%
15/08/05 23:16:31 INFO mapreduce.Job:  map 100% reduce 76%
15/08/05 23:16:35 INFO mapreduce.Job:  map 100% reduce 77%
15/08/05 23:16:40 INFO mapreduce.Job:  map 100% reduce 78%
15/08/05 23:16:42 INFO mapreduce.Job:  map 100% reduce 79%
15/08/05 23:16:44 INFO mapreduce.Job:  map 100% reduce 80%
15/08/05 23:16:47 INFO mapreduce.Job:  map 100% reduce 81%
15/08/05 23:16:49 INFO mapreduce.Job:  map 100% reduce 82%
15/08/05 23:16:52 INFO mapreduce.Job:  map 100% reduce 83%
15/08/05 23:16:55 INFO mapreduce.Job:  map 100% reduce 84%
15/08/05 23:16:57 INFO mapreduce.Job:  map 100% reduce 85%
15/08/05 23:16:58 INFO mapreduce.Job:  map 100% reduce 86%
15/08/05 23:17:01 INFO mapreduce.Job:  map 100% reduce 87%
15/08/05 23:17:02 INFO mapreduce.Job:  map 100% reduce 88%
15/08/05 23:17:03 INFO mapreduce.Job:  map 100% reduce 89%
15/08/05 23:17:05 INFO mapreduce.Job:  map 100% reduce 90%
15/08/05 23:17:07 INFO mapreduce.Job:  map 100% reduce 91%
15/08/05 23:17:09 INFO mapreduce.Job:  map 100% reduce 92%
15/08/05 23:17:12 INFO mapreduce.Job:  map 100% reduce 93%
15/08/05 23:17:14 INFO mapreduce.Job:  map 100% reduce 94%
15/08/05 23:17:17 INFO mapreduce.Job:  map 100% reduce 95%
15/08/05 23:17:21 INFO mapreduce.Job:  map 100% reduce 96%
15/08/05 23:17:27 INFO mapreduce.Job:  map 100% reduce 97%
15/08/05 23:17:29 INFO mapreduce.Job:  map 100% reduce 98%
15/08/05 23:17:33 INFO mapreduce.Job:  map 100% reduce 99%
15/08/05 23:17:46 INFO mapreduce.Job:  map 100% reduce 100%
15/08/05 23:18:02 INFO mapreduce.Job: Job job_1438789174539_0055 completed successfully
15/08/05 23:18:02 INFO mapreduce.Job: Counters: 52
	File System Counters
		FILE: Number of bytes read=21073125462
		FILE: Number of bytes written=42221905822
		FILE: Number of read operations=0
		FILE: Number of large read operations=0
		FILE: Number of write operations=0
		HDFS: Number of bytes read=63658132005
		HDFS: Number of bytes written=598406528
		HDFS: Number of read operations=2031
		HDFS: Number of large read operations=0
		HDFS: Number of write operations=400
	Job Counters 
		Killed map tasks=1
		Killed reduce tasks=1
		Launched map tasks=478
		Launched reduce tasks=201
		Data-local map tasks=416
		Rack-local map tasks=62
		Total time spent by all maps in occupied slots (ms)=30530057
		Total time spent by all reduces in occupied slots (ms)=39696068
		Total time spent by all map tasks (ms)=30530057
		Total time spent by all reduce tasks (ms)=19848034
		Total vcore-seconds taken by all map tasks=30530057
		Total vcore-seconds taken by all reduce tasks=19848034
		Total megabyte-seconds taken by all map tasks=46894167552
		Total megabyte-seconds taken by all reduce tasks=60973160448
	Map-Reduce Framework
		Map input records=603240458
		Map output records=604882316
		Map output bytes=19863359630
		Map output materialized bytes=21073696662
		Input split bytes=121625
		Combine input records=0
		Combine output records=0
		Reduce input groups=604876254
		Reduce shuffle bytes=21073696662
		Reduce input records=604882316
		Reduce output records=21948801
		Spilled Records=1209764632
		Shuffled Maps =95400
		Failed Shuffles=0
		Merged Map outputs=95400
		GC time elapsed (ms)=1328608
		CPU time spent (ms)=21356250
		Physical memory (bytes) snapshot=480158777344
		Virtual memory (bytes) snapshot=1499403968512
		Total committed heap usage (bytes)=428369838080
	Shuffle Errors
		BAD_ID=0
		CONNECTION=0
		IO_ERROR=0
		WRONG_LENGTH=0
		WRONG_MAP=0
		WRONG_REDUCE=0
	File Input Format Counters 
		Bytes Read=0
	File Output Format Counters 
		Bytes Written=598406528
15/08/05 23:18:02 INFO client.RMProxy: Connecting to ResourceManager at node-10/10.22.0.10:8032
15/08/05 23:18:02 WARN mapreduce.JobSubmitter: Hadoop command-line option parsing not performed. Implement the Tool interface and execute your application with ToolRunner to remedy this.
15/08/05 23:18:02 INFO input.FileInputFormat: Total input paths to process : 200
15/08/05 23:18:02 INFO mapreduce.JobSubmitter: number of splits:200
15/08/05 23:18:02 INFO mapreduce.JobSubmitter: Submitting tokens for job: job_1438789174539_0056
15/08/05 23:18:02 INFO impl.YarnClientImpl: Submitted application application_1438789174539_0056
15/08/05 23:18:02 INFO mapreduce.Job: The url to track the job: http://node-10:8088/proxy/application_1438789174539_0056/
15/08/05 23:18:02 INFO mapreduce.Job: Running job: job_1438789174539_0056
15/08/05 23:18:24 INFO mapreduce.Job: Job job_1438789174539_0056 running in uber mode : false
15/08/05 23:18:24 INFO mapreduce.Job:  map 0% reduce 0%
15/08/05 23:18:50 INFO mapreduce.Job:  map 1% reduce 0%
15/08/05 23:18:58 INFO mapreduce.Job:  map 2% reduce 0%
15/08/05 23:18:59 INFO mapreduce.Job:  map 4% reduce 0%
15/08/05 23:19:00 INFO mapreduce.Job:  map 5% reduce 0%
15/08/05 23:19:01 INFO mapreduce.Job:  map 9% reduce 0%
15/08/05 23:19:03 INFO mapreduce.Job:  map 12% reduce 0%
15/08/05 23:19:04 INFO mapreduce.Job:  map 16% reduce 0%
15/08/05 23:19:05 INFO mapreduce.Job:  map 23% reduce 0%
15/08/05 23:19:06 INFO mapreduce.Job:  map 28% reduce 0%
15/08/05 23:19:08 INFO mapreduce.Job:  map 33% reduce 0%
15/08/05 23:19:10 INFO mapreduce.Job:  map 37% reduce 0%
15/08/05 23:19:11 INFO mapreduce.Job:  map 39% reduce 0%
15/08/05 23:19:12 INFO mapreduce.Job:  map 40% reduce 0%
15/08/05 23:19:14 INFO mapreduce.Job:  map 41% reduce 0%
15/08/05 23:19:21 INFO mapreduce.Job:  map 42% reduce 0%
15/08/05 23:19:22 INFO mapreduce.Job:  map 43% reduce 0%
15/08/05 23:19:24 INFO mapreduce.Job:  map 44% reduce 14%
15/08/05 23:19:26 INFO mapreduce.Job:  map 45% reduce 14%
15/08/05 23:19:27 INFO mapreduce.Job:  map 46% reduce 15%
15/08/05 23:19:28 INFO mapreduce.Job:  map 47% reduce 15%
15/08/05 23:19:29 INFO mapreduce.Job:  map 48% reduce 15%
15/08/05 23:19:30 INFO mapreduce.Job:  map 50% reduce 16%
15/08/05 23:19:31 INFO mapreduce.Job:  map 51% reduce 16%
15/08/05 23:19:32 INFO mapreduce.Job:  map 53% reduce 16%
15/08/05 23:19:33 INFO mapreduce.Job:  map 56% reduce 17%
15/08/05 23:19:34 INFO mapreduce.Job:  map 57% reduce 17%
15/08/05 23:19:35 INFO mapreduce.Job:  map 60% reduce 17%
15/08/05 23:19:36 INFO mapreduce.Job:  map 63% reduce 19%
15/08/05 23:19:39 INFO mapreduce.Job:  map 67% reduce 19%
15/08/05 23:19:40 INFO mapreduce.Job:  map 68% reduce 21%
15/08/05 23:19:41 INFO mapreduce.Job:  map 70% reduce 21%
15/08/05 23:19:42 INFO mapreduce.Job:  map 73% reduce 21%
15/08/05 23:19:43 INFO mapreduce.Job:  map 74% reduce 24%
15/08/05 23:19:44 INFO mapreduce.Job:  map 75% reduce 24%
15/08/05 23:19:46 INFO mapreduce.Job:  map 77% reduce 25%
15/08/05 23:19:47 INFO mapreduce.Job:  map 80% reduce 25%
15/08/05 23:19:48 INFO mapreduce.Job:  map 81% reduce 25%
15/08/05 23:19:49 INFO mapreduce.Job:  map 81% reduce 27%
15/08/05 23:19:50 INFO mapreduce.Job:  map 82% reduce 27%
15/08/05 23:19:51 INFO mapreduce.Job:  map 83% reduce 27%
15/08/05 23:19:52 INFO mapreduce.Job:  map 86% reduce 28%
15/08/05 23:19:53 INFO mapreduce.Job:  map 87% reduce 28%
15/08/05 23:19:54 INFO mapreduce.Job:  map 90% reduce 28%
15/08/05 23:19:55 INFO mapreduce.Job:  map 92% reduce 30%
15/08/05 23:19:57 INFO mapreduce.Job:  map 94% reduce 30%
15/08/05 23:19:58 INFO mapreduce.Job:  map 96% reduce 31%
15/08/05 23:20:00 INFO mapreduce.Job:  map 99% reduce 31%
15/08/05 23:20:01 INFO mapreduce.Job:  map 100% reduce 33%
15/08/05 23:20:04 INFO mapreduce.Job:  map 100% reduce 34%
15/08/05 23:20:07 INFO mapreduce.Job:  map 100% reduce 37%
15/08/05 23:20:10 INFO mapreduce.Job:  map 100% reduce 40%
15/08/05 23:20:13 INFO mapreduce.Job:  map 100% reduce 42%
15/08/05 23:20:16 INFO mapreduce.Job:  map 100% reduce 44%
15/08/05 23:20:19 INFO mapreduce.Job:  map 100% reduce 47%
15/08/05 23:20:22 INFO mapreduce.Job:  map 100% reduce 49%
15/08/05 23:20:25 INFO mapreduce.Job:  map 100% reduce 52%
15/08/05 23:20:28 INFO mapreduce.Job:  map 100% reduce 55%
15/08/05 23:20:31 INFO mapreduce.Job:  map 100% reduce 59%
15/08/05 23:20:34 INFO mapreduce.Job:  map 100% reduce 63%
15/08/05 23:20:37 INFO mapreduce.Job:  map 100% reduce 66%
15/08/05 23:20:40 INFO mapreduce.Job:  map 100% reduce 67%
15/08/05 23:20:43 INFO mapreduce.Job:  map 100% reduce 69%
15/08/05 23:20:46 INFO mapreduce.Job:  map 100% reduce 72%
15/08/05 23:20:49 INFO mapreduce.Job:  map 100% reduce 74%
15/08/05 23:20:52 INFO mapreduce.Job:  map 100% reduce 77%
15/08/05 23:20:55 INFO mapreduce.Job:  map 100% reduce 80%
15/08/05 23:20:58 INFO mapreduce.Job:  map 100% reduce 83%
15/08/05 23:21:01 INFO mapreduce.Job:  map 100% reduce 86%
15/08/05 23:21:05 INFO mapreduce.Job:  map 100% reduce 89%
15/08/05 23:21:08 INFO mapreduce.Job:  map 100% reduce 92%
15/08/05 23:21:11 INFO mapreduce.Job:  map 100% reduce 94%
15/08/05 23:21:14 INFO mapreduce.Job:  map 100% reduce 97%
15/08/05 23:21:17 INFO mapreduce.Job:  map 100% reduce 100%
15/08/05 23:21:18 INFO mapreduce.Job: Job job_1438789174539_0056 completed successfully
15/08/05 23:21:18 INFO mapreduce.Job: Counters: 51
	File System Counters
		FILE: Number of bytes read=642304136
		FILE: Number of bytes written=1306058009
		FILE: Number of read operations=0
		FILE: Number of large read operations=0
		FILE: Number of write operations=0
		HDFS: Number of bytes read=598429528
		HDFS: Number of bytes written=4860
		HDFS: Number of read operations=603
		HDFS: Number of large read operations=0
		HDFS: Number of write operations=2
	Job Counters 
		Killed map tasks=1
		Launched map tasks=201
		Launched reduce tasks=1
		Data-local map tasks=192
		Rack-local map tasks=9
		Total time spent by all maps in occupied slots (ms)=5860647
		Total time spent by all reduces in occupied slots (ms)=266108
		Total time spent by all map tasks (ms)=5860647
		Total time spent by all reduce tasks (ms)=133054
		Total vcore-seconds taken by all map tasks=5860647
		Total vcore-seconds taken by all reduce tasks=133054
		Total megabyte-seconds taken by all map tasks=9001953792
		Total megabyte-seconds taken by all reduce tasks=408741888
	Map-Reduce Framework
		Map input records=21948801
		Map output records=21948801
		Map output bytes=598406528
		Map output materialized bytes=642305330
		Input split bytes=23000
		Combine input records=0
		Combine output records=0
		Reduce input groups=150
		Reduce shuffle bytes=642305330
		Reduce input records=21948801
		Reduce output records=150
		Spilled Records=43897602
		Shuffled Maps =200
		Failed Shuffles=0
		Merged Map outputs=200
		GC time elapsed (ms)=110978
		CPU time spent (ms)=825990
		Physical memory (bytes) snapshot=54956052480
		Virtual memory (bytes) snapshot=366530875392
		Total committed heap usage (bytes)=60959162368
	Shuffle Errors
		BAD_ID=0
		CONNECTION=0
		IO_ERROR=0
		WRONG_LENGTH=0
		WRONG_MAP=0
		WRONG_REDUCE=0
	File Input Format Counters 
		Bytes Read=598406528
	File Output Format Counters 
		Bytes Written=4860
15/08/05 23:21:18 INFO client.RMProxy: Connecting to ResourceManager at node-10/10.22.0.10:8032
15/08/05 23:21:18 WARN mapreduce.JobSubmitter: Hadoop command-line option parsing not performed. Implement the Tool interface and execute your application with ToolRunner to remedy this.
15/08/05 23:21:18 INFO input.FileInputFormat: Total input paths to process : 1
15/08/05 23:21:18 INFO mapreduce.JobSubmitter: number of splits:1
15/08/05 23:21:18 INFO mapreduce.JobSubmitter: Submitting tokens for job: job_1438789174539_0057
15/08/05 23:21:18 INFO impl.YarnClientImpl: Submitted application application_1438789174539_0057
15/08/05 23:21:18 INFO mapreduce.Job: The url to track the job: http://node-10:8088/proxy/application_1438789174539_0057/
15/08/05 23:21:18 INFO mapreduce.Job: Running job: job_1438789174539_0057
15/08/05 23:21:40 INFO mapreduce.Job: Job job_1438789174539_0057 running in uber mode : false
15/08/05 23:21:40 INFO mapreduce.Job:  map 0% reduce 0%
15/08/05 23:21:56 INFO mapreduce.Job:  map 100% reduce 0%
15/08/05 23:22:14 INFO mapreduce.Job:  map 100% reduce 100%
15/08/05 23:22:14 INFO mapreduce.Job: Job job_1438789174539_0057 completed successfully
15/08/05 23:22:14 INFO mapreduce.Job: Counters: 49
	File System Counters
		FILE: Number of bytes read=5316
		FILE: Number of bytes written=225381
		FILE: Number of read operations=0
		FILE: Number of large read operations=0
		FILE: Number of write operations=0
		HDFS: Number of bytes read=4975
		HDFS: Number of bytes written=4860
		HDFS: Number of read operations=6
		HDFS: Number of large read operations=0
		HDFS: Number of write operations=2
	Job Counters 
		Launched map tasks=1
		Launched reduce tasks=1
		Rack-local map tasks=1
		Total time spent by all maps in occupied slots (ms)=14448
		Total time spent by all reduces in occupied slots (ms)=31434
		Total time spent by all map tasks (ms)=14448
		Total time spent by all reduce tasks (ms)=15717
		Total vcore-seconds taken by all map tasks=14448
		Total vcore-seconds taken by all reduce tasks=15717
		Total megabyte-seconds taken by all map tasks=22192128
		Total megabyte-seconds taken by all reduce tasks=48282624
	Map-Reduce Framework
		Map input records=150
		Map output records=150
		Map output bytes=5010
		Map output materialized bytes=5316
		Input split bytes=115
		Combine input records=0
		Combine output records=0
		Reduce input groups=1
		Reduce shuffle bytes=5316
		Reduce input records=150
		Reduce output records=150
		Spilled Records=300
		Shuffled Maps =1
		Failed Shuffles=0
		Merged Map outputs=1
		GC time elapsed (ms)=78
		CPU time spent (ms)=2500
		Physical memory (bytes) snapshot=409145344
		Virtual memory (bytes) snapshot=4999151616
		Total committed heap usage (bytes)=405209088
	Shuffle Errors
		BAD_ID=0
		CONNECTION=0
		IO_ERROR=0
		WRONG_LENGTH=0
		WRONG_MAP=0
		WRONG_REDUCE=0
	File Input Format Counters 
		Bytes Read=4860
	File Output Format Counters 
		Bytes Written=4860
Tempo(ms) job1 - junção: 1031238
Tempo(ms) job2 - group by: 195879
Tempo(ms) job3 - order by: 56260
Tempo total(ms): 1283377
